TCP Ping trying to connect to server webdev.disi.unige.it (130.251.61.30) on port 1491
 ... connected to Pong server: asking for 151 repetitions of 64 bytes TCP messages
 ... Pong server agreed :-)
tcp_ping received 64 bytes back
Round trip time was 30.3967 milliseconds in repetition 1/151
tcp_ping received 64 bytes back
Round trip time was 27.6543 milliseconds in repetition 2/151
tcp_ping received 64 bytes back
Round trip time was 27.5027 milliseconds in repetition 3/151
tcp_ping received 64 bytes back
Round trip time was 27.79 milliseconds in repetition 4/151
tcp_ping received 64 bytes back
Round trip time was 27.616 milliseconds in repetition 5/151
tcp_ping received 64 bytes back
Round trip time was 27.5688 milliseconds in repetition 6/151
tcp_ping received 64 bytes back
Round trip time was 27.4182 milliseconds in repetition 7/151
tcp_ping received 64 bytes back
Round trip time was 27.4956 milliseconds in repetition 8/151
tcp_ping received 64 bytes back
Round trip time was 27.7297 milliseconds in repetition 9/151
tcp_ping received 64 bytes back
Round trip time was 27.5083 milliseconds in repetition 10/151
tcp_ping received 64 bytes back
Round trip time was 27.5879 milliseconds in repetition 11/151
tcp_ping received 64 bytes back
Round trip time was 27.1646 milliseconds in repetition 12/151
tcp_ping received 64 bytes back
Round trip time was 27.4922 milliseconds in repetition 13/151
tcp_ping received 64 bytes back
Round trip time was 27.8074 milliseconds in repetition 14/151
tcp_ping received 64 bytes back
Round trip time was 27.8308 milliseconds in repetition 15/151
tcp_ping received 64 bytes back
Round trip time was 28.0042 milliseconds in repetition 16/151
tcp_ping received 64 bytes back
Round trip time was 27.4932 milliseconds in repetition 17/151
tcp_ping received 64 bytes back
Round trip time was 27.4795 milliseconds in repetition 18/151
tcp_ping received 64 bytes back
Round trip time was 27.2463 milliseconds in repetition 19/151
tcp_ping received 64 bytes back
Round trip time was 27.7698 milliseconds in repetition 20/151
tcp_ping received 64 bytes back
Round trip time was 27.7427 milliseconds in repetition 21/151
tcp_ping received 64 bytes back
Round trip time was 27.4912 milliseconds in repetition 22/151
tcp_ping received 64 bytes back
Round trip time was 27.4912 milliseconds in repetition 23/151
tcp_ping received 64 bytes back
Round trip time was 27.2168 milliseconds in repetition 24/151
tcp_ping received 64 bytes back
Round trip time was 27.2021 milliseconds in repetition 25/151
tcp_ping received 64 bytes back
Round trip time was 27.4795 milliseconds in repetition 26/151
tcp_ping received 64 bytes back
Round trip time was 27.5469 milliseconds in repetition 27/151
tcp_ping received 64 bytes back
Round trip time was 27.7566 milliseconds in repetition 28/151
tcp_ping received 64 bytes back
Round trip time was 28.23 milliseconds in repetition 29/151
tcp_ping received 64 bytes back
Round trip time was 27.7891 milliseconds in repetition 30/151
tcp_ping received 64 bytes back
Round trip time was 27.459 milliseconds in repetition 31/151
tcp_ping received 64 bytes back
Round trip time was 27.748 milliseconds in repetition 32/151
tcp_ping received 64 bytes back
Round trip time was 27.2209 milliseconds in repetition 33/151
tcp_ping received 64 bytes back
Round trip time was 27.1614 milliseconds in repetition 34/151
tcp_ping received 64 bytes back
Round trip time was 26.8745 milliseconds in repetition 35/151
tcp_ping received 64 bytes back
Round trip time was 26.3857 milliseconds in repetition 36/151
tcp_ping received 64 bytes back
Round trip time was 27.2971 milliseconds in repetition 37/151
tcp_ping received 64 bytes back
Round trip time was 26.376 milliseconds in repetition 38/151
tcp_ping received 64 bytes back
Round trip time was 26.6323 milliseconds in repetition 39/151
tcp_ping received 64 bytes back
Round trip time was 26.4097 milliseconds in repetition 40/151
tcp_ping received 64 bytes back
Round trip time was 26.7446 milliseconds in repetition 41/151
tcp_ping received 64 bytes back
Round trip time was 26.4561 milliseconds in repetition 42/151
tcp_ping received 64 bytes back
Round trip time was 26.3462 milliseconds in repetition 43/151
tcp_ping received 64 bytes back
Round trip time was 26.9709 milliseconds in repetition 44/151
tcp_ping received 64 bytes back
Round trip time was 26.5796 milliseconds in repetition 45/151
tcp_ping received 64 bytes back
Round trip time was 26.5757 milliseconds in repetition 46/151
tcp_ping received 64 bytes back
Round trip time was 26.4421 milliseconds in repetition 47/151
tcp_ping received 64 bytes back
Round trip time was 27.0332 milliseconds in repetition 48/151
tcp_ping received 64 bytes back
Round trip time was 26.6072 milliseconds in repetition 49/151
tcp_ping received 64 bytes back
Round trip time was 26.772 milliseconds in repetition 50/151
tcp_ping received 64 bytes back
Round trip time was 26.3618 milliseconds in repetition 51/151
tcp_ping received 64 bytes back
Round trip time was 26.3235 milliseconds in repetition 52/151
tcp_ping received 64 bytes back
Round trip time was 26.9761 milliseconds in repetition 53/151
tcp_ping received 64 bytes back
Round trip time was 26.2456 milliseconds in repetition 54/151
tcp_ping received 64 bytes back
Round trip time was 26.2107 milliseconds in repetition 55/151
tcp_ping received 64 bytes back
Round trip time was 26.1938 milliseconds in repetition 56/151
tcp_ping received 64 bytes back
Round trip time was 26.5854 milliseconds in repetition 57/151
tcp_ping received 64 bytes back
Round trip time was 26.4407 milliseconds in repetition 58/151
tcp_ping received 64 bytes back
Round trip time was 26.6575 milliseconds in repetition 59/151
tcp_ping received 64 bytes back
Round trip time was 26.5654 milliseconds in repetition 60/151
tcp_ping received 64 bytes back
Round trip time was 26.4705 milliseconds in repetition 61/151
tcp_ping received 64 bytes back
Round trip time was 26.4897 milliseconds in repetition 62/151
tcp_ping received 64 bytes back
Round trip time was 26.6973 milliseconds in repetition 63/151
tcp_ping received 64 bytes back
Round trip time was 26.5684 milliseconds in repetition 64/151
tcp_ping received 64 bytes back
Round trip time was 26.4429 milliseconds in repetition 65/151
tcp_ping received 64 bytes back
Round trip time was 26.4531 milliseconds in repetition 66/151
tcp_ping received 64 bytes back
Round trip time was 26.8135 milliseconds in repetition 67/151
tcp_ping received 64 bytes back
Round trip time was 26.6755 milliseconds in repetition 68/151
tcp_ping received 64 bytes back
Round trip time was 26.4795 milliseconds in repetition 69/151
tcp_ping received 64 bytes back
Round trip time was 26.7888 milliseconds in repetition 70/151
tcp_ping received 64 bytes back
Round trip time was 26.7239 milliseconds in repetition 71/151
tcp_ping received 64 bytes back
Round trip time was 26.4485 milliseconds in repetition 72/151
tcp_ping received 64 bytes back
Round trip time was 26.7854 milliseconds in repetition 73/151
tcp_ping received 64 bytes back
Round trip time was 26.1841 milliseconds in repetition 74/151
tcp_ping received 64 bytes back
Round trip time was 26.4329 milliseconds in repetition 75/151
tcp_ping received 64 bytes back
Round trip time was 27.6013 milliseconds in repetition 76/151
tcp_ping received 64 bytes back
Round trip time was 26.5254 milliseconds in repetition 77/151
tcp_ping received 64 bytes back
Round trip time was 26.8284 milliseconds in repetition 78/151
tcp_ping received 64 bytes back
Round trip time was 27.0442 milliseconds in repetition 79/151
tcp_ping received 64 bytes back
Round trip time was 26.2808 milliseconds in repetition 80/151
tcp_ping received 64 bytes back
Round trip time was 26.4131 milliseconds in repetition 81/151
tcp_ping received 64 bytes back
Round trip time was 26.3481 milliseconds in repetition 82/151
tcp_ping received 64 bytes back
Round trip time was 26.5195 milliseconds in repetition 83/151
tcp_ping received 64 bytes back
Round trip time was 26.5154 milliseconds in repetition 84/151
tcp_ping received 64 bytes back
Round trip time was 26.5293 milliseconds in repetition 85/151
tcp_ping received 64 bytes back
Round trip time was 26.5667 milliseconds in repetition 86/151
tcp_ping received 64 bytes back
Round trip time was 26.4612 milliseconds in repetition 87/151
tcp_ping received 64 bytes back
Round trip time was 26.1641 milliseconds in repetition 88/151
tcp_ping received 64 bytes back
Round trip time was 26.5386 milliseconds in repetition 89/151
tcp_ping received 64 bytes back
Round trip time was 26.7805 milliseconds in repetition 90/151
tcp_ping received 64 bytes back
Round trip time was 26.4824 milliseconds in repetition 91/151
tcp_ping received 64 bytes back
Round trip time was 26.7244 milliseconds in repetition 92/151
tcp_ping received 64 bytes back
Round trip time was 26.5212 milliseconds in repetition 93/151
tcp_ping received 64 bytes back
Round trip time was 26.7156 milliseconds in repetition 94/151
tcp_ping received 64 bytes back
Round trip time was 27.0112 milliseconds in repetition 95/151
tcp_ping received 64 bytes back
Round trip time was 26.4177 milliseconds in repetition 96/151
tcp_ping received 64 bytes back
Round trip time was 26.5083 milliseconds in repetition 97/151
tcp_ping received 64 bytes back
Round trip time was 26.5115 milliseconds in repetition 98/151
tcp_ping received 64 bytes back
Round trip time was 26.469 milliseconds in repetition 99/151
tcp_ping received 64 bytes back
Round trip time was 26.3855 milliseconds in repetition 100/151
tcp_ping received 64 bytes back
Round trip time was 26.6479 milliseconds in repetition 101/151
tcp_ping received 64 bytes back
Round trip time was 26.8472 milliseconds in repetition 102/151
tcp_ping received 64 bytes back
Round trip time was 26.6235 milliseconds in repetition 103/151
tcp_ping received 64 bytes back
Round trip time was 26.7231 milliseconds in repetition 104/151
tcp_ping received 64 bytes back
Round trip time was 26.7202 milliseconds in repetition 105/151
tcp_ping received 64 bytes back
Round trip time was 26.7239 milliseconds in repetition 106/151
tcp_ping received 64 bytes back
Round trip time was 26.4556 milliseconds in repetition 107/151
tcp_ping received 64 bytes back
Round trip time was 26.5044 milliseconds in repetition 108/151
tcp_ping received 64 bytes back
Round trip time was 26.447 milliseconds in repetition 109/151
tcp_ping received 64 bytes back
Round trip time was 27.0051 milliseconds in repetition 110/151
tcp_ping received 64 bytes back
Round trip time was 26.4167 milliseconds in repetition 111/151
tcp_ping received 64 bytes back
Round trip time was 26.4802 milliseconds in repetition 112/151
tcp_ping received 64 bytes back
Round trip time was 26.3044 milliseconds in repetition 113/151
tcp_ping received 64 bytes back
Round trip time was 26.3887 milliseconds in repetition 114/151
tcp_ping received 64 bytes back
Round trip time was 26.4084 milliseconds in repetition 115/151
tcp_ping received 64 bytes back
Round trip time was 26.584 milliseconds in repetition 116/151
tcp_ping received 64 bytes back
Round trip time was 26.4106 milliseconds in repetition 117/151
tcp_ping received 64 bytes back
Round trip time was 28.2393 milliseconds in repetition 118/151
tcp_ping received 64 bytes back
Round trip time was 28.415 milliseconds in repetition 119/151
tcp_ping received 64 bytes back
Round trip time was 26.541 milliseconds in repetition 120/151
tcp_ping received 64 bytes back
Round trip time was 26.5261 milliseconds in repetition 121/151
tcp_ping received 64 bytes back
Round trip time was 26.5955 milliseconds in repetition 122/151
tcp_ping received 64 bytes back
Round trip time was 26.6077 milliseconds in repetition 123/151
tcp_ping received 64 bytes back
Round trip time was 26.4983 milliseconds in repetition 124/151
tcp_ping received 64 bytes back
Round trip time was 26.2595 milliseconds in repetition 125/151
tcp_ping received 64 bytes back
Round trip time was 26.231 milliseconds in repetition 126/151
tcp_ping received 64 bytes back
Round trip time was 26.5339 milliseconds in repetition 127/151
tcp_ping received 64 bytes back
Round trip time was 26.666 milliseconds in repetition 128/151
tcp_ping received 64 bytes back
Round trip time was 26.2908 milliseconds in repetition 129/151
tcp_ping received 64 bytes back
Round trip time was 26.3315 milliseconds in repetition 130/151
tcp_ping received 64 bytes back
Round trip time was 26.5283 milliseconds in repetition 131/151
tcp_ping received 64 bytes back
Round trip time was 26.7339 milliseconds in repetition 132/151
tcp_ping received 64 bytes back
Round trip time was 26.7231 milliseconds in repetition 133/151
tcp_ping received 64 bytes back
Round trip time was 27.0188 milliseconds in repetition 134/151
tcp_ping received 64 bytes back
Round trip time was 26.7795 milliseconds in repetition 135/151
tcp_ping received 64 bytes back
Round trip time was 26.4404 milliseconds in repetition 136/151
tcp_ping received 64 bytes back
Round trip time was 26.4731 milliseconds in repetition 137/151
tcp_ping received 64 bytes back
Round trip time was 26.6775 milliseconds in repetition 138/151
tcp_ping received 64 bytes back
Round trip time was 27.0166 milliseconds in repetition 139/151
tcp_ping received 64 bytes back
Round trip time was 26.6382 milliseconds in repetition 140/151
tcp_ping received 64 bytes back
Round trip time was 26.0396 milliseconds in repetition 141/151
tcp_ping received 64 bytes back
Round trip time was 26.5522 milliseconds in repetition 142/151
tcp_ping received 64 bytes back
Round trip time was 27.0518 milliseconds in repetition 143/151
tcp_ping received 64 bytes back
Round trip time was 26.6292 milliseconds in repetition 144/151
tcp_ping received 64 bytes back
Round trip time was 26.5146 milliseconds in repetition 145/151
tcp_ping received 64 bytes back
Round trip time was 28.3098 milliseconds in repetition 146/151
tcp_ping received 64 bytes back
Round trip time was 26.4573 milliseconds in repetition 147/151
tcp_ping received 64 bytes back
Round trip time was 26.4238 milliseconds in repetition 148/151
tcp_ping received 64 bytes back
Round trip time was 26.458 milliseconds in repetition 149/151
tcp_ping received 64 bytes back
Round trip time was 26.4226 milliseconds in repetition 150/151
tcp_ping received 64 bytes back
Round trip time was 26.6489 milliseconds in repetition 151/151

 ... clock resolution was 1e-06
TCP Ping:  Statistics over 151 repetitions of 64 byte messages

RTT : percentile 10: 26.3618, median: 26.6292, percentile 90: 27.6543, average: 26.8506, variance: 0.35442

RTT histogram:
26.039549 1
26.257409 15
26.475268 54
26.693126 29
26.910985 10
27.128844 8
27.346703 3
27.564562 16
27.782421 9
28.000280 1
28.218139 3
28.435998 1
28.653857 0
28.871716 0
29.089575 0
29.307434 0
29.525293 0
29.743152 0
29.961011 0
30.178870 0
30.396729 1
   median Throughput : 4.80676 KB/s   overall Throughput : 4.76712 KB/s

