TCP Ping trying to connect to server webdev.disi.unige.it (130.251.61.30) on port 1491
 ... connected to Pong server: asking for 151 repetitions of 384 bytes TCP messages
 ... Pong server agreed :-)
tcp_ping received 384 bytes back
Round trip time was 32.6328 milliseconds in repetition 1/151
tcp_ping received 384 bytes back
Round trip time was 27.9502 milliseconds in repetition 2/151
tcp_ping received 384 bytes back
Round trip time was 27.4224 milliseconds in repetition 3/151
tcp_ping received 384 bytes back
Round trip time was 28.1177 milliseconds in repetition 4/151
tcp_ping received 384 bytes back
Round trip time was 27.9917 milliseconds in repetition 5/151
tcp_ping received 384 bytes back
Round trip time was 27.6472 milliseconds in repetition 6/151
tcp_ping received 384 bytes back
Round trip time was 28.0955 milliseconds in repetition 7/151
tcp_ping received 384 bytes back
Round trip time was 27.9219 milliseconds in repetition 8/151
tcp_ping received 384 bytes back
Round trip time was 27.7502 milliseconds in repetition 9/151
tcp_ping received 384 bytes back
Round trip time was 28.1167 milliseconds in repetition 10/151
tcp_ping received 384 bytes back
Round trip time was 27.8623 milliseconds in repetition 11/151
tcp_ping received 384 bytes back
Round trip time was 27.6702 milliseconds in repetition 12/151
tcp_ping received 384 bytes back
Round trip time was 27.9438 milliseconds in repetition 13/151
tcp_ping received 384 bytes back
Round trip time was 28.0833 milliseconds in repetition 14/151
tcp_ping received 384 bytes back
Round trip time was 27.9165 milliseconds in repetition 15/151
tcp_ping received 384 bytes back
Round trip time was 27.6477 milliseconds in repetition 16/151
tcp_ping received 384 bytes back
Round trip time was 28.1125 milliseconds in repetition 17/151
tcp_ping received 384 bytes back
Round trip time was 27.906 milliseconds in repetition 18/151
tcp_ping received 384 bytes back
Round trip time was 27.7725 milliseconds in repetition 19/151
tcp_ping received 384 bytes back
Round trip time was 27.853 milliseconds in repetition 20/151
tcp_ping received 384 bytes back
Round trip time was 28.0664 milliseconds in repetition 21/151
tcp_ping received 384 bytes back
Round trip time was 27.939 milliseconds in repetition 22/151
tcp_ping received 384 bytes back
Round trip time was 28.0088 milliseconds in repetition 23/151
tcp_ping received 384 bytes back
Round trip time was 28.6069 milliseconds in repetition 24/151
tcp_ping received 384 bytes back
Round trip time was 28.3264 milliseconds in repetition 25/151
tcp_ping received 384 bytes back
Round trip time was 28.1223 milliseconds in repetition 26/151
tcp_ping received 384 bytes back
Round trip time was 27.825 milliseconds in repetition 27/151
tcp_ping received 384 bytes back
Round trip time was 27.6428 milliseconds in repetition 28/151
tcp_ping received 384 bytes back
Round trip time was 27.6711 milliseconds in repetition 29/151
tcp_ping received 384 bytes back
Round trip time was 28.511 milliseconds in repetition 30/151
tcp_ping received 384 bytes back
Round trip time was 27.8452 milliseconds in repetition 31/151
tcp_ping received 384 bytes back
Round trip time was 27.7131 milliseconds in repetition 32/151
tcp_ping received 384 bytes back
Round trip time was 27.8123 milliseconds in repetition 33/151
tcp_ping received 384 bytes back
Round trip time was 27.2085 milliseconds in repetition 34/151
tcp_ping received 384 bytes back
Round trip time was 26.7595 milliseconds in repetition 35/151
tcp_ping received 384 bytes back
Round trip time was 26.6897 milliseconds in repetition 36/151
tcp_ping received 384 bytes back
Round trip time was 27.3435 milliseconds in repetition 37/151
tcp_ping received 384 bytes back
Round trip time was 26.605 milliseconds in repetition 38/151
tcp_ping received 384 bytes back
Round trip time was 29.3276 milliseconds in repetition 39/151
tcp_ping received 384 bytes back
Round trip time was 26.2861 milliseconds in repetition 40/151
tcp_ping received 384 bytes back
Round trip time was 26.5706 milliseconds in repetition 41/151
tcp_ping received 384 bytes back
Round trip time was 26.9194 milliseconds in repetition 42/151
tcp_ping received 384 bytes back
Round trip time was 26.824 milliseconds in repetition 43/151
tcp_ping received 384 bytes back
Round trip time was 26.3989 milliseconds in repetition 44/151
tcp_ping received 384 bytes back
Round trip time was 26.6389 milliseconds in repetition 45/151
tcp_ping received 384 bytes back
Round trip time was 26.426 milliseconds in repetition 46/151
tcp_ping received 384 bytes back
Round trip time was 26.5615 milliseconds in repetition 47/151
tcp_ping received 384 bytes back
Round trip time was 26.5723 milliseconds in repetition 48/151
tcp_ping received 384 bytes back
Round trip time was 26.6895 milliseconds in repetition 49/151
tcp_ping received 384 bytes back
Round trip time was 26.5164 milliseconds in repetition 50/151
tcp_ping received 384 bytes back
Round trip time was 26.5562 milliseconds in repetition 51/151
tcp_ping received 384 bytes back
Round trip time was 26.8591 milliseconds in repetition 52/151
tcp_ping received 384 bytes back
Round trip time was 26.5806 milliseconds in repetition 53/151
tcp_ping received 384 bytes back
Round trip time was 26.7107 milliseconds in repetition 54/151
tcp_ping received 384 bytes back
Round trip time was 26.7832 milliseconds in repetition 55/151
tcp_ping received 384 bytes back
Round trip time was 27.2856 milliseconds in repetition 56/151
tcp_ping received 384 bytes back
Round trip time was 26.6519 milliseconds in repetition 57/151
tcp_ping received 384 bytes back
Round trip time was 26.5093 milliseconds in repetition 58/151
tcp_ping received 384 bytes back
Round trip time was 26.4919 milliseconds in repetition 59/151
tcp_ping received 384 bytes back
Round trip time was 27.8083 milliseconds in repetition 60/151
tcp_ping received 384 bytes back
Round trip time was 26.5803 milliseconds in repetition 61/151
tcp_ping received 384 bytes back
Round trip time was 26.4285 milliseconds in repetition 62/151
tcp_ping received 384 bytes back
Round trip time was 26.5154 milliseconds in repetition 63/151
tcp_ping received 384 bytes back
Round trip time was 26.9907 milliseconds in repetition 64/151
tcp_ping received 384 bytes back
Round trip time was 26.4888 milliseconds in repetition 65/151
tcp_ping received 384 bytes back
Round trip time was 26.2634 milliseconds in repetition 66/151
tcp_ping received 384 bytes back
Round trip time was 26.699 milliseconds in repetition 67/151
tcp_ping received 384 bytes back
Round trip time was 26.7437 milliseconds in repetition 68/151
tcp_ping received 384 bytes back
Round trip time was 26.655 milliseconds in repetition 69/151
tcp_ping received 384 bytes back
Round trip time was 26.8235 milliseconds in repetition 70/151
tcp_ping received 384 bytes back
Round trip time was 26.7754 milliseconds in repetition 71/151
tcp_ping received 384 bytes back
Round trip time was 26.6711 milliseconds in repetition 72/151
tcp_ping received 384 bytes back
Round trip time was 26.5469 milliseconds in repetition 73/151
tcp_ping received 384 bytes back
Round trip time was 26.4639 milliseconds in repetition 74/151
tcp_ping received 384 bytes back
Round trip time was 26.8833 milliseconds in repetition 75/151
tcp_ping received 384 bytes back
Round trip time was 26.6597 milliseconds in repetition 76/151
tcp_ping received 384 bytes back
Round trip time was 26.9111 milliseconds in repetition 77/151
tcp_ping received 384 bytes back
Round trip time was 26.5718 milliseconds in repetition 78/151
tcp_ping received 384 bytes back
Round trip time was 26.4392 milliseconds in repetition 79/151
tcp_ping received 384 bytes back
Round trip time was 26.4233 milliseconds in repetition 80/151
tcp_ping received 384 bytes back
Round trip time was 26.8962 milliseconds in repetition 81/151
tcp_ping received 384 bytes back
Round trip time was 26.5974 milliseconds in repetition 82/151
tcp_ping received 384 bytes back
Round trip time was 26.8552 milliseconds in repetition 83/151
tcp_ping received 384 bytes back
Round trip time was 26.4084 milliseconds in repetition 84/151
tcp_ping received 384 bytes back
Round trip time was 26.4053 milliseconds in repetition 85/151
tcp_ping received 384 bytes back
Round trip time was 26.6318 milliseconds in repetition 86/151
tcp_ping received 384 bytes back
Round trip time was 26.8574 milliseconds in repetition 87/151
tcp_ping received 384 bytes back
Round trip time was 26.9248 milliseconds in repetition 88/151
tcp_ping received 384 bytes back
Round trip time was 27.2395 milliseconds in repetition 89/151
tcp_ping received 384 bytes back
Round trip time was 26.4336 milliseconds in repetition 90/151
tcp_ping received 384 bytes back
Round trip time was 26.8381 milliseconds in repetition 91/151
tcp_ping received 384 bytes back
Round trip time was 26.6238 milliseconds in repetition 92/151
tcp_ping received 384 bytes back
Round trip time was 26.7861 milliseconds in repetition 93/151
tcp_ping received 384 bytes back
Round trip time was 27.0112 milliseconds in repetition 94/151
tcp_ping received 384 bytes back
Round trip time was 26.6868 milliseconds in repetition 95/151
tcp_ping received 384 bytes back
Round trip time was 26.7085 milliseconds in repetition 96/151
tcp_ping received 384 bytes back
Round trip time was 26.9895 milliseconds in repetition 97/151
tcp_ping received 384 bytes back
Round trip time was 27.0789 milliseconds in repetition 98/151
tcp_ping received 384 bytes back
Round trip time was 26.655 milliseconds in repetition 99/151
tcp_ping received 384 bytes back
Round trip time was 26.6787 milliseconds in repetition 100/151
tcp_ping received 384 bytes back
Round trip time was 27.3228 milliseconds in repetition 101/151
tcp_ping received 384 bytes back
Round trip time was 26.7292 milliseconds in repetition 102/151
tcp_ping received 384 bytes back
Round trip time was 27.9443 milliseconds in repetition 103/151
tcp_ping received 384 bytes back
Round trip time was 26.3835 milliseconds in repetition 104/151
tcp_ping received 384 bytes back
Round trip time was 26.3132 milliseconds in repetition 105/151
tcp_ping received 384 bytes back
Round trip time was 26.9192 milliseconds in repetition 106/151
tcp_ping received 384 bytes back
Round trip time was 26.8188 milliseconds in repetition 107/151
tcp_ping received 384 bytes back
Round trip time was 26.7468 milliseconds in repetition 108/151
tcp_ping received 384 bytes back
Round trip time was 26.4482 milliseconds in repetition 109/151
tcp_ping received 384 bytes back
Round trip time was 26.52 milliseconds in repetition 110/151
tcp_ping received 384 bytes back
Round trip time was 26.427 milliseconds in repetition 111/151
tcp_ping received 384 bytes back
Round trip time was 26.4651 milliseconds in repetition 112/151
tcp_ping received 384 bytes back
Round trip time was 27.3721 milliseconds in repetition 113/151
tcp_ping received 384 bytes back
Round trip time was 26.2449 milliseconds in repetition 114/151
tcp_ping received 384 bytes back
Round trip time was 26.7151 milliseconds in repetition 115/151
tcp_ping received 384 bytes back
Round trip time was 26.4062 milliseconds in repetition 116/151
tcp_ping received 384 bytes back
Round trip time was 27.0254 milliseconds in repetition 117/151
tcp_ping received 384 bytes back
Round trip time was 26.6929 milliseconds in repetition 118/151
tcp_ping received 384 bytes back
Round trip time was 26.7573 milliseconds in repetition 119/151
tcp_ping received 384 bytes back
Round trip time was 27.2634 milliseconds in repetition 120/151
tcp_ping received 384 bytes back
Round trip time was 27.3574 milliseconds in repetition 121/151
tcp_ping received 384 bytes back
Round trip time was 26.6094 milliseconds in repetition 122/151
tcp_ping received 384 bytes back
Round trip time was 26.6895 milliseconds in repetition 123/151
tcp_ping received 384 bytes back
Round trip time was 27.0007 milliseconds in repetition 124/151
tcp_ping received 384 bytes back
Round trip time was 26.6714 milliseconds in repetition 125/151
tcp_ping received 384 bytes back
Round trip time was 26.4746 milliseconds in repetition 126/151
tcp_ping received 384 bytes back
Round trip time was 26.6477 milliseconds in repetition 127/151
tcp_ping received 384 bytes back
Round trip time was 26.3813 milliseconds in repetition 128/151
tcp_ping received 384 bytes back
Round trip time was 26.7856 milliseconds in repetition 129/151
tcp_ping received 384 bytes back
Round trip time was 26.4768 milliseconds in repetition 130/151
tcp_ping received 384 bytes back
Round trip time was 26.5312 milliseconds in repetition 131/151
tcp_ping received 384 bytes back
Round trip time was 26.7002 milliseconds in repetition 132/151
tcp_ping received 384 bytes back
Round trip time was 26.7056 milliseconds in repetition 133/151
tcp_ping received 384 bytes back
Round trip time was 44.5215 milliseconds in repetition 134/151
tcp_ping received 384 bytes back
Round trip time was 26.8005 milliseconds in repetition 135/151
tcp_ping received 384 bytes back
Round trip time was 33.969 milliseconds in repetition 136/151
tcp_ping received 384 bytes back
Round trip time was 26.853 milliseconds in repetition 137/151
tcp_ping received 384 bytes back
Round trip time was 26.6177 milliseconds in repetition 138/151
tcp_ping received 384 bytes back
Round trip time was 26.6982 milliseconds in repetition 139/151
tcp_ping received 384 bytes back
Round trip time was 26.8162 milliseconds in repetition 140/151
tcp_ping received 384 bytes back
Round trip time was 26.9939 milliseconds in repetition 141/151
tcp_ping received 384 bytes back
Round trip time was 26.9182 milliseconds in repetition 142/151
tcp_ping received 384 bytes back
Round trip time was 26.6292 milliseconds in repetition 143/151
tcp_ping received 384 bytes back
Round trip time was 26.439 milliseconds in repetition 144/151
tcp_ping received 384 bytes back
Round trip time was 26.6021 milliseconds in repetition 145/151
tcp_ping received 384 bytes back
Round trip time was 26.7974 milliseconds in repetition 146/151
tcp_ping received 384 bytes back
Round trip time was 27.4644 milliseconds in repetition 147/151
tcp_ping received 384 bytes back
Round trip time was 26.7078 milliseconds in repetition 148/151
tcp_ping received 384 bytes back
Round trip time was 26.8713 milliseconds in repetition 149/151
tcp_ping received 384 bytes back
Round trip time was 26.5212 milliseconds in repetition 150/151
tcp_ping received 384 bytes back
Round trip time was 26.5732 milliseconds in repetition 151/151

 ... clock resolution was 1e-06
TCP Ping:  Statistics over 151 repetitions of 384 byte messages

RTT : percentile 10: 26.439, median: 26.7832, percentile 90: 27.9917, average: 27.207, variance: 2.89643

RTT histogram:
26.244872 64
27.158703 50
28.072534 32
28.986364 2
29.900195 0
30.814025 0
31.727856 0
32.641687 1
33.555517 1
34.469348 0
35.383178 0
36.297009 0
37.210840 0
38.124670 0
39.038501 0
39.952331 0
40.866162 0
41.779993 0
42.693823 0
43.607654 0
44.521484 1
   median Throughput : 28.6747 KB/s   overall Throughput : 28.228 KB/s

