TCP Ping trying to connect to server webdev.disi.unige.it (130.251.61.30) on port 1491
 ... connected to Pong server: asking for 151 repetitions of 12288 bytes TCP messages
 ... Pong server agreed :-)
tcp_ping received 12288 bytes back
Round trip time was 56.3982 milliseconds in repetition 1/151
tcp_ping received 12288 bytes back
Round trip time was 41.8899 milliseconds in repetition 2/151
tcp_ping received 12288 bytes back
Round trip time was 41.4768 milliseconds in repetition 3/151
tcp_ping received 12288 bytes back
Round trip time was 35.3616 milliseconds in repetition 4/151
tcp_ping received 12288 bytes back
Round trip time was 34.4314 milliseconds in repetition 5/151
tcp_ping received 12288 bytes back
Round trip time was 34.2046 milliseconds in repetition 6/151
tcp_ping received 12288 bytes back
Round trip time was 34.0195 milliseconds in repetition 7/151
tcp_ping received 12288 bytes back
Round trip time was 34.2339 milliseconds in repetition 8/151
tcp_ping received 12288 bytes back
Round trip time was 34.1919 milliseconds in repetition 9/151
tcp_ping received 12288 bytes back
Round trip time was 34.2854 milliseconds in repetition 10/151
tcp_ping received 12288 bytes back
Round trip time was 34.187 milliseconds in repetition 11/151
tcp_ping received 12288 bytes back
Round trip time was 34.2952 milliseconds in repetition 12/151
tcp_ping received 12288 bytes back
Round trip time was 34.5269 milliseconds in repetition 13/151
tcp_ping received 12288 bytes back
Round trip time was 33.8813 milliseconds in repetition 14/151
tcp_ping received 12288 bytes back
Round trip time was 34.1753 milliseconds in repetition 15/151
tcp_ping received 12288 bytes back
Round trip time was 34.2717 milliseconds in repetition 16/151
tcp_ping received 12288 bytes back
Round trip time was 34.271 milliseconds in repetition 17/151
tcp_ping received 12288 bytes back
Round trip time was 57.8066 milliseconds in repetition 18/151
tcp_ping received 12288 bytes back
Round trip time was 34.1316 milliseconds in repetition 19/151
tcp_ping received 12288 bytes back
Round trip time was 33.949 milliseconds in repetition 20/151
tcp_ping received 12288 bytes back
Round trip time was 34.1262 milliseconds in repetition 21/151
tcp_ping received 12288 bytes back
Round trip time was 34.4114 milliseconds in repetition 22/151
tcp_ping received 12288 bytes back
Round trip time was 34.1873 milliseconds in repetition 23/151
tcp_ping received 12288 bytes back
Round trip time was 34.4998 milliseconds in repetition 24/151
tcp_ping received 12288 bytes back
Round trip time was 34.4851 milliseconds in repetition 25/151
tcp_ping received 12288 bytes back
Round trip time was 34.2039 milliseconds in repetition 26/151
tcp_ping received 12288 bytes back
Round trip time was 34.2651 milliseconds in repetition 27/151
tcp_ping received 12288 bytes back
Round trip time was 34.4131 milliseconds in repetition 28/151
tcp_ping received 12288 bytes back
Round trip time was 33.7424 milliseconds in repetition 29/151
tcp_ping received 12288 bytes back
Round trip time was 33.8528 milliseconds in repetition 30/151
tcp_ping received 12288 bytes back
Round trip time was 34.3452 milliseconds in repetition 31/151
tcp_ping received 12288 bytes back
Round trip time was 34.0166 milliseconds in repetition 32/151
tcp_ping received 12288 bytes back
Round trip time was 33.9719 milliseconds in repetition 33/151
tcp_ping received 12288 bytes back
Round trip time was 33.9802 milliseconds in repetition 34/151
tcp_ping received 12288 bytes back
Round trip time was 33.9458 milliseconds in repetition 35/151
tcp_ping received 12288 bytes back
Round trip time was 33.9539 milliseconds in repetition 36/151
tcp_ping received 12288 bytes back
Round trip time was 34.1062 milliseconds in repetition 37/151
tcp_ping received 12288 bytes back
Round trip time was 34.3286 milliseconds in repetition 38/151
tcp_ping received 12288 bytes back
Round trip time was 34.6221 milliseconds in repetition 39/151
tcp_ping received 12288 bytes back
Round trip time was 34.1929 milliseconds in repetition 40/151
tcp_ping received 12288 bytes back
Round trip time was 34.0386 milliseconds in repetition 41/151
tcp_ping received 12288 bytes back
Round trip time was 34.2402 milliseconds in repetition 42/151
tcp_ping received 12288 bytes back
Round trip time was 34.0813 milliseconds in repetition 43/151
tcp_ping received 12288 bytes back
Round trip time was 33.8987 milliseconds in repetition 44/151
tcp_ping received 12288 bytes back
Round trip time was 33.9543 milliseconds in repetition 45/151
tcp_ping received 12288 bytes back
Round trip time was 35.606 milliseconds in repetition 46/151
tcp_ping received 12288 bytes back
Round trip time was 33.9792 milliseconds in repetition 47/151
tcp_ping received 12288 bytes back
Round trip time was 34.25 milliseconds in repetition 48/151
tcp_ping received 12288 bytes back
Round trip time was 33.9856 milliseconds in repetition 49/151
tcp_ping received 12288 bytes back
Round trip time was 34.0413 milliseconds in repetition 50/151
tcp_ping received 12288 bytes back
Round trip time was 34.2024 milliseconds in repetition 51/151
tcp_ping received 12288 bytes back
Round trip time was 34.2991 milliseconds in repetition 52/151
tcp_ping received 12288 bytes back
Round trip time was 34.2737 milliseconds in repetition 53/151
tcp_ping received 12288 bytes back
Round trip time was 34.3433 milliseconds in repetition 54/151
tcp_ping received 12288 bytes back
Round trip time was 34.2266 milliseconds in repetition 55/151
tcp_ping received 12288 bytes back
Round trip time was 33.9456 milliseconds in repetition 56/151
tcp_ping received 12288 bytes back
Round trip time was 33.9734 milliseconds in repetition 57/151
tcp_ping received 12288 bytes back
Round trip time was 34.5759 milliseconds in repetition 58/151
tcp_ping received 12288 bytes back
Round trip time was 34.3284 milliseconds in repetition 59/151
tcp_ping received 12288 bytes back
Round trip time was 33.874 milliseconds in repetition 60/151
tcp_ping received 12288 bytes back
Round trip time was 33.9878 milliseconds in repetition 61/151
tcp_ping received 12288 bytes back
Round trip time was 33.8247 milliseconds in repetition 62/151
tcp_ping received 12288 bytes back
Round trip time was 33.7451 milliseconds in repetition 63/151
tcp_ping received 12288 bytes back
Round trip time was 34.1479 milliseconds in repetition 64/151
tcp_ping received 12288 bytes back
Round trip time was 49.5237 milliseconds in repetition 65/151
tcp_ping received 12288 bytes back
Round trip time was 38.5903 milliseconds in repetition 66/151
tcp_ping received 12288 bytes back
Round trip time was 36.2437 milliseconds in repetition 67/151
tcp_ping received 12288 bytes back
Round trip time was 33.9238 milliseconds in repetition 68/151
tcp_ping received 12288 bytes back
Round trip time was 33.9646 milliseconds in repetition 69/151
tcp_ping received 12288 bytes back
Round trip time was 34.1492 milliseconds in repetition 70/151
tcp_ping received 12288 bytes back
Round trip time was 34.1772 milliseconds in repetition 71/151
tcp_ping received 12288 bytes back
Round trip time was 34.2012 milliseconds in repetition 72/151
tcp_ping received 12288 bytes back
Round trip time was 34.0254 milliseconds in repetition 73/151
tcp_ping received 12288 bytes back
Round trip time was 33.9751 milliseconds in repetition 74/151
tcp_ping received 12288 bytes back
Round trip time was 33.9839 milliseconds in repetition 75/151
tcp_ping received 12288 bytes back
Round trip time was 34.2393 milliseconds in repetition 76/151
tcp_ping received 12288 bytes back
Round trip time was 34.238 milliseconds in repetition 77/151
tcp_ping received 12288 bytes back
Round trip time was 33.8875 milliseconds in repetition 78/151
tcp_ping received 12288 bytes back
Round trip time was 34.6182 milliseconds in repetition 79/151
tcp_ping received 12288 bytes back
Round trip time was 33.8113 milliseconds in repetition 80/151
tcp_ping received 12288 bytes back
Round trip time was 34.2458 milliseconds in repetition 81/151
tcp_ping received 12288 bytes back
Round trip time was 34.2734 milliseconds in repetition 82/151
tcp_ping received 12288 bytes back
Round trip time was 34.2751 milliseconds in repetition 83/151
tcp_ping received 12288 bytes back
Round trip time was 34.0806 milliseconds in repetition 84/151
tcp_ping received 12288 bytes back
Round trip time was 34.0828 milliseconds in repetition 85/151
tcp_ping received 12288 bytes back
Round trip time was 34.1089 milliseconds in repetition 86/151
tcp_ping received 12288 bytes back
Round trip time was 33.7668 milliseconds in repetition 87/151
tcp_ping received 12288 bytes back
Round trip time was 34.0635 milliseconds in repetition 88/151
tcp_ping received 12288 bytes back
Round trip time was 34.0042 milliseconds in repetition 89/151
tcp_ping received 12288 bytes back
Round trip time was 33.9517 milliseconds in repetition 90/151
tcp_ping received 12288 bytes back
Round trip time was 33.7244 milliseconds in repetition 91/151
tcp_ping received 12288 bytes back
Round trip time was 33.938 milliseconds in repetition 92/151
tcp_ping received 12288 bytes back
Round trip time was 33.7319 milliseconds in repetition 93/151
tcp_ping received 12288 bytes back
Round trip time was 34.3123 milliseconds in repetition 94/151
tcp_ping received 12288 bytes back
Round trip time was 33.9946 milliseconds in repetition 95/151
tcp_ping received 12288 bytes back
Round trip time was 34.2725 milliseconds in repetition 96/151
tcp_ping received 12288 bytes back
Round trip time was 34.3669 milliseconds in repetition 97/151
tcp_ping received 12288 bytes back
Round trip time was 34.291 milliseconds in repetition 98/151
tcp_ping received 12288 bytes back
Round trip time was 34.3665 milliseconds in repetition 99/151
tcp_ping received 12288 bytes back
Round trip time was 34.4766 milliseconds in repetition 100/151
tcp_ping received 12288 bytes back
Round trip time was 35.3796 milliseconds in repetition 101/151
tcp_ping received 12288 bytes back
Round trip time was 34.2017 milliseconds in repetition 102/151
tcp_ping received 12288 bytes back
Round trip time was 34.2434 milliseconds in repetition 103/151
tcp_ping received 12288 bytes back
Round trip time was 34.0251 milliseconds in repetition 104/151
tcp_ping received 12288 bytes back
Round trip time was 34.8037 milliseconds in repetition 105/151
tcp_ping received 12288 bytes back
Round trip time was 34.4648 milliseconds in repetition 106/151
tcp_ping received 12288 bytes back
Round trip time was 34.2537 milliseconds in repetition 107/151
tcp_ping received 12288 bytes back
Round trip time was 34.0491 milliseconds in repetition 108/151
tcp_ping received 12288 bytes back
Round trip time was 34.1792 milliseconds in repetition 109/151
tcp_ping received 12288 bytes back
Round trip time was 34.4888 milliseconds in repetition 110/151
tcp_ping received 12288 bytes back
Round trip time was 34.4058 milliseconds in repetition 111/151
tcp_ping received 12288 bytes back
Round trip time was 33.8511 milliseconds in repetition 112/151
tcp_ping received 12288 bytes back
Round trip time was 34.0374 milliseconds in repetition 113/151
tcp_ping received 12288 bytes back
Round trip time was 34.2224 milliseconds in repetition 114/151
tcp_ping received 12288 bytes back
Round trip time was 34.3315 milliseconds in repetition 115/151
tcp_ping received 12288 bytes back
Round trip time was 33.8733 milliseconds in repetition 116/151
tcp_ping received 12288 bytes back
Round trip time was 34.2202 milliseconds in repetition 117/151
tcp_ping received 12288 bytes back
Round trip time was 34.2261 milliseconds in repetition 118/151
tcp_ping received 12288 bytes back
Round trip time was 34.0239 milliseconds in repetition 119/151
tcp_ping received 12288 bytes back
Round trip time was 34.0867 milliseconds in repetition 120/151
tcp_ping received 12288 bytes back
Round trip time was 34.0962 milliseconds in repetition 121/151
tcp_ping received 12288 bytes back
Round trip time was 34.571 milliseconds in repetition 122/151
tcp_ping received 12288 bytes back
Round trip time was 33.9668 milliseconds in repetition 123/151
tcp_ping received 12288 bytes back
Round trip time was 34.2173 milliseconds in repetition 124/151
tcp_ping received 12288 bytes back
Round trip time was 34.6545 milliseconds in repetition 125/151
tcp_ping received 12288 bytes back
Round trip time was 33.9958 milliseconds in repetition 126/151
tcp_ping received 12288 bytes back
Round trip time was 34.1731 milliseconds in repetition 127/151
tcp_ping received 12288 bytes back
Round trip time was 33.8804 milliseconds in repetition 128/151
tcp_ping received 12288 bytes back
Round trip time was 34.2368 milliseconds in repetition 129/151
tcp_ping received 12288 bytes back
Round trip time was 34.0654 milliseconds in repetition 130/151
tcp_ping received 12288 bytes back
Round trip time was 33.8857 milliseconds in repetition 131/151
tcp_ping received 12288 bytes back
Round trip time was 33.9773 milliseconds in repetition 132/151
tcp_ping received 12288 bytes back
Round trip time was 34.2295 milliseconds in repetition 133/151
tcp_ping received 12288 bytes back
Round trip time was 33.9807 milliseconds in repetition 134/151
tcp_ping received 12288 bytes back
Round trip time was 34.353 milliseconds in repetition 135/151
tcp_ping received 12288 bytes back
Round trip time was 35.0173 milliseconds in repetition 136/151
tcp_ping received 12288 bytes back
Round trip time was 34.115 milliseconds in repetition 137/151
tcp_ping received 12288 bytes back
Round trip time was 34.0474 milliseconds in repetition 138/151
tcp_ping received 12288 bytes back
Round trip time was 34.6047 milliseconds in repetition 139/151
tcp_ping received 12288 bytes back
Round trip time was 34.0376 milliseconds in repetition 140/151
tcp_ping received 12288 bytes back
Round trip time was 34.2949 milliseconds in repetition 141/151
tcp_ping received 12288 bytes back
Round trip time was 34.21 milliseconds in repetition 142/151
tcp_ping received 12288 bytes back
Round trip time was 34.1736 milliseconds in repetition 143/151
tcp_ping received 12288 bytes back
Round trip time was 34.4724 milliseconds in repetition 144/151
tcp_ping received 12288 bytes back
Round trip time was 34.0002 milliseconds in repetition 145/151
tcp_ping received 12288 bytes back
Round trip time was 34.343 milliseconds in repetition 146/151
tcp_ping received 12288 bytes back
Round trip time was 35.5962 milliseconds in repetition 147/151
tcp_ping received 12288 bytes back
Round trip time was 33.9729 milliseconds in repetition 148/151
tcp_ping received 12288 bytes back
Round trip time was 33.7817 milliseconds in repetition 149/151
tcp_ping received 12288 bytes back
Round trip time was 34.1235 milliseconds in repetition 150/151
tcp_ping received 12288 bytes back
Round trip time was 34.2432 milliseconds in repetition 151/151

 ... clock resolution was 1e-06
TCP Ping:  Statistics over 151 repetitions of 12288 byte messages

RTT : percentile 10: 33.8875, median: 34.1919, percentile 90: 34.6182, average: 34.7419, variance: 9.26715

RTT histogram:
33.724365 112
34.928478 30
36.132592 3
37.336706 0
38.540820 1
39.744934 0
40.949048 1
42.153161 1
43.357275 0
44.561389 0
45.765503 0
46.969617 0
48.173731 0
49.377845 1
50.581958 0
51.786072 0
52.990186 0
54.194300 0
55.398414 0
56.602528 1
57.806641 1
   median Throughput : 718.767 KB/s   overall Throughput : 707.388 KB/s

