TCP Ping trying to connect to server webdev.disi.unige.it (130.251.61.30) on port 1491
 ... connected to Pong server: asking for 151 repetitions of 24 bytes TCP messages
 ... Pong server agreed :-)
tcp_ping received 24 bytes back
Round trip time was 29.2214 milliseconds in repetition 1/151
tcp_ping received 24 bytes back
Round trip time was 27.667 milliseconds in repetition 2/151
tcp_ping received 24 bytes back
Round trip time was 27.459 milliseconds in repetition 3/151
tcp_ping received 24 bytes back
Round trip time was 29.2551 milliseconds in repetition 4/151
tcp_ping received 24 bytes back
Round trip time was 27.8179 milliseconds in repetition 5/151
tcp_ping received 24 bytes back
Round trip time was 28.1616 milliseconds in repetition 6/151
tcp_ping received 24 bytes back
Round trip time was 27.7095 milliseconds in repetition 7/151
tcp_ping received 24 bytes back
Round trip time was 27.4939 milliseconds in repetition 8/151
tcp_ping received 24 bytes back
Round trip time was 27.6924 milliseconds in repetition 9/151
tcp_ping received 24 bytes back
Round trip time was 27.2332 milliseconds in repetition 10/151
tcp_ping received 24 bytes back
Round trip time was 27.5989 milliseconds in repetition 11/151
tcp_ping received 24 bytes back
Round trip time was 27.22 milliseconds in repetition 12/151
tcp_ping received 24 bytes back
Round trip time was 28.0017 milliseconds in repetition 13/151
tcp_ping received 24 bytes back
Round trip time was 27.4126 milliseconds in repetition 14/151
tcp_ping received 24 bytes back
Round trip time was 27.8003 milliseconds in repetition 15/151
tcp_ping received 24 bytes back
Round trip time was 27.8027 milliseconds in repetition 16/151
tcp_ping received 24 bytes back
Round trip time was 27.6409 milliseconds in repetition 17/151
tcp_ping received 24 bytes back
Round trip time was 27.689 milliseconds in repetition 18/151
tcp_ping received 24 bytes back
Round trip time was 27.5334 milliseconds in repetition 19/151
tcp_ping received 24 bytes back
Round trip time was 27.5076 milliseconds in repetition 20/151
tcp_ping received 24 bytes back
Round trip time was 27.46 milliseconds in repetition 21/151
tcp_ping received 24 bytes back
Round trip time was 27.5083 milliseconds in repetition 22/151
tcp_ping received 24 bytes back
Round trip time was 27.4434 milliseconds in repetition 23/151
tcp_ping received 24 bytes back
Round trip time was 28.0308 milliseconds in repetition 24/151
tcp_ping received 24 bytes back
Round trip time was 32.3494 milliseconds in repetition 25/151
tcp_ping received 24 bytes back
Round trip time was 27.0474 milliseconds in repetition 26/151
tcp_ping received 24 bytes back
Round trip time was 27.575 milliseconds in repetition 27/151
tcp_ping received 24 bytes back
Round trip time was 27.3704 milliseconds in repetition 28/151
tcp_ping received 24 bytes back
Round trip time was 27.6033 milliseconds in repetition 29/151
tcp_ping received 24 bytes back
Round trip time was 29.4902 milliseconds in repetition 30/151
tcp_ping received 24 bytes back
Round trip time was 27.5188 milliseconds in repetition 31/151
tcp_ping received 24 bytes back
Round trip time was 28.8247 milliseconds in repetition 32/151
tcp_ping received 24 bytes back
Round trip time was 27.4304 milliseconds in repetition 33/151
tcp_ping received 24 bytes back
Round trip time was 28.0425 milliseconds in repetition 34/151
tcp_ping received 24 bytes back
Round trip time was 26.7234 milliseconds in repetition 35/151
tcp_ping received 24 bytes back
Round trip time was 26.4949 milliseconds in repetition 36/151
tcp_ping received 24 bytes back
Round trip time was 26.7563 milliseconds in repetition 37/151
tcp_ping received 24 bytes back
Round trip time was 26.4553 milliseconds in repetition 38/151
tcp_ping received 24 bytes back
Round trip time was 31.1685 milliseconds in repetition 39/151
tcp_ping received 24 bytes back
Round trip time was 29.8083 milliseconds in repetition 40/151
tcp_ping received 24 bytes back
Round trip time was 26.7471 milliseconds in repetition 41/151
tcp_ping received 24 bytes back
Round trip time was 27.0452 milliseconds in repetition 42/151
tcp_ping received 24 bytes back
Round trip time was 26.8586 milliseconds in repetition 43/151
tcp_ping received 24 bytes back
Round trip time was 26.9062 milliseconds in repetition 44/151
tcp_ping received 24 bytes back
Round trip time was 26.5127 milliseconds in repetition 45/151
tcp_ping received 24 bytes back
Round trip time was 26.54 milliseconds in repetition 46/151
tcp_ping received 24 bytes back
Round trip time was 26.5098 milliseconds in repetition 47/151
tcp_ping received 24 bytes back
Round trip time was 26.6667 milliseconds in repetition 48/151
tcp_ping received 24 bytes back
Round trip time was 26.9976 milliseconds in repetition 49/151
tcp_ping received 24 bytes back
Round trip time was 28.4111 milliseconds in repetition 50/151
tcp_ping received 24 bytes back
Round trip time was 30.6484 milliseconds in repetition 51/151
tcp_ping received 24 bytes back
Round trip time was 26.7207 milliseconds in repetition 52/151
tcp_ping received 24 bytes back
Round trip time was 26.7678 milliseconds in repetition 53/151
tcp_ping received 24 bytes back
Round trip time was 26.7053 milliseconds in repetition 54/151
tcp_ping received 24 bytes back
Round trip time was 26.5129 milliseconds in repetition 55/151
tcp_ping received 24 bytes back
Round trip time was 26.6804 milliseconds in repetition 56/151
tcp_ping received 24 bytes back
Round trip time was 27.1387 milliseconds in repetition 57/151
tcp_ping received 24 bytes back
Round trip time was 26.2761 milliseconds in repetition 58/151
tcp_ping received 24 bytes back
Round trip time was 26.8127 milliseconds in repetition 59/151
tcp_ping received 24 bytes back
Round trip time was 26.7136 milliseconds in repetition 60/151
tcp_ping received 24 bytes back
Round trip time was 26.8811 milliseconds in repetition 61/151
tcp_ping received 24 bytes back
Round trip time was 26.6157 milliseconds in repetition 62/151
tcp_ping received 24 bytes back
Round trip time was 26.6733 milliseconds in repetition 63/151
tcp_ping received 24 bytes back
Round trip time was 27.9685 milliseconds in repetition 64/151
tcp_ping received 24 bytes back
Round trip time was 26.8184 milliseconds in repetition 65/151
tcp_ping received 24 bytes back
Round trip time was 26.6633 milliseconds in repetition 66/151
tcp_ping received 24 bytes back
Round trip time was 26.4885 milliseconds in repetition 67/151
tcp_ping received 24 bytes back
Round trip time was 26.7332 milliseconds in repetition 68/151
tcp_ping received 24 bytes back
Round trip time was 26.8347 milliseconds in repetition 69/151
tcp_ping received 24 bytes back
Round trip time was 26.3604 milliseconds in repetition 70/151
tcp_ping received 24 bytes back
Round trip time was 27.6267 milliseconds in repetition 71/151
tcp_ping received 24 bytes back
Round trip time was 26.4575 milliseconds in repetition 72/151
tcp_ping received 24 bytes back
Round trip time was 26.6841 milliseconds in repetition 73/151
tcp_ping received 24 bytes back
Round trip time was 26.8245 milliseconds in repetition 74/151
tcp_ping received 24 bytes back
Round trip time was 26.6643 milliseconds in repetition 75/151
tcp_ping received 24 bytes back
Round trip time was 26.718 milliseconds in repetition 76/151
tcp_ping received 24 bytes back
Round trip time was 26.5481 milliseconds in repetition 77/151
tcp_ping received 24 bytes back
Round trip time was 26.7512 milliseconds in repetition 78/151
tcp_ping received 24 bytes back
Round trip time was 26.7642 milliseconds in repetition 79/151
tcp_ping received 24 bytes back
Round trip time was 26.6077 milliseconds in repetition 80/151
tcp_ping received 24 bytes back
Round trip time was 26.5134 milliseconds in repetition 81/151
tcp_ping received 24 bytes back
Round trip time was 26.7749 milliseconds in repetition 82/151
tcp_ping received 24 bytes back
Round trip time was 26.8833 milliseconds in repetition 83/151
tcp_ping received 24 bytes back
Round trip time was 26.5916 milliseconds in repetition 84/151
tcp_ping received 24 bytes back
Round trip time was 26.6702 milliseconds in repetition 85/151
tcp_ping received 24 bytes back
Round trip time was 26.7375 milliseconds in repetition 86/151
tcp_ping received 24 bytes back
Round trip time was 26.6843 milliseconds in repetition 87/151
tcp_ping received 24 bytes back
Round trip time was 26.5823 milliseconds in repetition 88/151
tcp_ping received 24 bytes back
Round trip time was 26.6956 milliseconds in repetition 89/151
tcp_ping received 24 bytes back
Round trip time was 261.695 milliseconds in repetition 90/151
tcp_ping received 24 bytes back
Round trip time was 26.7832 milliseconds in repetition 91/151
tcp_ping received 24 bytes back
Round trip time was 26.6804 milliseconds in repetition 92/151
tcp_ping received 24 bytes back
Round trip time was 26.7019 milliseconds in repetition 93/151
tcp_ping received 24 bytes back
Round trip time was 26.801 milliseconds in repetition 94/151
tcp_ping received 24 bytes back
Round trip time was 26.6719 milliseconds in repetition 95/151
tcp_ping received 24 bytes back
Round trip time was 26.2739 milliseconds in repetition 96/151
tcp_ping received 24 bytes back
Round trip time was 26.7368 milliseconds in repetition 97/151
tcp_ping received 24 bytes back
Round trip time was 26.7473 milliseconds in repetition 98/151
tcp_ping received 24 bytes back
Round trip time was 26.5881 milliseconds in repetition 99/151
tcp_ping received 24 bytes back
Round trip time was 26.3215 milliseconds in repetition 100/151
tcp_ping received 24 bytes back
Round trip time was 26.77 milliseconds in repetition 101/151
tcp_ping received 24 bytes back
Round trip time was 26.97 milliseconds in repetition 102/151
tcp_ping received 24 bytes back
Round trip time was 27.5613 milliseconds in repetition 103/151
tcp_ping received 24 bytes back
Round trip time was 26.9023 milliseconds in repetition 104/151
tcp_ping received 24 bytes back
Round trip time was 26.2795 milliseconds in repetition 105/151
tcp_ping received 24 bytes back
Round trip time was 26.7749 milliseconds in repetition 106/151
tcp_ping received 24 bytes back
Round trip time was 26.4312 milliseconds in repetition 107/151
tcp_ping received 24 bytes back
Round trip time was 26.5481 milliseconds in repetition 108/151
tcp_ping received 24 bytes back
Round trip time was 26.4031 milliseconds in repetition 109/151
tcp_ping received 24 bytes back
Round trip time was 26.6931 milliseconds in repetition 110/151
tcp_ping received 24 bytes back
Round trip time was 26.3047 milliseconds in repetition 111/151
tcp_ping received 24 bytes back
Round trip time was 26.5105 milliseconds in repetition 112/151
tcp_ping received 24 bytes back
Round trip time was 26.7603 milliseconds in repetition 113/151
tcp_ping received 24 bytes back
Round trip time was 26.738 milliseconds in repetition 114/151
tcp_ping received 24 bytes back
Round trip time was 26.6926 milliseconds in repetition 115/151
tcp_ping received 24 bytes back
Round trip time was 26.5806 milliseconds in repetition 116/151
tcp_ping received 24 bytes back
Round trip time was 26.3997 milliseconds in repetition 117/151
tcp_ping received 24 bytes back
Round trip time was 26.4856 milliseconds in repetition 118/151
tcp_ping received 24 bytes back
Round trip time was 26.8757 milliseconds in repetition 119/151
tcp_ping received 24 bytes back
Round trip time was 26.5757 milliseconds in repetition 120/151
tcp_ping received 24 bytes back
Round trip time was 27.103 milliseconds in repetition 121/151
tcp_ping received 24 bytes back
Round trip time was 26.7256 milliseconds in repetition 122/151
tcp_ping received 24 bytes back
Round trip time was 26.7822 milliseconds in repetition 123/151
tcp_ping received 24 bytes back
Round trip time was 26.6245 milliseconds in repetition 124/151
tcp_ping received 24 bytes back
Round trip time was 26.7581 milliseconds in repetition 125/151
tcp_ping received 24 bytes back
Round trip time was 26.7195 milliseconds in repetition 126/151
tcp_ping received 24 bytes back
Round trip time was 26.7715 milliseconds in repetition 127/151
tcp_ping received 24 bytes back
Round trip time was 26.5132 milliseconds in repetition 128/151
tcp_ping received 24 bytes back
Round trip time was 26.4795 milliseconds in repetition 129/151
tcp_ping received 24 bytes back
Round trip time was 26.3079 milliseconds in repetition 130/151
tcp_ping received 24 bytes back
Round trip time was 26.8564 milliseconds in repetition 131/151
tcp_ping received 24 bytes back
Round trip time was 26.7334 milliseconds in repetition 132/151
tcp_ping received 24 bytes back
Round trip time was 26.7659 milliseconds in repetition 133/151
tcp_ping received 24 bytes back
Round trip time was 26.5249 milliseconds in repetition 134/151
tcp_ping received 24 bytes back
Round trip time was 26.1448 milliseconds in repetition 135/151
tcp_ping received 24 bytes back
Round trip time was 26.7546 milliseconds in repetition 136/151
tcp_ping received 24 bytes back
Round trip time was 26.6965 milliseconds in repetition 137/151
tcp_ping received 24 bytes back
Round trip time was 26.5134 milliseconds in repetition 138/151
tcp_ping received 24 bytes back
Round trip time was 26.7878 milliseconds in repetition 139/151
tcp_ping received 24 bytes back
Round trip time was 26.6472 milliseconds in repetition 140/151
tcp_ping received 24 bytes back
Round trip time was 26.342 milliseconds in repetition 141/151
tcp_ping received 24 bytes back
Round trip time was 26.6221 milliseconds in repetition 142/151
tcp_ping received 24 bytes back
Round trip time was 26.5786 milliseconds in repetition 143/151
tcp_ping received 24 bytes back
Round trip time was 26.7039 milliseconds in repetition 144/151
tcp_ping received 24 bytes back
Round trip time was 26.6084 milliseconds in repetition 145/151
tcp_ping received 24 bytes back
Round trip time was 26.6121 milliseconds in repetition 146/151
tcp_ping received 24 bytes back
Round trip time was 26.6638 milliseconds in repetition 147/151
tcp_ping received 24 bytes back
Round trip time was 26.5493 milliseconds in repetition 148/151
tcp_ping received 24 bytes back
Round trip time was 26.9543 milliseconds in repetition 149/151
tcp_ping received 24 bytes back
Round trip time was 26.9106 milliseconds in repetition 150/151
tcp_ping received 24 bytes back
Round trip time was 26.582 milliseconds in repetition 151/151

 ... clock resolution was 1e-06
TCP Ping:  Statistics over 151 repetitions of 24 byte messages

RTT : percentile 10: 26.4856, median: 26.7512, percentile 90: 27.8179, average: 28.6133, variance: 365.384

RTT histogram:
26.144775 149
37.922289 1
49.699804 0
61.477319 0
73.254833 0
85.032348 0
96.809863 0
108.587377 0
120.364892 0
132.142407 0
143.919921 0
155.697436 0
167.474951 0
179.252466 0
191.029980 0
202.807495 0
214.585010 0
226.362524 0
238.140039 0
249.917554 0
261.695068 1
   median Throughput : 1.79431 KB/s   overall Throughput : 1.67754 KB/s

