TCP Ping trying to connect to server webdev.disi.unige.it (130.251.61.30) on port 1491
 ... connected to Pong server: asking for 151 repetitions of 256 bytes TCP messages
 ... Pong server agreed :-)
tcp_ping received 256 bytes back
Round trip time was 31.8396 milliseconds in repetition 1/151
tcp_ping received 256 bytes back
Round trip time was 28.1924 milliseconds in repetition 2/151
tcp_ping received 256 bytes back
Round trip time was 27.998 milliseconds in repetition 3/151
tcp_ping received 256 bytes back
Round trip time was 28.2002 milliseconds in repetition 4/151
tcp_ping received 256 bytes back
Round trip time was 27.9666 milliseconds in repetition 5/151
tcp_ping received 256 bytes back
Round trip time was 27.875 milliseconds in repetition 6/151
tcp_ping received 256 bytes back
Round trip time was 28.4038 milliseconds in repetition 7/151
tcp_ping received 256 bytes back
Round trip time was 27.717 milliseconds in repetition 8/151
tcp_ping received 256 bytes back
Round trip time was 28.0283 milliseconds in repetition 9/151
tcp_ping received 256 bytes back
Round trip time was 27.9558 milliseconds in repetition 10/151
tcp_ping received 256 bytes back
Round trip time was 28.0984 milliseconds in repetition 11/151
tcp_ping received 256 bytes back
Round trip time was 27.8062 milliseconds in repetition 12/151
tcp_ping received 256 bytes back
Round trip time was 28.0347 milliseconds in repetition 13/151
tcp_ping received 256 bytes back
Round trip time was 28.1284 milliseconds in repetition 14/151
tcp_ping received 256 bytes back
Round trip time was 28.2959 milliseconds in repetition 15/151
tcp_ping received 256 bytes back
Round trip time was 27.9324 milliseconds in repetition 16/151
tcp_ping received 256 bytes back
Round trip time was 28.1338 milliseconds in repetition 17/151
tcp_ping received 256 bytes back
Round trip time was 27.7983 milliseconds in repetition 18/151
tcp_ping received 256 bytes back
Round trip time was 28.1509 milliseconds in repetition 19/151
tcp_ping received 256 bytes back
Round trip time was 27.8569 milliseconds in repetition 20/151
tcp_ping received 256 bytes back
Round trip time was 28.1948 milliseconds in repetition 21/151
tcp_ping received 256 bytes back
Round trip time was 27.9927 milliseconds in repetition 22/151
tcp_ping received 256 bytes back
Round trip time was 28.3708 milliseconds in repetition 23/151
tcp_ping received 256 bytes back
Round trip time was 28.04 milliseconds in repetition 24/151
tcp_ping received 256 bytes back
Round trip time was 27.9827 milliseconds in repetition 25/151
tcp_ping received 256 bytes back
Round trip time was 27.644 milliseconds in repetition 26/151
tcp_ping received 256 bytes back
Round trip time was 28.0806 milliseconds in repetition 27/151
tcp_ping received 256 bytes back
Round trip time was 28.0315 milliseconds in repetition 28/151
tcp_ping received 256 bytes back
Round trip time was 28.2217 milliseconds in repetition 29/151
tcp_ping received 256 bytes back
Round trip time was 28.0437 milliseconds in repetition 30/151
tcp_ping received 256 bytes back
Round trip time was 28.3188 milliseconds in repetition 31/151
tcp_ping received 256 bytes back
Round trip time was 28.1221 milliseconds in repetition 32/151
tcp_ping received 256 bytes back
Round trip time was 27.824 milliseconds in repetition 33/151
tcp_ping received 256 bytes back
Round trip time was 27.551 milliseconds in repetition 34/151
tcp_ping received 256 bytes back
Round trip time was 26.9204 milliseconds in repetition 35/151
tcp_ping received 256 bytes back
Round trip time was 26.6025 milliseconds in repetition 36/151
tcp_ping received 256 bytes back
Round trip time was 26.7212 milliseconds in repetition 37/151
tcp_ping received 256 bytes back
Round trip time was 27.2297 milliseconds in repetition 38/151
tcp_ping received 256 bytes back
Round trip time was 27.855 milliseconds in repetition 39/151
tcp_ping received 256 bytes back
Round trip time was 27.1077 milliseconds in repetition 40/151
tcp_ping received 256 bytes back
Round trip time was 26.801 milliseconds in repetition 41/151
tcp_ping received 256 bytes back
Round trip time was 27.0942 milliseconds in repetition 42/151
tcp_ping received 256 bytes back
Round trip time was 26.8906 milliseconds in repetition 43/151
tcp_ping received 256 bytes back
Round trip time was 27.1611 milliseconds in repetition 44/151
tcp_ping received 256 bytes back
Round trip time was 27.5703 milliseconds in repetition 45/151
tcp_ping received 256 bytes back
Round trip time was 27.2495 milliseconds in repetition 46/151
tcp_ping received 256 bytes back
Round trip time was 26.8787 milliseconds in repetition 47/151
tcp_ping received 256 bytes back
Round trip time was 26.8982 milliseconds in repetition 48/151
tcp_ping received 256 bytes back
Round trip time was 26.9263 milliseconds in repetition 49/151
tcp_ping received 256 bytes back
Round trip time was 26.6887 milliseconds in repetition 50/151
tcp_ping received 256 bytes back
Round trip time was 26.7114 milliseconds in repetition 51/151
tcp_ping received 256 bytes back
Round trip time was 26.8748 milliseconds in repetition 52/151
tcp_ping received 256 bytes back
Round trip time was 27.0769 milliseconds in repetition 53/151
tcp_ping received 256 bytes back
Round trip time was 27.2056 milliseconds in repetition 54/151
tcp_ping received 256 bytes back
Round trip time was 27.1836 milliseconds in repetition 55/151
tcp_ping received 256 bytes back
Round trip time was 26.9067 milliseconds in repetition 56/151
tcp_ping received 256 bytes back
Round trip time was 27.1719 milliseconds in repetition 57/151
tcp_ping received 256 bytes back
Round trip time was 27.1418 milliseconds in repetition 58/151
tcp_ping received 256 bytes back
Round trip time was 27.4998 milliseconds in repetition 59/151
tcp_ping received 256 bytes back
Round trip time was 26.8169 milliseconds in repetition 60/151
tcp_ping received 256 bytes back
Round trip time was 26.9919 milliseconds in repetition 61/151
tcp_ping received 256 bytes back
Round trip time was 26.5073 milliseconds in repetition 62/151
tcp_ping received 256 bytes back
Round trip time was 26.9724 milliseconds in repetition 63/151
tcp_ping received 256 bytes back
Round trip time was 26.9878 milliseconds in repetition 64/151
tcp_ping received 256 bytes back
Round trip time was 27.0854 milliseconds in repetition 65/151
tcp_ping received 256 bytes back
Round trip time was 26.9788 milliseconds in repetition 66/151
tcp_ping received 256 bytes back
Round trip time was 26.7078 milliseconds in repetition 67/151
tcp_ping received 256 bytes back
Round trip time was 27.0747 milliseconds in repetition 68/151
tcp_ping received 256 bytes back
Round trip time was 27.2305 milliseconds in repetition 69/151
tcp_ping received 256 bytes back
Round trip time was 27.1455 milliseconds in repetition 70/151
tcp_ping received 256 bytes back
Round trip time was 27.2051 milliseconds in repetition 71/151
tcp_ping received 256 bytes back
Round trip time was 27.198 milliseconds in repetition 72/151
tcp_ping received 256 bytes back
Round trip time was 26.7764 milliseconds in repetition 73/151
tcp_ping received 256 bytes back
Round trip time was 27.5186 milliseconds in repetition 74/151
tcp_ping received 256 bytes back
Round trip time was 26.7373 milliseconds in repetition 75/151
tcp_ping received 256 bytes back
Round trip time was 27.0876 milliseconds in repetition 76/151
tcp_ping received 256 bytes back
Round trip time was 26.8481 milliseconds in repetition 77/151
tcp_ping received 256 bytes back
Round trip time was 27.3191 milliseconds in repetition 78/151
tcp_ping received 256 bytes back
Round trip time was 26.6819 milliseconds in repetition 79/151
tcp_ping received 256 bytes back
Round trip time was 26.6716 milliseconds in repetition 80/151
tcp_ping received 256 bytes back
Round trip time was 26.7241 milliseconds in repetition 81/151
tcp_ping received 256 bytes back
Round trip time was 27.0806 milliseconds in repetition 82/151
tcp_ping received 256 bytes back
Round trip time was 26.9482 milliseconds in repetition 83/151
tcp_ping received 256 bytes back
Round trip time was 26.7937 milliseconds in repetition 84/151
tcp_ping received 256 bytes back
Round trip time was 26.6423 milliseconds in repetition 85/151
tcp_ping received 256 bytes back
Round trip time was 26.7839 milliseconds in repetition 86/151
tcp_ping received 256 bytes back
Round trip time was 27.208 milliseconds in repetition 87/151
tcp_ping received 256 bytes back
Round trip time was 27.1614 milliseconds in repetition 88/151
tcp_ping received 256 bytes back
Round trip time was 26.9915 milliseconds in repetition 89/151
tcp_ping received 256 bytes back
Round trip time was 26.5881 milliseconds in repetition 90/151
tcp_ping received 256 bytes back
Round trip time was 27.5674 milliseconds in repetition 91/151
tcp_ping received 256 bytes back
Round trip time was 27.4924 milliseconds in repetition 92/151
tcp_ping received 256 bytes back
Round trip time was 26.8452 milliseconds in repetition 93/151
tcp_ping received 256 bytes back
Round trip time was 26.9429 milliseconds in repetition 94/151
tcp_ping received 256 bytes back
Round trip time was 27.0864 milliseconds in repetition 95/151
tcp_ping received 256 bytes back
Round trip time was 26.6252 milliseconds in repetition 96/151
tcp_ping received 256 bytes back
Round trip time was 27.7625 milliseconds in repetition 97/151
tcp_ping received 256 bytes back
Round trip time was 29.4285 milliseconds in repetition 98/151
tcp_ping received 256 bytes back
Round trip time was 27.2708 milliseconds in repetition 99/151
tcp_ping received 256 bytes back
Round trip time was 26.7512 milliseconds in repetition 100/151
tcp_ping received 256 bytes back
Round trip time was 26.8279 milliseconds in repetition 101/151
tcp_ping received 256 bytes back
Round trip time was 27.135 milliseconds in repetition 102/151
tcp_ping received 256 bytes back
Round trip time was 27.4673 milliseconds in repetition 103/151
tcp_ping received 256 bytes back
Round trip time was 26.4744 milliseconds in repetition 104/151
tcp_ping received 256 bytes back
Round trip time was 27.0796 milliseconds in repetition 105/151
tcp_ping received 256 bytes back
Round trip time was 26.6716 milliseconds in repetition 106/151
tcp_ping received 256 bytes back
Round trip time was 26.7312 milliseconds in repetition 107/151
tcp_ping received 256 bytes back
Round trip time was 26.73 milliseconds in repetition 108/151
tcp_ping received 256 bytes back
Round trip time was 27.8711 milliseconds in repetition 109/151
tcp_ping received 256 bytes back
Round trip time was 26.6067 milliseconds in repetition 110/151
tcp_ping received 256 bytes back
Round trip time was 26.7402 milliseconds in repetition 111/151
tcp_ping received 256 bytes back
Round trip time was 26.7861 milliseconds in repetition 112/151
tcp_ping received 256 bytes back
Round trip time was 27.0391 milliseconds in repetition 113/151
tcp_ping received 256 bytes back
Round trip time was 27.2888 milliseconds in repetition 114/151
tcp_ping received 256 bytes back
Round trip time was 27.2109 milliseconds in repetition 115/151
tcp_ping received 256 bytes back
Round trip time was 27.0186 milliseconds in repetition 116/151
tcp_ping received 256 bytes back
Round trip time was 27.1753 milliseconds in repetition 117/151
tcp_ping received 256 bytes back
Round trip time was 26.9399 milliseconds in repetition 118/151
tcp_ping received 256 bytes back
Round trip time was 27.0278 milliseconds in repetition 119/151
tcp_ping received 256 bytes back
Round trip time was 26.6274 milliseconds in repetition 120/151
tcp_ping received 256 bytes back
Round trip time was 26.9739 milliseconds in repetition 121/151
tcp_ping received 256 bytes back
Round trip time was 26.8179 milliseconds in repetition 122/151
tcp_ping received 256 bytes back
Round trip time was 27.1838 milliseconds in repetition 123/151
tcp_ping received 256 bytes back
Round trip time was 26.4138 milliseconds in repetition 124/151
tcp_ping received 256 bytes back
Round trip time was 26.825 milliseconds in repetition 125/151
tcp_ping received 256 bytes back
Round trip time was 26.896 milliseconds in repetition 126/151
tcp_ping received 256 bytes back
Round trip time was 27.8821 milliseconds in repetition 127/151
tcp_ping received 256 bytes back
Round trip time was 27.2302 milliseconds in repetition 128/151
tcp_ping received 256 bytes back
Round trip time was 26.8235 milliseconds in repetition 129/151
tcp_ping received 256 bytes back
Round trip time was 26.9568 milliseconds in repetition 130/151
tcp_ping received 256 bytes back
Round trip time was 26.7686 milliseconds in repetition 131/151
tcp_ping received 256 bytes back
Round trip time was 26.7537 milliseconds in repetition 132/151
tcp_ping received 256 bytes back
Round trip time was 26.7473 milliseconds in repetition 133/151
tcp_ping received 256 bytes back
Round trip time was 26.7151 milliseconds in repetition 134/151
tcp_ping received 256 bytes back
Round trip time was 27.0225 milliseconds in repetition 135/151
tcp_ping received 256 bytes back
Round trip time was 26.7261 milliseconds in repetition 136/151
tcp_ping received 256 bytes back
Round trip time was 26.7405 milliseconds in repetition 137/151
tcp_ping received 256 bytes back
Round trip time was 26.73 milliseconds in repetition 138/151
tcp_ping received 256 bytes back
Round trip time was 27.0017 milliseconds in repetition 139/151
tcp_ping received 256 bytes back
Round trip time was 41.4529 milliseconds in repetition 140/151
tcp_ping received 256 bytes back
Round trip time was 27.1084 milliseconds in repetition 141/151
tcp_ping received 256 bytes back
Round trip time was 27.5425 milliseconds in repetition 142/151
tcp_ping received 256 bytes back
Round trip time was 26.8379 milliseconds in repetition 143/151
tcp_ping received 256 bytes back
Round trip time was 26.5132 milliseconds in repetition 144/151
tcp_ping received 256 bytes back
Round trip time was 26.4524 milliseconds in repetition 145/151
tcp_ping received 256 bytes back
Round trip time was 26.7324 milliseconds in repetition 146/151
tcp_ping received 256 bytes back
Round trip time was 26.731 milliseconds in repetition 147/151
tcp_ping received 256 bytes back
Round trip time was 26.7576 milliseconds in repetition 148/151
tcp_ping received 256 bytes back
Round trip time was 26.5327 milliseconds in repetition 149/151
tcp_ping received 256 bytes back
Round trip time was 26.665 milliseconds in repetition 150/151
tcp_ping received 256 bytes back
Round trip time was 27.1948 milliseconds in repetition 151/151

 ... clock resolution was 1e-06
TCP Ping:  Statistics over 151 repetitions of 256 byte messages

RTT : percentile 10: 26.6819, median: 27.0806, percentile 90: 28.0984, average: 27.3484, variance: 1.77944

RTT histogram:
26.413818 39
27.165771 69
27.917724 36
28.669677 4
29.421630 1
30.173583 0
30.925537 0
31.677490 1
32.429443 0
33.181396 0
33.933349 0
34.685303 0
35.437256 0
36.189209 0
36.941162 0
37.693115 0
38.445069 0
39.197022 0
39.948975 0
40.700928 0
41.452881 1
   median Throughput : 18.9065 KB/s   overall Throughput : 18.7214 KB/s

