TCP Ping trying to connect to server webdev.disi.unige.it (130.251.61.30) on port 1491
 ... connected to Pong server: asking for 151 repetitions of 1024 bytes TCP messages
 ... Pong server agreed :-)
tcp_ping received 1024 bytes back
Round trip time was 40.1204 milliseconds in repetition 1/151
tcp_ping received 1024 bytes back
Round trip time was 29.1196 milliseconds in repetition 2/151
tcp_ping received 1024 bytes back
Round trip time was 29.5945 milliseconds in repetition 3/151
tcp_ping received 1024 bytes back
Round trip time was 29.615 milliseconds in repetition 4/151
tcp_ping received 1024 bytes back
Round trip time was 29.2954 milliseconds in repetition 5/151
tcp_ping received 1024 bytes back
Round trip time was 29.405 milliseconds in repetition 6/151
tcp_ping received 1024 bytes back
Round trip time was 29.053 milliseconds in repetition 7/151
tcp_ping received 1024 bytes back
Round trip time was 29.4231 milliseconds in repetition 8/151
tcp_ping received 1024 bytes back
Round trip time was 29.2263 milliseconds in repetition 9/151
tcp_ping received 1024 bytes back
Round trip time was 29.4343 milliseconds in repetition 10/151
tcp_ping received 1024 bytes back
Round trip time was 29.3752 milliseconds in repetition 11/151
tcp_ping received 1024 bytes back
Round trip time was 30.0464 milliseconds in repetition 12/151
tcp_ping received 1024 bytes back
Round trip time was 29.7498 milliseconds in repetition 13/151
tcp_ping received 1024 bytes back
Round trip time was 29.3911 milliseconds in repetition 14/151
tcp_ping received 1024 bytes back
Round trip time was 29.3594 milliseconds in repetition 15/151
tcp_ping received 1024 bytes back
Round trip time was 29.3992 milliseconds in repetition 16/151
tcp_ping received 1024 bytes back
Round trip time was 29.5342 milliseconds in repetition 17/151
tcp_ping received 1024 bytes back
Round trip time was 29.3965 milliseconds in repetition 18/151
tcp_ping received 1024 bytes back
Round trip time was 29.5898 milliseconds in repetition 19/151
tcp_ping received 1024 bytes back
Round trip time was 29.1843 milliseconds in repetition 20/151
tcp_ping received 1024 bytes back
Round trip time was 29.4058 milliseconds in repetition 21/151
tcp_ping received 1024 bytes back
Round trip time was 30.9768 milliseconds in repetition 22/151
tcp_ping received 1024 bytes back
Round trip time was 29.4126 milliseconds in repetition 23/151
tcp_ping received 1024 bytes back
Round trip time was 29.2017 milliseconds in repetition 24/151
tcp_ping received 1024 bytes back
Round trip time was 29.5332 milliseconds in repetition 25/151
tcp_ping received 1024 bytes back
Round trip time was 29.4619 milliseconds in repetition 26/151
tcp_ping received 1024 bytes back
Round trip time was 29.5557 milliseconds in repetition 27/151
tcp_ping received 1024 bytes back
Round trip time was 29.7544 milliseconds in repetition 28/151
tcp_ping received 1024 bytes back
Round trip time was 29.427 milliseconds in repetition 29/151
tcp_ping received 1024 bytes back
Round trip time was 29.4451 milliseconds in repetition 30/151
tcp_ping received 1024 bytes back
Round trip time was 29.5105 milliseconds in repetition 31/151
tcp_ping received 1024 bytes back
Round trip time was 29.6807 milliseconds in repetition 32/151
tcp_ping received 1024 bytes back
Round trip time was 29.5415 milliseconds in repetition 33/151
tcp_ping received 1024 bytes back
Round trip time was 28.6677 milliseconds in repetition 34/151
tcp_ping received 1024 bytes back
Round trip time was 28.1475 milliseconds in repetition 35/151
tcp_ping received 1024 bytes back
Round trip time was 28.0854 milliseconds in repetition 36/151
tcp_ping received 1024 bytes back
Round trip time was 28.3433 milliseconds in repetition 37/151
tcp_ping received 1024 bytes back
Round trip time was 27.7412 milliseconds in repetition 38/151
tcp_ping received 1024 bytes back
Round trip time was 28.0293 milliseconds in repetition 39/151
tcp_ping received 1024 bytes back
Round trip time was 27.6663 milliseconds in repetition 40/151
tcp_ping received 1024 bytes back
Round trip time was 27.833 milliseconds in repetition 41/151
tcp_ping received 1024 bytes back
Round trip time was 28.0098 milliseconds in repetition 42/151
tcp_ping received 1024 bytes back
Round trip time was 27.5388 milliseconds in repetition 43/151
tcp_ping received 1024 bytes back
Round trip time was 27.9438 milliseconds in repetition 44/151
tcp_ping received 1024 bytes back
Round trip time was 28.3472 milliseconds in repetition 45/151
tcp_ping received 1024 bytes back
Round trip time was 27.8616 milliseconds in repetition 46/151
tcp_ping received 1024 bytes back
Round trip time was 27.7649 milliseconds in repetition 47/151
tcp_ping received 1024 bytes back
Round trip time was 28.3032 milliseconds in repetition 48/151
tcp_ping received 1024 bytes back
Round trip time was 27.7517 milliseconds in repetition 49/151
tcp_ping received 1024 bytes back
Round trip time was 27.9629 milliseconds in repetition 50/151
tcp_ping received 1024 bytes back
Round trip time was 27.6035 milliseconds in repetition 51/151
tcp_ping received 1024 bytes back
Round trip time was 28.3223 milliseconds in repetition 52/151
tcp_ping received 1024 bytes back
Round trip time was 27.6145 milliseconds in repetition 53/151
tcp_ping received 1024 bytes back
Round trip time was 28.3513 milliseconds in repetition 54/151
tcp_ping received 1024 bytes back
Round trip time was 27.9304 milliseconds in repetition 55/151
tcp_ping received 1024 bytes back
Round trip time was 27.7288 milliseconds in repetition 56/151
tcp_ping received 1024 bytes back
Round trip time was 28.0806 milliseconds in repetition 57/151
tcp_ping received 1024 bytes back
Round trip time was 27.7024 milliseconds in repetition 58/151
tcp_ping received 1024 bytes back
Round trip time was 27.7263 milliseconds in repetition 59/151
tcp_ping received 1024 bytes back
Round trip time was 27.7029 milliseconds in repetition 60/151
tcp_ping received 1024 bytes back
Round trip time was 28.0227 milliseconds in repetition 61/151
tcp_ping received 1024 bytes back
Round trip time was 27.6499 milliseconds in repetition 62/151
tcp_ping received 1024 bytes back
Round trip time was 27.7527 milliseconds in repetition 63/151
tcp_ping received 1024 bytes back
Round trip time was 27.9304 milliseconds in repetition 64/151
tcp_ping received 1024 bytes back
Round trip time was 27.3452 milliseconds in repetition 65/151
tcp_ping received 1024 bytes back
Round trip time was 27.72 milliseconds in repetition 66/151
tcp_ping received 1024 bytes back
Round trip time was 27.7856 milliseconds in repetition 67/151
tcp_ping received 1024 bytes back
Round trip time was 27.6584 milliseconds in repetition 68/151
tcp_ping received 1024 bytes back
Round trip time was 27.9214 milliseconds in repetition 69/151
tcp_ping received 1024 bytes back
Round trip time was 27.8186 milliseconds in repetition 70/151
tcp_ping received 1024 bytes back
Round trip time was 28.8713 milliseconds in repetition 71/151
tcp_ping received 1024 bytes back
Round trip time was 28.1501 milliseconds in repetition 72/151
tcp_ping received 1024 bytes back
Round trip time was 27.6494 milliseconds in repetition 73/151
tcp_ping received 1024 bytes back
Round trip time was 27.9001 milliseconds in repetition 74/151
tcp_ping received 1024 bytes back
Round trip time was 27.9014 milliseconds in repetition 75/151
tcp_ping received 1024 bytes back
Round trip time was 27.98 milliseconds in repetition 76/151
tcp_ping received 1024 bytes back
Round trip time was 27.7112 milliseconds in repetition 77/151
tcp_ping received 1024 bytes back
Round trip time was 27.5305 milliseconds in repetition 78/151
tcp_ping received 1024 bytes back
Round trip time was 28.1213 milliseconds in repetition 79/151
tcp_ping received 1024 bytes back
Round trip time was 27.8613 milliseconds in repetition 80/151
tcp_ping received 1024 bytes back
Round trip time was 27.6428 milliseconds in repetition 81/151
tcp_ping received 1024 bytes back
Round trip time was 28.1907 milliseconds in repetition 82/151
tcp_ping received 1024 bytes back
Round trip time was 27.9209 milliseconds in repetition 83/151
tcp_ping received 1024 bytes back
Round trip time was 27.3257 milliseconds in repetition 84/151
tcp_ping received 1024 bytes back
Round trip time was 27.6777 milliseconds in repetition 85/151
tcp_ping received 1024 bytes back
Round trip time was 27.8113 milliseconds in repetition 86/151
tcp_ping received 1024 bytes back
Round trip time was 27.6826 milliseconds in repetition 87/151
tcp_ping received 1024 bytes back
Round trip time was 27.8164 milliseconds in repetition 88/151
tcp_ping received 1024 bytes back
Round trip time was 27.925 milliseconds in repetition 89/151
tcp_ping received 1024 bytes back
Round trip time was 27.6382 milliseconds in repetition 90/151
tcp_ping received 1024 bytes back
Round trip time was 28.0493 milliseconds in repetition 91/151
tcp_ping received 1024 bytes back
Round trip time was 27.6782 milliseconds in repetition 92/151
tcp_ping received 1024 bytes back
Round trip time was 27.6753 milliseconds in repetition 93/151
tcp_ping received 1024 bytes back
Round trip time was 28.2483 milliseconds in repetition 94/151
tcp_ping received 1024 bytes back
Round trip time was 28.686 milliseconds in repetition 95/151
tcp_ping received 1024 bytes back
Round trip time was 27.6235 milliseconds in repetition 96/151
tcp_ping received 1024 bytes back
Round trip time was 27.8 milliseconds in repetition 97/151
tcp_ping received 1024 bytes back
Round trip time was 27.6902 milliseconds in repetition 98/151
tcp_ping received 1024 bytes back
Round trip time was 27.7297 milliseconds in repetition 99/151
tcp_ping received 1024 bytes back
Round trip time was 28.0005 milliseconds in repetition 100/151
tcp_ping received 1024 bytes back
Round trip time was 27.7278 milliseconds in repetition 101/151
tcp_ping received 1024 bytes back
Round trip time was 28.0676 milliseconds in repetition 102/151
tcp_ping received 1024 bytes back
Round trip time was 27.7722 milliseconds in repetition 103/151
tcp_ping received 1024 bytes back
Round trip time was 27.9392 milliseconds in repetition 104/151
tcp_ping received 1024 bytes back
Round trip time was 29.9407 milliseconds in repetition 105/151
tcp_ping received 1024 bytes back
Round trip time was 33.8745 milliseconds in repetition 106/151
tcp_ping received 1024 bytes back
Round trip time was 27.8755 milliseconds in repetition 107/151
tcp_ping received 1024 bytes back
Round trip time was 27.8127 milliseconds in repetition 108/151
tcp_ping received 1024 bytes back
Round trip time was 27.7456 milliseconds in repetition 109/151
tcp_ping received 1024 bytes back
Round trip time was 27.7034 milliseconds in repetition 110/151
tcp_ping received 1024 bytes back
Round trip time was 27.6711 milliseconds in repetition 111/151
tcp_ping received 1024 bytes back
Round trip time was 27.679 milliseconds in repetition 112/151
tcp_ping received 1024 bytes back
Round trip time was 27.6863 milliseconds in repetition 113/151
tcp_ping received 1024 bytes back
Round trip time was 27.7571 milliseconds in repetition 114/151
tcp_ping received 1024 bytes back
Round trip time was 27.6467 milliseconds in repetition 115/151
tcp_ping received 1024 bytes back
Round trip time was 28.1167 milliseconds in repetition 116/151
tcp_ping received 1024 bytes back
Round trip time was 27.6289 milliseconds in repetition 117/151
tcp_ping received 1024 bytes back
Round trip time was 28.0872 milliseconds in repetition 118/151
tcp_ping received 1024 bytes back
Round trip time was 28.6233 milliseconds in repetition 119/151
tcp_ping received 1024 bytes back
Round trip time was 27.7375 milliseconds in repetition 120/151
tcp_ping received 1024 bytes back
Round trip time was 28.1003 milliseconds in repetition 121/151
tcp_ping received 1024 bytes back
Round trip time was 27.5945 milliseconds in repetition 122/151
tcp_ping received 1024 bytes back
Round trip time was 27.5615 milliseconds in repetition 123/151
tcp_ping received 1024 bytes back
Round trip time was 28.2876 milliseconds in repetition 124/151
tcp_ping received 1024 bytes back
Round trip time was 27.6768 milliseconds in repetition 125/151
tcp_ping received 1024 bytes back
Round trip time was 27.7175 milliseconds in repetition 126/151
tcp_ping received 1024 bytes back
Round trip time was 28.0457 milliseconds in repetition 127/151
tcp_ping received 1024 bytes back
Round trip time was 27.6455 milliseconds in repetition 128/151
tcp_ping received 1024 bytes back
Round trip time was 27.8132 milliseconds in repetition 129/151
tcp_ping received 1024 bytes back
Round trip time was 27.948 milliseconds in repetition 130/151
tcp_ping received 1024 bytes back
Round trip time was 27.6768 milliseconds in repetition 131/151
tcp_ping received 1024 bytes back
Round trip time was 27.8806 milliseconds in repetition 132/151
tcp_ping received 1024 bytes back
Round trip time was 27.8975 milliseconds in repetition 133/151
tcp_ping received 1024 bytes back
Round trip time was 27.6187 milliseconds in repetition 134/151
tcp_ping received 1024 bytes back
Round trip time was 27.7046 milliseconds in repetition 135/151
tcp_ping received 1024 bytes back
Round trip time was 27.7793 milliseconds in repetition 136/151
tcp_ping received 1024 bytes back
Round trip time was 28.1616 milliseconds in repetition 137/151
tcp_ping received 1024 bytes back
Round trip time was 27.7007 milliseconds in repetition 138/151
tcp_ping received 1024 bytes back
Round trip time was 28.1211 milliseconds in repetition 139/151
tcp_ping received 1024 bytes back
Round trip time was 27.6924 milliseconds in repetition 140/151
tcp_ping received 1024 bytes back
Round trip time was 28.1228 milliseconds in repetition 141/151
tcp_ping received 1024 bytes back
Round trip time was 28.0728 milliseconds in repetition 142/151
tcp_ping received 1024 bytes back
Round trip time was 27.8003 milliseconds in repetition 143/151
tcp_ping received 1024 bytes back
Round trip time was 27.9236 milliseconds in repetition 144/151
tcp_ping received 1024 bytes back
Round trip time was 27.7266 milliseconds in repetition 145/151
tcp_ping received 1024 bytes back
Round trip time was 27.7207 milliseconds in repetition 146/151
tcp_ping received 1024 bytes back
Round trip time was 28.1116 milliseconds in repetition 147/151
tcp_ping received 1024 bytes back
Round trip time was 27.9182 milliseconds in repetition 148/151
tcp_ping received 1024 bytes back
Round trip time was 27.8923 milliseconds in repetition 149/151
tcp_ping received 1024 bytes back
Round trip time was 27.6824 milliseconds in repetition 150/151
tcp_ping received 1024 bytes back
Round trip time was 27.6262 milliseconds in repetition 151/151

 ... clock resolution was 1e-06
TCP Ping:  Statistics over 151 repetitions of 1024 byte messages

RTT : percentile 10: 27.6467, median: 27.9236, percentile 90: 29.5105, average: 28.3536, variance: 1.67959

RTT histogram:
27.325682 15
27.965416 91
28.605150 10
29.244884 24
29.884618 8
30.524352 0
31.164086 1
31.803820 0
32.443554 0
33.083288 0
33.723022 1
34.362756 0
35.002490 0
35.642224 0
36.281958 0
36.921692 0
37.561426 0
38.201160 0
38.840894 0
39.480628 0
40.120361 1
   median Throughput : 73.343 KB/s   overall Throughput : 72.2308 KB/s

