TCP Ping trying to connect to server webdev.disi.unige.it (130.251.61.30) on port 1491
 ... connected to Pong server: asking for 151 repetitions of 768 bytes TCP messages
 ... Pong server agreed :-)
tcp_ping received 768 bytes back
Round trip time was 37.0447 milliseconds in repetition 1/151
tcp_ping received 768 bytes back
Round trip time was 28.6597 milliseconds in repetition 2/151
tcp_ping received 768 bytes back
Round trip time was 28.3062 milliseconds in repetition 3/151
tcp_ping received 768 bytes back
Round trip time was 28.9038 milliseconds in repetition 4/151
tcp_ping received 768 bytes back
Round trip time was 28.4961 milliseconds in repetition 5/151
tcp_ping received 768 bytes back
Round trip time was 28.4998 milliseconds in repetition 6/151
tcp_ping received 768 bytes back
Round trip time was 28.425 milliseconds in repetition 7/151
tcp_ping received 768 bytes back
Round trip time was 30.7661 milliseconds in repetition 8/151
tcp_ping received 768 bytes back
Round trip time was 28.5217 milliseconds in repetition 9/151
tcp_ping received 768 bytes back
Round trip time was 28.8162 milliseconds in repetition 10/151
tcp_ping received 768 bytes back
Round trip time was 28.9001 milliseconds in repetition 11/151
tcp_ping received 768 bytes back
Round trip time was 29.0137 milliseconds in repetition 12/151
tcp_ping received 768 bytes back
Round trip time was 29.2935 milliseconds in repetition 13/151
tcp_ping received 768 bytes back
Round trip time was 28.7043 milliseconds in repetition 14/151
tcp_ping received 768 bytes back
Round trip time was 28.7134 milliseconds in repetition 15/151
tcp_ping received 768 bytes back
Round trip time was 28.3645 milliseconds in repetition 16/151
tcp_ping received 768 bytes back
Round trip time was 28.825 milliseconds in repetition 17/151
tcp_ping received 768 bytes back
Round trip time was 28.5605 milliseconds in repetition 18/151
tcp_ping received 768 bytes back
Round trip time was 28.9336 milliseconds in repetition 19/151
tcp_ping received 768 bytes back
Round trip time was 28.791 milliseconds in repetition 20/151
tcp_ping received 768 bytes back
Round trip time was 28.9607 milliseconds in repetition 21/151
tcp_ping received 768 bytes back
Round trip time was 28.677 milliseconds in repetition 22/151
tcp_ping received 768 bytes back
Round trip time was 28.98 milliseconds in repetition 23/151
tcp_ping received 768 bytes back
Round trip time was 28.7856 milliseconds in repetition 24/151
tcp_ping received 768 bytes back
Round trip time was 28.7637 milliseconds in repetition 25/151
tcp_ping received 768 bytes back
Round trip time was 28.6865 milliseconds in repetition 26/151
tcp_ping received 768 bytes back
Round trip time was 28.9597 milliseconds in repetition 27/151
tcp_ping received 768 bytes back
Round trip time was 28.7061 milliseconds in repetition 28/151
tcp_ping received 768 bytes back
Round trip time was 28.8376 milliseconds in repetition 29/151
tcp_ping received 768 bytes back
Round trip time was 28.6431 milliseconds in repetition 30/151
tcp_ping received 768 bytes back
Round trip time was 28.9805 milliseconds in repetition 31/151
tcp_ping received 768 bytes back
Round trip time was 29.0437 milliseconds in repetition 32/151
tcp_ping received 768 bytes back
Round trip time was 28.5764 milliseconds in repetition 33/151
tcp_ping received 768 bytes back
Round trip time was 29.7791 milliseconds in repetition 34/151
tcp_ping received 768 bytes back
Round trip time was 27.7195 milliseconds in repetition 35/151
tcp_ping received 768 bytes back
Round trip time was 27.2605 milliseconds in repetition 36/151
tcp_ping received 768 bytes back
Round trip time was 27.3652 milliseconds in repetition 37/151
tcp_ping received 768 bytes back
Round trip time was 27.3843 milliseconds in repetition 38/151
tcp_ping received 768 bytes back
Round trip time was 27.2544 milliseconds in repetition 39/151
tcp_ping received 768 bytes back
Round trip time was 27.302 milliseconds in repetition 40/151
tcp_ping received 768 bytes back
Round trip time was 27.4878 milliseconds in repetition 41/151
tcp_ping received 768 bytes back
Round trip time was 27.4468 milliseconds in repetition 42/151
tcp_ping received 768 bytes back
Round trip time was 27.355 milliseconds in repetition 43/151
tcp_ping received 768 bytes back
Round trip time was 27.6956 milliseconds in repetition 44/151
tcp_ping received 768 bytes back
Round trip time was 27.425 milliseconds in repetition 45/151
tcp_ping received 768 bytes back
Round trip time was 27.3394 milliseconds in repetition 46/151
tcp_ping received 768 bytes back
Round trip time was 27.8635 milliseconds in repetition 47/151
tcp_ping received 768 bytes back
Round trip time was 27.439 milliseconds in repetition 48/151
tcp_ping received 768 bytes back
Round trip time was 27.4358 milliseconds in repetition 49/151
tcp_ping received 768 bytes back
Round trip time was 27.71 milliseconds in repetition 50/151
tcp_ping received 768 bytes back
Round trip time was 27.5381 milliseconds in repetition 51/151
tcp_ping received 768 bytes back
Round trip time was 27.2122 milliseconds in repetition 52/151
tcp_ping received 768 bytes back
Round trip time was 27.4565 milliseconds in repetition 53/151
tcp_ping received 768 bytes back
Round trip time was 27.5288 milliseconds in repetition 54/151
tcp_ping received 768 bytes back
Round trip time was 27.405 milliseconds in repetition 55/151
tcp_ping received 768 bytes back
Round trip time was 27.2388 milliseconds in repetition 56/151
tcp_ping received 768 bytes back
Round trip time was 27.1838 milliseconds in repetition 57/151
tcp_ping received 768 bytes back
Round trip time was 27.2146 milliseconds in repetition 58/151
tcp_ping received 768 bytes back
Round trip time was 27.5334 milliseconds in repetition 59/151
tcp_ping received 768 bytes back
Round trip time was 27.7925 milliseconds in repetition 60/151
tcp_ping received 768 bytes back
Round trip time was 27.4358 milliseconds in repetition 61/151
tcp_ping received 768 bytes back
Round trip time was 27.4417 milliseconds in repetition 62/151
tcp_ping received 768 bytes back
Round trip time was 27.585 milliseconds in repetition 63/151
tcp_ping received 768 bytes back
Round trip time was 27.1458 milliseconds in repetition 64/151
tcp_ping received 768 bytes back
Round trip time was 27.2622 milliseconds in repetition 65/151
tcp_ping received 768 bytes back
Round trip time was 27.2148 milliseconds in repetition 66/151
tcp_ping received 768 bytes back
Round trip time was 27.5918 milliseconds in repetition 67/151
tcp_ping received 768 bytes back
Round trip time was 27.4155 milliseconds in repetition 68/151
tcp_ping received 768 bytes back
Round trip time was 27.3572 milliseconds in repetition 69/151
tcp_ping received 768 bytes back
Round trip time was 27.5796 milliseconds in repetition 70/151
tcp_ping received 768 bytes back
Round trip time was 27.01 milliseconds in repetition 71/151
tcp_ping received 768 bytes back
Round trip time was 27.4197 milliseconds in repetition 72/151
tcp_ping received 768 bytes back
Round trip time was 27.1978 milliseconds in repetition 73/151
tcp_ping received 768 bytes back
Round trip time was 27.2754 milliseconds in repetition 74/151
tcp_ping received 768 bytes back
Round trip time was 26.99 milliseconds in repetition 75/151
tcp_ping received 768 bytes back
Round trip time was 27.304 milliseconds in repetition 76/151
tcp_ping received 768 bytes back
Round trip time was 27.2158 milliseconds in repetition 77/151
tcp_ping received 768 bytes back
Round trip time was 27.29 milliseconds in repetition 78/151
tcp_ping received 768 bytes back
Round trip time was 27.9626 milliseconds in repetition 79/151
tcp_ping received 768 bytes back
Round trip time was 27.1521 milliseconds in repetition 80/151
tcp_ping received 768 bytes back
Round trip time was 27.2546 milliseconds in repetition 81/151
tcp_ping received 768 bytes back
Round trip time was 27.3933 milliseconds in repetition 82/151
tcp_ping received 768 bytes back
Round trip time was 27.0925 milliseconds in repetition 83/151
tcp_ping received 768 bytes back
Round trip time was 27.3264 milliseconds in repetition 84/151
tcp_ping received 768 bytes back
Round trip time was 27.4143 milliseconds in repetition 85/151
tcp_ping received 768 bytes back
Round trip time was 27.9165 milliseconds in repetition 86/151
tcp_ping received 768 bytes back
Round trip time was 27.4712 milliseconds in repetition 87/151
tcp_ping received 768 bytes back
Round trip time was 28.2056 milliseconds in repetition 88/151
tcp_ping received 768 bytes back
Round trip time was 27.2273 milliseconds in repetition 89/151
tcp_ping received 768 bytes back
Round trip time was 28.3748 milliseconds in repetition 90/151
tcp_ping received 768 bytes back
Round trip time was 27.3638 milliseconds in repetition 91/151
tcp_ping received 768 bytes back
Round trip time was 27.1853 milliseconds in repetition 92/151
tcp_ping received 768 bytes back
Round trip time was 28.4429 milliseconds in repetition 93/151
tcp_ping received 768 bytes back
Round trip time was 27.5703 milliseconds in repetition 94/151
tcp_ping received 768 bytes back
Round trip time was 27.7617 milliseconds in repetition 95/151
tcp_ping received 768 bytes back
Round trip time was 27.2388 milliseconds in repetition 96/151
tcp_ping received 768 bytes back
Round trip time was 27.7073 milliseconds in repetition 97/151
tcp_ping received 768 bytes back
Round trip time was 28.2825 milliseconds in repetition 98/151
tcp_ping received 768 bytes back
Round trip time was 27.4502 milliseconds in repetition 99/151
tcp_ping received 768 bytes back
Round trip time was 27.4939 milliseconds in repetition 100/151
tcp_ping received 768 bytes back
Round trip time was 27.3806 milliseconds in repetition 101/151
tcp_ping received 768 bytes back
Round trip time was 28.1743 milliseconds in repetition 102/151
tcp_ping received 768 bytes back
Round trip time was 27.1223 milliseconds in repetition 103/151
tcp_ping received 768 bytes back
Round trip time was 27.3816 milliseconds in repetition 104/151
tcp_ping received 768 bytes back
Round trip time was 27.4062 milliseconds in repetition 105/151
tcp_ping received 768 bytes back
Round trip time was 27.4463 milliseconds in repetition 106/151
tcp_ping received 768 bytes back
Round trip time was 27.1169 milliseconds in repetition 107/151
tcp_ping received 768 bytes back
Round trip time was 27.0024 milliseconds in repetition 108/151
tcp_ping received 768 bytes back
Round trip time was 27.2625 milliseconds in repetition 109/151
tcp_ping received 768 bytes back
Round trip time was 27.21 milliseconds in repetition 110/151
tcp_ping received 768 bytes back
Round trip time was 27.0225 milliseconds in repetition 111/151
tcp_ping received 768 bytes back
Round trip time was 27.4104 milliseconds in repetition 112/151
tcp_ping received 768 bytes back
Round trip time was 27.2722 milliseconds in repetition 113/151
tcp_ping received 768 bytes back
Round trip time was 27.4717 milliseconds in repetition 114/151
tcp_ping received 768 bytes back
Round trip time was 27.3411 milliseconds in repetition 115/151
tcp_ping received 768 bytes back
Round trip time was 34.1899 milliseconds in repetition 116/151
tcp_ping received 768 bytes back
Round trip time was 27.2021 milliseconds in repetition 117/151
tcp_ping received 768 bytes back
Round trip time was 32.0325 milliseconds in repetition 118/151
tcp_ping received 768 bytes back
Round trip time was 27.5334 milliseconds in repetition 119/151
tcp_ping received 768 bytes back
Round trip time was 27.4817 milliseconds in repetition 120/151
tcp_ping received 768 bytes back
Round trip time was 27.5002 milliseconds in repetition 121/151
tcp_ping received 768 bytes back
Round trip time was 27.5022 milliseconds in repetition 122/151
tcp_ping received 768 bytes back
Round trip time was 27.5115 milliseconds in repetition 123/151
tcp_ping received 768 bytes back
Round trip time was 27.5251 milliseconds in repetition 124/151
tcp_ping received 768 bytes back
Round trip time was 27.7224 milliseconds in repetition 125/151
tcp_ping received 768 bytes back
Round trip time was 27.4089 milliseconds in repetition 126/151
tcp_ping received 768 bytes back
Round trip time was 27.2178 milliseconds in repetition 127/151
tcp_ping received 768 bytes back
Round trip time was 27.7834 milliseconds in repetition 128/151
tcp_ping received 768 bytes back
Round trip time was 27.3855 milliseconds in repetition 129/151
tcp_ping received 768 bytes back
Round trip time was 27.3403 milliseconds in repetition 130/151
tcp_ping received 768 bytes back
Round trip time was 27.2271 milliseconds in repetition 131/151
tcp_ping received 768 bytes back
Round trip time was 27.5759 milliseconds in repetition 132/151
tcp_ping received 768 bytes back
Round trip time was 27.2256 milliseconds in repetition 133/151
tcp_ping received 768 bytes back
Round trip time was 27.3052 milliseconds in repetition 134/151
tcp_ping received 768 bytes back
Round trip time was 27.1467 milliseconds in repetition 135/151
tcp_ping received 768 bytes back
Round trip time was 27.5649 milliseconds in repetition 136/151
tcp_ping received 768 bytes back
Round trip time was 27.2222 milliseconds in repetition 137/151
tcp_ping received 768 bytes back
Round trip time was 27.3918 milliseconds in repetition 138/151
tcp_ping received 768 bytes back
Round trip time was 27.1912 milliseconds in repetition 139/151
tcp_ping received 768 bytes back
Round trip time was 27.3293 milliseconds in repetition 140/151
tcp_ping received 768 bytes back
Round trip time was 27.0032 milliseconds in repetition 141/151
tcp_ping received 768 bytes back
Round trip time was 27.2029 milliseconds in repetition 142/151
tcp_ping received 768 bytes back
Round trip time was 27.2961 milliseconds in repetition 143/151
tcp_ping received 768 bytes back
Round trip time was 27.3396 milliseconds in repetition 144/151
tcp_ping received 768 bytes back
Round trip time was 27.1052 milliseconds in repetition 145/151
tcp_ping received 768 bytes back
Round trip time was 27.5039 milliseconds in repetition 146/151
tcp_ping received 768 bytes back
Round trip time was 27.4819 milliseconds in repetition 147/151
tcp_ping received 768 bytes back
Round trip time was 27.5251 milliseconds in repetition 148/151
tcp_ping received 768 bytes back
Round trip time was 27.3743 milliseconds in repetition 149/151
tcp_ping received 768 bytes back
Round trip time was 27.8438 milliseconds in repetition 150/151
tcp_ping received 768 bytes back
Round trip time was 27.447 milliseconds in repetition 151/151

 ... clock resolution was 1e-06
TCP Ping:  Statistics over 151 repetitions of 768 byte messages

RTT : percentile 10: 27.1978, median: 27.4565, percentile 90: 28.8376, average: 27.8754, variance: 1.40109

RTT histogram:
26.989990 30
27.492724 73
27.995458 9
28.498193 18
29.000927 15
29.503662 1
30.006396 1
30.509131 0
31.011865 1
31.514600 0
32.017334 1
32.520068 0
33.022803 0
33.525537 0
34.028272 1
34.531006 0
35.033741 0
35.536475 0
36.039210 0
36.541944 0
37.044678 1
   median Throughput : 55.9429 KB/s   overall Throughput : 55.1023 KB/s

