TCP Ping trying to connect to server webdev.disi.unige.it (130.251.61.30) on port 1491
 ... connected to Pong server: asking for 151 repetitions of 262144 bytes TCP messages
 ... Pong server agreed :-)
tcp_ping received 262144 bytes back
Round trip time was 346.87 milliseconds in repetition 1/151
tcp_ping received 262144 bytes back
Round trip time was 173.588 milliseconds in repetition 2/151
tcp_ping received 262144 bytes back
Round trip time was 167.332 milliseconds in repetition 3/151
tcp_ping received 262144 bytes back
Round trip time was 168.029 milliseconds in repetition 4/151
tcp_ping received 262144 bytes back
Round trip time was 167.357 milliseconds in repetition 5/151
tcp_ping received 262144 bytes back
Round trip time was 168.604 milliseconds in repetition 6/151
tcp_ping received 262144 bytes back
Round trip time was 169.49 milliseconds in repetition 7/151
tcp_ping received 262144 bytes back
Round trip time was 167.999 milliseconds in repetition 8/151
tcp_ping received 262144 bytes back
Round trip time was 167.835 milliseconds in repetition 9/151
tcp_ping received 262144 bytes back
Round trip time was 168.99 milliseconds in repetition 10/151
tcp_ping received 262144 bytes back
Round trip time was 169.068 milliseconds in repetition 11/151
tcp_ping received 262144 bytes back
Round trip time was 168.106 milliseconds in repetition 12/151
tcp_ping received 262144 bytes back
Round trip time was 169.938 milliseconds in repetition 13/151
tcp_ping received 262144 bytes back
Round trip time was 191.265 milliseconds in repetition 14/151
tcp_ping received 262144 bytes back
Round trip time was 167.592 milliseconds in repetition 15/151
tcp_ping received 262144 bytes back
Round trip time was 167.604 milliseconds in repetition 16/151
tcp_ping received 262144 bytes back
Round trip time was 167.319 milliseconds in repetition 17/151
tcp_ping received 262144 bytes back
Round trip time was 167.782 milliseconds in repetition 18/151
tcp_ping received 262144 bytes back
Round trip time was 192.149 milliseconds in repetition 19/151
tcp_ping received 262144 bytes back
Round trip time was 166.97 milliseconds in repetition 20/151
tcp_ping received 262144 bytes back
Round trip time was 168.719 milliseconds in repetition 21/151
tcp_ping received 262144 bytes back
Round trip time was 168.555 milliseconds in repetition 22/151
tcp_ping received 262144 bytes back
Round trip time was 167.18 milliseconds in repetition 23/151
tcp_ping received 262144 bytes back
Round trip time was 168.895 milliseconds in repetition 24/151
tcp_ping received 262144 bytes back
Round trip time was 168.643 milliseconds in repetition 25/151
tcp_ping received 262144 bytes back
Round trip time was 191.091 milliseconds in repetition 26/151
tcp_ping received 262144 bytes back
Round trip time was 167.769 milliseconds in repetition 27/151
tcp_ping received 262144 bytes back
Round trip time was 190.803 milliseconds in repetition 28/151
tcp_ping received 262144 bytes back
Round trip time was 168.91 milliseconds in repetition 29/151
tcp_ping received 262144 bytes back
Round trip time was 167.414 milliseconds in repetition 30/151
tcp_ping received 262144 bytes back
Round trip time was 167.739 milliseconds in repetition 31/151
tcp_ping received 262144 bytes back
Round trip time was 167.534 milliseconds in repetition 32/151
tcp_ping received 262144 bytes back
Round trip time was 167.483 milliseconds in repetition 33/151
tcp_ping received 262144 bytes back
Round trip time was 168.227 milliseconds in repetition 34/151
tcp_ping received 262144 bytes back
Round trip time was 167.49 milliseconds in repetition 35/151
tcp_ping received 262144 bytes back
Round trip time was 178.438 milliseconds in repetition 36/151
tcp_ping received 262144 bytes back
Round trip time was 168.351 milliseconds in repetition 37/151
tcp_ping received 262144 bytes back
Round trip time was 167.21 milliseconds in repetition 38/151
tcp_ping received 262144 bytes back
Round trip time was 167.55 milliseconds in repetition 39/151
tcp_ping received 262144 bytes back
Round trip time was 191.383 milliseconds in repetition 40/151
tcp_ping received 262144 bytes back
Round trip time was 167.972 milliseconds in repetition 41/151
tcp_ping received 262144 bytes back
Round trip time was 191.782 milliseconds in repetition 42/151
tcp_ping received 262144 bytes back
Round trip time was 167.621 milliseconds in repetition 43/151
tcp_ping received 262144 bytes back
Round trip time was 190.69 milliseconds in repetition 44/151
tcp_ping received 262144 bytes back
Round trip time was 192.132 milliseconds in repetition 45/151
tcp_ping received 262144 bytes back
Round trip time was 167.552 milliseconds in repetition 46/151
tcp_ping received 262144 bytes back
Round trip time was 167.613 milliseconds in repetition 47/151
tcp_ping received 262144 bytes back
Round trip time was 167.363 milliseconds in repetition 48/151
tcp_ping received 262144 bytes back
Round trip time was 167.278 milliseconds in repetition 49/151
tcp_ping received 262144 bytes back
Round trip time was 168.022 milliseconds in repetition 50/151
tcp_ping received 262144 bytes back
Round trip time was 167.294 milliseconds in repetition 51/151
tcp_ping received 262144 bytes back
Round trip time was 188.405 milliseconds in repetition 52/151
tcp_ping received 262144 bytes back
Round trip time was 167.184 milliseconds in repetition 53/151
tcp_ping received 262144 bytes back
Round trip time was 168.995 milliseconds in repetition 54/151
tcp_ping received 262144 bytes back
Round trip time was 167.986 milliseconds in repetition 55/151
tcp_ping received 262144 bytes back
Round trip time was 167.784 milliseconds in repetition 56/151
tcp_ping received 262144 bytes back
Round trip time was 167.613 milliseconds in repetition 57/151
tcp_ping received 262144 bytes back
Round trip time was 167.164 milliseconds in repetition 58/151
tcp_ping received 262144 bytes back
Round trip time was 227.769 milliseconds in repetition 59/151
tcp_ping received 262144 bytes back
Round trip time was 167.959 milliseconds in repetition 60/151
tcp_ping received 262144 bytes back
Round trip time was 167.344 milliseconds in repetition 61/151
tcp_ping received 262144 bytes back
Round trip time was 167.276 milliseconds in repetition 62/151
tcp_ping received 262144 bytes back
Round trip time was 167.854 milliseconds in repetition 63/151
tcp_ping received 262144 bytes back
Round trip time was 168.265 milliseconds in repetition 64/151
tcp_ping received 262144 bytes back
Round trip time was 171.271 milliseconds in repetition 65/151
tcp_ping received 262144 bytes back
Round trip time was 168.016 milliseconds in repetition 66/151
tcp_ping received 262144 bytes back
Round trip time was 167.662 milliseconds in repetition 67/151
tcp_ping received 262144 bytes back
Round trip time was 191.573 milliseconds in repetition 68/151
tcp_ping received 262144 bytes back
Round trip time was 190.464 milliseconds in repetition 69/151
tcp_ping received 262144 bytes back
Round trip time was 167.891 milliseconds in repetition 70/151
tcp_ping received 262144 bytes back
Round trip time was 167.625 milliseconds in repetition 71/151
tcp_ping received 262144 bytes back
Round trip time was 191.673 milliseconds in repetition 72/151
tcp_ping received 262144 bytes back
Round trip time was 167.527 milliseconds in repetition 73/151
tcp_ping received 262144 bytes back
Round trip time was 167.533 milliseconds in repetition 74/151
tcp_ping received 262144 bytes back
Round trip time was 167.23 milliseconds in repetition 75/151
tcp_ping received 262144 bytes back
Round trip time was 166.921 milliseconds in repetition 76/151
tcp_ping received 262144 bytes back
Round trip time was 168.053 milliseconds in repetition 77/151
tcp_ping received 262144 bytes back
Round trip time was 168.023 milliseconds in repetition 78/151
tcp_ping received 262144 bytes back
Round trip time was 167.408 milliseconds in repetition 79/151
tcp_ping received 262144 bytes back
Round trip time was 167.344 milliseconds in repetition 80/151
tcp_ping received 262144 bytes back
Round trip time was 167.805 milliseconds in repetition 81/151
tcp_ping received 262144 bytes back
Round trip time was 202.955 milliseconds in repetition 82/151
tcp_ping received 262144 bytes back
Round trip time was 169.119 milliseconds in repetition 83/151
tcp_ping received 262144 bytes back
Round trip time was 167.586 milliseconds in repetition 84/151
tcp_ping received 262144 bytes back
Round trip time was 169.962 milliseconds in repetition 85/151
tcp_ping received 262144 bytes back
Round trip time was 167.365 milliseconds in repetition 86/151
tcp_ping received 262144 bytes back
Round trip time was 167.354 milliseconds in repetition 87/151
tcp_ping received 262144 bytes back
Round trip time was 167.141 milliseconds in repetition 88/151
tcp_ping received 262144 bytes back
Round trip time was 169.149 milliseconds in repetition 89/151
tcp_ping received 262144 bytes back
Round trip time was 167.474 milliseconds in repetition 90/151
tcp_ping received 262144 bytes back
Round trip time was 167.464 milliseconds in repetition 91/151
tcp_ping received 262144 bytes back
Round trip time was 168.69 milliseconds in repetition 92/151
tcp_ping received 262144 bytes back
Round trip time was 170.301 milliseconds in repetition 93/151
tcp_ping received 262144 bytes back
Round trip time was 168.413 milliseconds in repetition 94/151
tcp_ping received 262144 bytes back
Round trip time was 168.758 milliseconds in repetition 95/151
tcp_ping received 262144 bytes back
Round trip time was 172.315 milliseconds in repetition 96/151
tcp_ping received 262144 bytes back
Round trip time was 169.78 milliseconds in repetition 97/151
tcp_ping received 262144 bytes back
Round trip time was 168.647 milliseconds in repetition 98/151
tcp_ping received 262144 bytes back
Round trip time was 169.385 milliseconds in repetition 99/151
tcp_ping received 262144 bytes back
Round trip time was 189.798 milliseconds in repetition 100/151
tcp_ping received 262144 bytes back
Round trip time was 167.411 milliseconds in repetition 101/151
tcp_ping received 262144 bytes back
Round trip time was 168.422 milliseconds in repetition 102/151
tcp_ping received 262144 bytes back
Round trip time was 191.275 milliseconds in repetition 103/151
tcp_ping received 262144 bytes back
Round trip time was 167.874 milliseconds in repetition 104/151
tcp_ping received 262144 bytes back
Round trip time was 202.266 milliseconds in repetition 105/151
tcp_ping received 262144 bytes back
Round trip time was 167.362 milliseconds in repetition 106/151
tcp_ping received 262144 bytes back
Round trip time was 167.002 milliseconds in repetition 107/151
tcp_ping received 262144 bytes back
Round trip time was 191.895 milliseconds in repetition 108/151
tcp_ping received 262144 bytes back
Round trip time was 167.587 milliseconds in repetition 109/151
tcp_ping received 262144 bytes back
Round trip time was 167.52 milliseconds in repetition 110/151
tcp_ping received 262144 bytes back
Round trip time was 167.506 milliseconds in repetition 111/151
tcp_ping received 262144 bytes back
Round trip time was 168.719 milliseconds in repetition 112/151
tcp_ping received 262144 bytes back
Round trip time was 167.469 milliseconds in repetition 113/151
tcp_ping received 262144 bytes back
Round trip time was 167.824 milliseconds in repetition 114/151
tcp_ping received 262144 bytes back
Round trip time was 168.67 milliseconds in repetition 115/151
tcp_ping received 262144 bytes back
Round trip time was 167.19 milliseconds in repetition 116/151
tcp_ping received 262144 bytes back
Round trip time was 168.466 milliseconds in repetition 117/151
tcp_ping received 262144 bytes back
Round trip time was 192.543 milliseconds in repetition 118/151
tcp_ping received 262144 bytes back
Round trip time was 241.944 milliseconds in repetition 119/151
tcp_ping received 262144 bytes back
Round trip time was 169.771 milliseconds in repetition 120/151
tcp_ping received 262144 bytes back
Round trip time was 192.741 milliseconds in repetition 121/151
tcp_ping received 262144 bytes back
Round trip time was 169.912 milliseconds in repetition 122/151
tcp_ping received 262144 bytes back
Round trip time was 192.802 milliseconds in repetition 123/151
tcp_ping received 262144 bytes back
Round trip time was 168.045 milliseconds in repetition 124/151
tcp_ping received 262144 bytes back
Round trip time was 167.327 milliseconds in repetition 125/151
tcp_ping received 262144 bytes back
Round trip time was 169.277 milliseconds in repetition 126/151
tcp_ping received 262144 bytes back
Round trip time was 169.262 milliseconds in repetition 127/151
tcp_ping received 262144 bytes back
Round trip time was 172.381 milliseconds in repetition 128/151
tcp_ping received 262144 bytes back
Round trip time was 169.346 milliseconds in repetition 129/151
tcp_ping received 262144 bytes back
Round trip time was 167.111 milliseconds in repetition 130/151
tcp_ping received 262144 bytes back
Round trip time was 170.007 milliseconds in repetition 131/151
tcp_ping received 262144 bytes back
Round trip time was 172.067 milliseconds in repetition 132/151
tcp_ping received 262144 bytes back
Round trip time was 170.189 milliseconds in repetition 133/151
tcp_ping received 262144 bytes back
Round trip time was 168.878 milliseconds in repetition 134/151
tcp_ping received 262144 bytes back
Round trip time was 168.043 milliseconds in repetition 135/151
tcp_ping received 262144 bytes back
Round trip time was 168.11 milliseconds in repetition 136/151
tcp_ping received 262144 bytes back
Round trip time was 167.726 milliseconds in repetition 137/151
tcp_ping received 262144 bytes back
Round trip time was 168.486 milliseconds in repetition 138/151
tcp_ping received 262144 bytes back
Round trip time was 167.427 milliseconds in repetition 139/151
tcp_ping received 262144 bytes back
Round trip time was 173.756 milliseconds in repetition 140/151
tcp_ping received 262144 bytes back
Round trip time was 167.718 milliseconds in repetition 141/151
tcp_ping received 262144 bytes back
Round trip time was 168.864 milliseconds in repetition 142/151
tcp_ping received 262144 bytes back
Round trip time was 191.421 milliseconds in repetition 143/151
tcp_ping received 262144 bytes back
Round trip time was 192.141 milliseconds in repetition 144/151
tcp_ping received 262144 bytes back
Round trip time was 167.92 milliseconds in repetition 145/151
tcp_ping received 262144 bytes back
Round trip time was 193.164 milliseconds in repetition 146/151
tcp_ping received 262144 bytes back
Round trip time was 167.862 milliseconds in repetition 147/151
tcp_ping received 262144 bytes back
Round trip time was 190.613 milliseconds in repetition 148/151
tcp_ping received 262144 bytes back
Round trip time was 193.252 milliseconds in repetition 149/151
tcp_ping received 262144 bytes back
Round trip time was 169.521 milliseconds in repetition 150/151
tcp_ping received 262144 bytes back
Round trip time was 202.935 milliseconds in repetition 151/151

 ... clock resolution was 1e-06
TCP Ping:  Statistics over 151 repetitions of 262144 byte messages

RTT : percentile 10: 167.327, median: 168.11, percentile 90: 191.782, average: 174.655, variance: 340.233

RTT histogram:
166.920897 116
175.918346 6
184.915795 1
193.913244 22
202.910693 3
211.908141 0
220.905590 0
229.903039 1
238.900488 1
247.897937 0
256.895385 0
265.892834 0
274.890283 0
283.887732 0
292.885181 0
301.882630 0
310.880078 0
319.877527 0
328.874976 0
337.872425 0
346.869873 1
   median Throughput : 3118.72 KB/s   overall Throughput : 3001.85 KB/s

