TCP Ping trying to connect to server webdev.disi.unige.it (130.251.61.30) on port 1491
 ... connected to Pong server: asking for 151 repetitions of 1536 bytes TCP messages
 ... Pong server agreed :-)
tcp_ping received 1536 bytes back
Round trip time was 40.1196 milliseconds in repetition 1/151
tcp_ping received 1536 bytes back
Round trip time was 31.1328 milliseconds in repetition 2/151
tcp_ping received 1536 bytes back
Round trip time was 30.5154 milliseconds in repetition 3/151
tcp_ping received 1536 bytes back
Round trip time was 30.5693 milliseconds in repetition 4/151
tcp_ping received 1536 bytes back
Round trip time was 30.6179 milliseconds in repetition 5/151
tcp_ping received 1536 bytes back
Round trip time was 30.8579 milliseconds in repetition 6/151
tcp_ping received 1536 bytes back
Round trip time was 30.7793 milliseconds in repetition 7/151
tcp_ping received 1536 bytes back
Round trip time was 30.7773 milliseconds in repetition 8/151
tcp_ping received 1536 bytes back
Round trip time was 30.5586 milliseconds in repetition 9/151
tcp_ping received 1536 bytes back
Round trip time was 30.5186 milliseconds in repetition 10/151
tcp_ping received 1536 bytes back
Round trip time was 30.7622 milliseconds in repetition 11/151
tcp_ping received 1536 bytes back
Round trip time was 30.7456 milliseconds in repetition 12/151
tcp_ping received 1536 bytes back
Round trip time was 30.5032 milliseconds in repetition 13/151
tcp_ping received 1536 bytes back
Round trip time was 30.6943 milliseconds in repetition 14/151
tcp_ping received 1536 bytes back
Round trip time was 30.925 milliseconds in repetition 15/151
tcp_ping received 1536 bytes back
Round trip time was 30.5955 milliseconds in repetition 16/151
tcp_ping received 1536 bytes back
Round trip time was 30.0903 milliseconds in repetition 17/151
tcp_ping received 1536 bytes back
Round trip time was 28.0496 milliseconds in repetition 18/151
tcp_ping received 1536 bytes back
Round trip time was 28.4946 milliseconds in repetition 19/151
tcp_ping received 1536 bytes back
Round trip time was 29.1174 milliseconds in repetition 20/151
tcp_ping received 1536 bytes back
Round trip time was 28.02 milliseconds in repetition 21/151
tcp_ping received 1536 bytes back
Round trip time was 28.064 milliseconds in repetition 22/151
tcp_ping received 1536 bytes back
Round trip time was 28.1187 milliseconds in repetition 23/151
tcp_ping received 1536 bytes back
Round trip time was 28.4944 milliseconds in repetition 24/151
tcp_ping received 1536 bytes back
Round trip time was 28.1616 milliseconds in repetition 25/151
tcp_ping received 1536 bytes back
Round trip time was 28.4131 milliseconds in repetition 26/151
tcp_ping received 1536 bytes back
Round trip time was 28.2925 milliseconds in repetition 27/151
tcp_ping received 1536 bytes back
Round trip time was 28.1101 milliseconds in repetition 28/151
tcp_ping received 1536 bytes back
Round trip time was 28.1658 milliseconds in repetition 29/151
tcp_ping received 1536 bytes back
Round trip time was 28.0925 milliseconds in repetition 30/151
tcp_ping received 1536 bytes back
Round trip time was 27.9958 milliseconds in repetition 31/151
tcp_ping received 1536 bytes back
Round trip time was 28.1958 milliseconds in repetition 32/151
tcp_ping received 1536 bytes back
Round trip time was 29.1279 milliseconds in repetition 33/151
tcp_ping received 1536 bytes back
Round trip time was 28.1187 milliseconds in repetition 34/151
tcp_ping received 1536 bytes back
Round trip time was 28.2725 milliseconds in repetition 35/151
tcp_ping received 1536 bytes back
Round trip time was 28.7749 milliseconds in repetition 36/151
tcp_ping received 1536 bytes back
Round trip time was 28.1309 milliseconds in repetition 37/151
tcp_ping received 1536 bytes back
Round trip time was 28.2793 milliseconds in repetition 38/151
tcp_ping received 1536 bytes back
Round trip time was 28.2549 milliseconds in repetition 39/151
tcp_ping received 1536 bytes back
Round trip time was 28.3721 milliseconds in repetition 40/151
tcp_ping received 1536 bytes back
Round trip time was 28.3081 milliseconds in repetition 41/151
tcp_ping received 1536 bytes back
Round trip time was 28.3081 milliseconds in repetition 42/151
tcp_ping received 1536 bytes back
Round trip time was 27.9829 milliseconds in repetition 43/151
tcp_ping received 1536 bytes back
Round trip time was 28.0679 milliseconds in repetition 44/151
tcp_ping received 1536 bytes back
Round trip time was 27.9744 milliseconds in repetition 45/151
tcp_ping received 1536 bytes back
Round trip time was 28.1328 milliseconds in repetition 46/151
tcp_ping received 1536 bytes back
Round trip time was 27.9155 milliseconds in repetition 47/151
tcp_ping received 1536 bytes back
Round trip time was 28.167 milliseconds in repetition 48/151
tcp_ping received 1536 bytes back
Round trip time was 28.4167 milliseconds in repetition 49/151
tcp_ping received 1536 bytes back
Round trip time was 28.0273 milliseconds in repetition 50/151
tcp_ping received 1536 bytes back
Round trip time was 28.5571 milliseconds in repetition 51/151
tcp_ping received 1536 bytes back
Round trip time was 28.8586 milliseconds in repetition 52/151
tcp_ping received 1536 bytes back
Round trip time was 28.2346 milliseconds in repetition 53/151
tcp_ping received 1536 bytes back
Round trip time was 28.1631 milliseconds in repetition 54/151
tcp_ping received 1536 bytes back
Round trip time was 28.0361 milliseconds in repetition 55/151
tcp_ping received 1536 bytes back
Round trip time was 27.9954 milliseconds in repetition 56/151
tcp_ping received 1536 bytes back
Round trip time was 27.9912 milliseconds in repetition 57/151
tcp_ping received 1536 bytes back
Round trip time was 28.3335 milliseconds in repetition 58/151
tcp_ping received 1536 bytes back
Round trip time was 27.8262 milliseconds in repetition 59/151
tcp_ping received 1536 bytes back
Round trip time was 28.0793 milliseconds in repetition 60/151
tcp_ping received 1536 bytes back
Round trip time was 28.3669 milliseconds in repetition 61/151
tcp_ping received 1536 bytes back
Round trip time was 28.063 milliseconds in repetition 62/151
tcp_ping received 1536 bytes back
Round trip time was 28.1133 milliseconds in repetition 63/151
tcp_ping received 1536 bytes back
Round trip time was 28.6814 milliseconds in repetition 64/151
tcp_ping received 1536 bytes back
Round trip time was 28.7776 milliseconds in repetition 65/151
tcp_ping received 1536 bytes back
Round trip time was 28.1533 milliseconds in repetition 66/151
tcp_ping received 1536 bytes back
Round trip time was 28.3933 milliseconds in repetition 67/151
tcp_ping received 1536 bytes back
Round trip time was 27.9529 milliseconds in repetition 68/151
tcp_ping received 1536 bytes back
Round trip time was 28.1201 milliseconds in repetition 69/151
tcp_ping received 1536 bytes back
Round trip time was 28.3523 milliseconds in repetition 70/151
tcp_ping received 1536 bytes back
Round trip time was 28.0869 milliseconds in repetition 71/151
tcp_ping received 1536 bytes back
Round trip time was 27.8586 milliseconds in repetition 72/151
tcp_ping received 1536 bytes back
Round trip time was 28.0662 milliseconds in repetition 73/151
tcp_ping received 1536 bytes back
Round trip time was 28.2739 milliseconds in repetition 74/151
tcp_ping received 1536 bytes back
Round trip time was 27.9902 milliseconds in repetition 75/151
tcp_ping received 1536 bytes back
Round trip time was 28.1838 milliseconds in repetition 76/151
tcp_ping received 1536 bytes back
Round trip time was 28.4727 milliseconds in repetition 77/151
tcp_ping received 1536 bytes back
Round trip time was 28.5161 milliseconds in repetition 78/151
tcp_ping received 1536 bytes back
Round trip time was 27.9331 milliseconds in repetition 79/151
tcp_ping received 1536 bytes back
Round trip time was 28.0051 milliseconds in repetition 80/151
tcp_ping received 1536 bytes back
Round trip time was 28.231 milliseconds in repetition 81/151
tcp_ping received 1536 bytes back
Round trip time was 28.2505 milliseconds in repetition 82/151
tcp_ping received 1536 bytes back
Round trip time was 28.291 milliseconds in repetition 83/151
tcp_ping received 1536 bytes back
Round trip time was 28.4839 milliseconds in repetition 84/151
tcp_ping received 1536 bytes back
Round trip time was 28.2769 milliseconds in repetition 85/151
tcp_ping received 1536 bytes back
Round trip time was 27.9646 milliseconds in repetition 86/151
tcp_ping received 1536 bytes back
Round trip time was 28.7666 milliseconds in repetition 87/151
tcp_ping received 1536 bytes back
Round trip time was 28.229 milliseconds in repetition 88/151
tcp_ping received 1536 bytes back
Round trip time was 28.2112 milliseconds in repetition 89/151
tcp_ping received 1536 bytes back
Round trip time was 27.9343 milliseconds in repetition 90/151
tcp_ping received 1536 bytes back
Round trip time was 28.3247 milliseconds in repetition 91/151
tcp_ping received 1536 bytes back
Round trip time was 50.1487 milliseconds in repetition 92/151
tcp_ping received 1536 bytes back
Round trip time was 27.9412 milliseconds in repetition 93/151
tcp_ping received 1536 bytes back
Round trip time was 37.3516 milliseconds in repetition 94/151
tcp_ping received 1536 bytes back
Round trip time was 28.4172 milliseconds in repetition 95/151
tcp_ping received 1536 bytes back
Round trip time was 28.2449 milliseconds in repetition 96/151
tcp_ping received 1536 bytes back
Round trip time was 28.0645 milliseconds in repetition 97/151
tcp_ping received 1536 bytes back
Round trip time was 28.0247 milliseconds in repetition 98/151
tcp_ping received 1536 bytes back
Round trip time was 28.0186 milliseconds in repetition 99/151
tcp_ping received 1536 bytes back
Round trip time was 28.1279 milliseconds in repetition 100/151
tcp_ping received 1536 bytes back
Round trip time was 27.9958 milliseconds in repetition 101/151
tcp_ping received 1536 bytes back
Round trip time was 28.7207 milliseconds in repetition 102/151
tcp_ping received 1536 bytes back
Round trip time was 28.449 milliseconds in repetition 103/151
tcp_ping received 1536 bytes back
Round trip time was 28.5398 milliseconds in repetition 104/151
tcp_ping received 1536 bytes back
Round trip time was 28.0923 milliseconds in repetition 105/151
tcp_ping received 1536 bytes back
Round trip time was 27.8945 milliseconds in repetition 106/151
tcp_ping received 1536 bytes back
Round trip time was 333.9 milliseconds in repetition 107/151
tcp_ping received 1536 bytes back
Round trip time was 28.5203 milliseconds in repetition 108/151
tcp_ping received 1536 bytes back
Round trip time was 28.3794 milliseconds in repetition 109/151
tcp_ping received 1536 bytes back
Round trip time was 28.1526 milliseconds in repetition 110/151
tcp_ping received 1536 bytes back
Round trip time was 28.0901 milliseconds in repetition 111/151
tcp_ping received 1536 bytes back
Round trip time was 28.2166 milliseconds in repetition 112/151
tcp_ping received 1536 bytes back
Round trip time was 28.1897 milliseconds in repetition 113/151
tcp_ping received 1536 bytes back
Round trip time was 27.908 milliseconds in repetition 114/151
tcp_ping received 1536 bytes back
Round trip time was 27.9736 milliseconds in repetition 115/151
tcp_ping received 1536 bytes back
Round trip time was 28.0525 milliseconds in repetition 116/151
tcp_ping received 1536 bytes back
Round trip time was 27.9321 milliseconds in repetition 117/151
tcp_ping received 1536 bytes back
Round trip time was 27.7314 milliseconds in repetition 118/151
tcp_ping received 1536 bytes back
Round trip time was 28.0901 milliseconds in repetition 119/151
tcp_ping received 1536 bytes back
Round trip time was 28.5305 milliseconds in repetition 120/151
tcp_ping received 1536 bytes back
Round trip time was 28.4888 milliseconds in repetition 121/151
tcp_ping received 1536 bytes back
Round trip time was 28.1604 milliseconds in repetition 122/151
tcp_ping received 1536 bytes back
Round trip time was 28.3196 milliseconds in repetition 123/151
tcp_ping received 1536 bytes back
Round trip time was 28.2097 milliseconds in repetition 124/151
tcp_ping received 1536 bytes back
Round trip time was 28.1812 milliseconds in repetition 125/151
tcp_ping received 1536 bytes back
Round trip time was 28.0686 milliseconds in repetition 126/151
tcp_ping received 1536 bytes back
Round trip time was 27.9048 milliseconds in repetition 127/151
tcp_ping received 1536 bytes back
Round trip time was 28.321 milliseconds in repetition 128/151
tcp_ping received 1536 bytes back
Round trip time was 28.175 milliseconds in repetition 129/151
tcp_ping received 1536 bytes back
Round trip time was 27.9441 milliseconds in repetition 130/151
tcp_ping received 1536 bytes back
Round trip time was 28.1956 milliseconds in repetition 131/151
tcp_ping received 1536 bytes back
Round trip time was 28.1865 milliseconds in repetition 132/151
tcp_ping received 1536 bytes back
Round trip time was 28.0559 milliseconds in repetition 133/151
tcp_ping received 1536 bytes back
Round trip time was 28.123 milliseconds in repetition 134/151
tcp_ping received 1536 bytes back
Round trip time was 28.3193 milliseconds in repetition 135/151
tcp_ping received 1536 bytes back
Round trip time was 27.9668 milliseconds in repetition 136/151
tcp_ping received 1536 bytes back
Round trip time was 27.7212 milliseconds in repetition 137/151
tcp_ping received 1536 bytes back
Round trip time was 27.9976 milliseconds in repetition 138/151
tcp_ping received 1536 bytes back
Round trip time was 27.9407 milliseconds in repetition 139/151
tcp_ping received 1536 bytes back
Round trip time was 28.0083 milliseconds in repetition 140/151
tcp_ping received 1536 bytes back
Round trip time was 27.917 milliseconds in repetition 141/151
tcp_ping received 1536 bytes back
Round trip time was 28.3274 milliseconds in repetition 142/151
tcp_ping received 1536 bytes back
Round trip time was 28.3611 milliseconds in repetition 143/151
tcp_ping received 1536 bytes back
Round trip time was 28.1699 milliseconds in repetition 144/151
tcp_ping received 1536 bytes back
Round trip time was 28.2737 milliseconds in repetition 145/151
tcp_ping received 1536 bytes back
Round trip time was 28.1785 milliseconds in repetition 146/151
tcp_ping received 1536 bytes back
Round trip time was 28.2607 milliseconds in repetition 147/151
tcp_ping received 1536 bytes back
Round trip time was 28.1565 milliseconds in repetition 148/151
tcp_ping received 1536 bytes back
Round trip time was 28.2336 milliseconds in repetition 149/151
tcp_ping received 1536 bytes back
Round trip time was 28.2068 milliseconds in repetition 150/151
tcp_ping received 1536 bytes back
Round trip time was 27.9517 milliseconds in repetition 151/151

 ... clock resolution was 1e-06
TCP Ping:  Statistics over 151 repetitions of 1536 byte messages

RTT : percentile 10: 27.9517, median: 28.1958, percentile 90: 30.5586, average: 30.7722, variance: 621.78

RTT histogram:
27.721190 147
43.030138 3
58.339086 0
73.648034 0
88.956982 0
104.265929 0
119.574877 0
134.883825 0
150.192773 0
165.501721 0
180.810669 0
196.119616 0
211.428564 0
226.737512 0
242.046460 0
257.355408 0
272.664355 0
287.973303 0
303.282251 0
318.591199 0
333.900147 1
   median Throughput : 108.952 KB/s   overall Throughput : 99.8303 KB/s

