TCP Ping trying to connect to server webdev.disi.unige.it (130.251.61.30) on port 1491
 ... connected to Pong server: asking for 151 repetitions of 65536 bytes TCP messages
 ... Pong server agreed :-)
tcp_ping received 65536 bytes back
Round trip time was 189.363 milliseconds in repetition 1/151
tcp_ping received 65536 bytes back
Round trip time was 116.829 milliseconds in repetition 2/151
tcp_ping received 65536 bytes back
Round trip time was 94.7507 milliseconds in repetition 3/151
tcp_ping received 65536 bytes back
Round trip time was 77.9758 milliseconds in repetition 4/151
tcp_ping received 65536 bytes back
Round trip time was 77.6638 milliseconds in repetition 5/151
tcp_ping received 65536 bytes back
Round trip time was 75.1995 milliseconds in repetition 6/151
tcp_ping received 65536 bytes back
Round trip time was 73.7078 milliseconds in repetition 7/151
tcp_ping received 65536 bytes back
Round trip time was 83.1794 milliseconds in repetition 8/151
tcp_ping received 65536 bytes back
Round trip time was 79.7151 milliseconds in repetition 9/151
tcp_ping received 65536 bytes back
Round trip time was 69.625 milliseconds in repetition 10/151
tcp_ping received 65536 bytes back
Round trip time was 68.5569 milliseconds in repetition 11/151
tcp_ping received 65536 bytes back
Round trip time was 66.0164 milliseconds in repetition 12/151
tcp_ping received 65536 bytes back
Round trip time was 64.9773 milliseconds in repetition 13/151
tcp_ping received 65536 bytes back
Round trip time was 62.3218 milliseconds in repetition 14/151
tcp_ping received 65536 bytes back
Round trip time was 62.2593 milliseconds in repetition 15/151
tcp_ping received 65536 bytes back
Round trip time was 62.0537 milliseconds in repetition 16/151
tcp_ping received 65536 bytes back
Round trip time was 61.9475 milliseconds in repetition 17/151
tcp_ping received 65536 bytes back
Round trip time was 62.4187 milliseconds in repetition 18/151
tcp_ping received 65536 bytes back
Round trip time was 62.2378 milliseconds in repetition 19/151
tcp_ping received 65536 bytes back
Round trip time was 62.2615 milliseconds in repetition 20/151
tcp_ping received 65536 bytes back
Round trip time was 62.3064 milliseconds in repetition 21/151
tcp_ping received 65536 bytes back
Round trip time was 61.7363 milliseconds in repetition 22/151
tcp_ping received 65536 bytes back
Round trip time was 62.6416 milliseconds in repetition 23/151
tcp_ping received 65536 bytes back
Round trip time was 62.2368 milliseconds in repetition 24/151
tcp_ping received 65536 bytes back
Round trip time was 62.0967 milliseconds in repetition 25/151
tcp_ping received 65536 bytes back
Round trip time was 61.9854 milliseconds in repetition 26/151
tcp_ping received 65536 bytes back
Round trip time was 62.4314 milliseconds in repetition 27/151
tcp_ping received 65536 bytes back
Round trip time was 61.9678 milliseconds in repetition 28/151
tcp_ping received 65536 bytes back
Round trip time was 61.9902 milliseconds in repetition 29/151
tcp_ping received 65536 bytes back
Round trip time was 61.9343 milliseconds in repetition 30/151
tcp_ping received 65536 bytes back
Round trip time was 62.0127 milliseconds in repetition 31/151
tcp_ping received 65536 bytes back
Round trip time was 61.7356 milliseconds in repetition 32/151
tcp_ping received 65536 bytes back
Round trip time was 61.6633 milliseconds in repetition 33/151
tcp_ping received 65536 bytes back
Round trip time was 62.0588 milliseconds in repetition 34/151
tcp_ping received 65536 bytes back
Round trip time was 62.0906 milliseconds in repetition 35/151
tcp_ping received 65536 bytes back
Round trip time was 61.7751 milliseconds in repetition 36/151
tcp_ping received 65536 bytes back
Round trip time was 62.0232 milliseconds in repetition 37/151
tcp_ping received 65536 bytes back
Round trip time was 65.3362 milliseconds in repetition 38/151
tcp_ping received 65536 bytes back
Round trip time was 61.8743 milliseconds in repetition 39/151
tcp_ping received 65536 bytes back
Round trip time was 61.9985 milliseconds in repetition 40/151
tcp_ping received 65536 bytes back
Round trip time was 61.9446 milliseconds in repetition 41/151
tcp_ping received 65536 bytes back
Round trip time was 61.968 milliseconds in repetition 42/151
tcp_ping received 65536 bytes back
Round trip time was 61.8987 milliseconds in repetition 43/151
tcp_ping received 65536 bytes back
Round trip time was 62.4509 milliseconds in repetition 44/151
tcp_ping received 65536 bytes back
Round trip time was 61.9282 milliseconds in repetition 45/151
tcp_ping received 65536 bytes back
Round trip time was 63.4236 milliseconds in repetition 46/151
tcp_ping received 65536 bytes back
Round trip time was 62.0938 milliseconds in repetition 47/151
tcp_ping received 65536 bytes back
Round trip time was 64.3459 milliseconds in repetition 48/151
tcp_ping received 65536 bytes back
Round trip time was 62.2603 milliseconds in repetition 49/151
tcp_ping received 65536 bytes back
Round trip time was 62.3579 milliseconds in repetition 50/151
tcp_ping received 65536 bytes back
Round trip time was 62.7568 milliseconds in repetition 51/151
tcp_ping received 65536 bytes back
Round trip time was 61.6887 milliseconds in repetition 52/151
tcp_ping received 65536 bytes back
Round trip time was 62.2527 milliseconds in repetition 53/151
tcp_ping received 65536 bytes back
Round trip time was 62.5933 milliseconds in repetition 54/151
tcp_ping received 65536 bytes back
Round trip time was 62.2837 milliseconds in repetition 55/151
tcp_ping received 65536 bytes back
Round trip time was 62.2769 milliseconds in repetition 56/151
tcp_ping received 65536 bytes back
Round trip time was 62.282 milliseconds in repetition 57/151
tcp_ping received 65536 bytes back
Round trip time was 61.8831 milliseconds in repetition 58/151
tcp_ping received 65536 bytes back
Round trip time was 62.0315 milliseconds in repetition 59/151
tcp_ping received 65536 bytes back
Round trip time was 61.9978 milliseconds in repetition 60/151
tcp_ping received 65536 bytes back
Round trip time was 62.2329 milliseconds in repetition 61/151
tcp_ping received 65536 bytes back
Round trip time was 62.1636 milliseconds in repetition 62/151
tcp_ping received 65536 bytes back
Round trip time was 62.7783 milliseconds in repetition 63/151
tcp_ping received 65536 bytes back
Round trip time was 62.2178 milliseconds in repetition 64/151
tcp_ping received 65536 bytes back
Round trip time was 62.5764 milliseconds in repetition 65/151
tcp_ping received 65536 bytes back
Round trip time was 86.3694 milliseconds in repetition 66/151
tcp_ping received 65536 bytes back
Round trip time was 62.1648 milliseconds in repetition 67/151
tcp_ping received 65536 bytes back
Round trip time was 62.2163 milliseconds in repetition 68/151
tcp_ping received 65536 bytes back
Round trip time was 62.0005 milliseconds in repetition 69/151
tcp_ping received 65536 bytes back
Round trip time was 61.9089 milliseconds in repetition 70/151
tcp_ping received 65536 bytes back
Round trip time was 96.5969 milliseconds in repetition 71/151
tcp_ping received 65536 bytes back
Round trip time was 68.3276 milliseconds in repetition 72/151
tcp_ping received 65536 bytes back
Round trip time was 62.9409 milliseconds in repetition 73/151
tcp_ping received 65536 bytes back
Round trip time was 61.9185 milliseconds in repetition 74/151
tcp_ping received 65536 bytes back
Round trip time was 61.748 milliseconds in repetition 75/151
tcp_ping received 65536 bytes back
Round trip time was 62.0786 milliseconds in repetition 76/151
tcp_ping received 65536 bytes back
Round trip time was 62.3938 milliseconds in repetition 77/151
tcp_ping received 65536 bytes back
Round trip time was 61.9958 milliseconds in repetition 78/151
tcp_ping received 65536 bytes back
Round trip time was 62.7256 milliseconds in repetition 79/151
tcp_ping received 65536 bytes back
Round trip time was 62.2639 milliseconds in repetition 80/151
tcp_ping received 65536 bytes back
Round trip time was 61.9282 milliseconds in repetition 81/151
tcp_ping received 65536 bytes back
Round trip time was 62.0908 milliseconds in repetition 82/151
tcp_ping received 65536 bytes back
Round trip time was 62.2566 milliseconds in repetition 83/151
tcp_ping received 65536 bytes back
Round trip time was 62.5378 milliseconds in repetition 84/151
tcp_ping received 65536 bytes back
Round trip time was 63.3694 milliseconds in repetition 85/151
tcp_ping received 65536 bytes back
Round trip time was 62.4172 milliseconds in repetition 86/151
tcp_ping received 65536 bytes back
Round trip time was 62.3123 milliseconds in repetition 87/151
tcp_ping received 65536 bytes back
Round trip time was 62.3779 milliseconds in repetition 88/151
tcp_ping received 65536 bytes back
Round trip time was 63.1938 milliseconds in repetition 89/151
tcp_ping received 65536 bytes back
Round trip time was 61.8901 milliseconds in repetition 90/151
tcp_ping received 65536 bytes back
Round trip time was 62.1748 milliseconds in repetition 91/151
tcp_ping received 65536 bytes back
Round trip time was 62.582 milliseconds in repetition 92/151
tcp_ping received 65536 bytes back
Round trip time was 62.3137 milliseconds in repetition 93/151
tcp_ping received 65536 bytes back
Round trip time was 62.031 milliseconds in repetition 94/151
tcp_ping received 65536 bytes back
Round trip time was 62.4885 milliseconds in repetition 95/151
tcp_ping received 65536 bytes back
Round trip time was 62.8464 milliseconds in repetition 96/151
tcp_ping received 65536 bytes back
Round trip time was 62.3508 milliseconds in repetition 97/151
tcp_ping received 65536 bytes back
Round trip time was 62.0847 milliseconds in repetition 98/151
tcp_ping received 65536 bytes back
Round trip time was 61.7976 milliseconds in repetition 99/151
tcp_ping received 65536 bytes back
Round trip time was 61.8936 milliseconds in repetition 100/151
tcp_ping received 65536 bytes back
Round trip time was 63.8164 milliseconds in repetition 101/151
tcp_ping received 65536 bytes back
Round trip time was 61.7231 milliseconds in repetition 102/151
tcp_ping received 65536 bytes back
Round trip time was 61.9944 milliseconds in repetition 103/151
tcp_ping received 65536 bytes back
Round trip time was 61.908 milliseconds in repetition 104/151
tcp_ping received 65536 bytes back
Round trip time was 61.7366 milliseconds in repetition 105/151
tcp_ping received 65536 bytes back
Round trip time was 61.771 milliseconds in repetition 106/151
tcp_ping received 65536 bytes back
Round trip time was 62.2969 milliseconds in repetition 107/151
tcp_ping received 65536 bytes back
Round trip time was 61.5149 milliseconds in repetition 108/151
tcp_ping received 65536 bytes back
Round trip time was 62.2336 milliseconds in repetition 109/151
tcp_ping received 65536 bytes back
Round trip time was 62.1453 milliseconds in repetition 110/151
tcp_ping received 65536 bytes back
Round trip time was 62.3247 milliseconds in repetition 111/151
tcp_ping received 65536 bytes back
Round trip time was 62.7317 milliseconds in repetition 112/151
tcp_ping received 65536 bytes back
Round trip time was 62.1985 milliseconds in repetition 113/151
tcp_ping received 65536 bytes back
Round trip time was 62.311 milliseconds in repetition 114/151
tcp_ping received 65536 bytes back
Round trip time was 62.2742 milliseconds in repetition 115/151
tcp_ping received 65536 bytes back
Round trip time was 62.2908 milliseconds in repetition 116/151
tcp_ping received 65536 bytes back
Round trip time was 62.0269 milliseconds in repetition 117/151
tcp_ping received 65536 bytes back
Round trip time was 62.4121 milliseconds in repetition 118/151
tcp_ping received 65536 bytes back
Round trip time was 62.48 milliseconds in repetition 119/151
tcp_ping received 65536 bytes back
Round trip time was 61.9214 milliseconds in repetition 120/151
tcp_ping received 65536 bytes back
Round trip time was 62.1436 milliseconds in repetition 121/151
tcp_ping received 65536 bytes back
Round trip time was 62.1318 milliseconds in repetition 122/151
tcp_ping received 65536 bytes back
Round trip time was 61.9343 milliseconds in repetition 123/151
tcp_ping received 65536 bytes back
Round trip time was 62.0132 milliseconds in repetition 124/151
tcp_ping received 65536 bytes back
Round trip time was 62.0942 milliseconds in repetition 125/151
tcp_ping received 65536 bytes back
Round trip time was 62.0122 milliseconds in repetition 126/151
tcp_ping received 65536 bytes back
Round trip time was 62.0129 milliseconds in repetition 127/151
tcp_ping received 65536 bytes back
Round trip time was 62.375 milliseconds in repetition 128/151
tcp_ping received 65536 bytes back
Round trip time was 61.9932 milliseconds in repetition 129/151
tcp_ping received 65536 bytes back
Round trip time was 62.7031 milliseconds in repetition 130/151
tcp_ping received 65536 bytes back
Round trip time was 61.6736 milliseconds in repetition 131/151
tcp_ping received 65536 bytes back
Round trip time was 62.0737 milliseconds in repetition 132/151
tcp_ping received 65536 bytes back
Round trip time was 62.3296 milliseconds in repetition 133/151
tcp_ping received 65536 bytes back
Round trip time was 62.325 milliseconds in repetition 134/151
tcp_ping received 65536 bytes back
Round trip time was 65.9922 milliseconds in repetition 135/151
tcp_ping received 65536 bytes back
Round trip time was 61.9365 milliseconds in repetition 136/151
tcp_ping received 65536 bytes back
Round trip time was 62.1008 milliseconds in repetition 137/151
tcp_ping received 65536 bytes back
Round trip time was 62.2434 milliseconds in repetition 138/151
tcp_ping received 65536 bytes back
Round trip time was 61.967 milliseconds in repetition 139/151
tcp_ping received 65536 bytes back
Round trip time was 62.0852 milliseconds in repetition 140/151
tcp_ping received 65536 bytes back
Round trip time was 62.0557 milliseconds in repetition 141/151
tcp_ping received 65536 bytes back
Round trip time was 61.6653 milliseconds in repetition 142/151
tcp_ping received 65536 bytes back
Round trip time was 62.238 milliseconds in repetition 143/151
tcp_ping received 65536 bytes back
Round trip time was 62.8828 milliseconds in repetition 144/151
tcp_ping received 65536 bytes back
Round trip time was 62.3718 milliseconds in repetition 145/151
tcp_ping received 65536 bytes back
Round trip time was 62.2407 milliseconds in repetition 146/151
tcp_ping received 65536 bytes back
Round trip time was 62.4077 milliseconds in repetition 147/151
tcp_ping received 65536 bytes back
Round trip time was 62.4919 milliseconds in repetition 148/151
tcp_ping received 65536 bytes back
Round trip time was 62.1985 milliseconds in repetition 149/151
tcp_ping received 65536 bytes back
Round trip time was 62.2834 milliseconds in repetition 150/151
tcp_ping received 65536 bytes back
Round trip time was 63.4331 milliseconds in repetition 151/151

 ... clock resolution was 1e-06
TCP Ping:  Statistics over 151 repetitions of 65536 byte messages

RTT : percentile 10: 61.8901, median: 62.238, percentile 90: 65.9922, average: 64.8791, variance: 150.908

RTT histogram:
61.514891 133
67.907287 7
74.299682 2
80.692077 4
87.084472 1
93.476867 2
99.869262 0
106.261657 0
112.654052 0
119.046447 1
125.438842 0
131.831238 0
138.223633 0
144.616028 0
151.008423 0
157.400818 0
163.793213 0
170.185608 0
176.578003 0
182.970398 0
189.362793 1
   median Throughput : 2105.98 KB/s   overall Throughput : 2020.25 KB/s

