TCP Ping trying to connect to server webdev.disi.unige.it (130.251.61.30) on port 1491
 ... connected to Pong server: asking for 151 repetitions of 49152 bytes TCP messages
 ... Pong server agreed :-)
tcp_ping received 49152 bytes back
Round trip time was 181.881 milliseconds in repetition 1/151
tcp_ping received 49152 bytes back
Round trip time was 117.366 milliseconds in repetition 2/151
tcp_ping received 49152 bytes back
Round trip time was 93.0464 milliseconds in repetition 3/151
tcp_ping received 49152 bytes back
Round trip time was 90.3708 milliseconds in repetition 4/151
tcp_ping received 49152 bytes back
Round trip time was 72.2222 milliseconds in repetition 5/151
tcp_ping received 49152 bytes back
Round trip time was 71.3179 milliseconds in repetition 6/151
tcp_ping received 49152 bytes back
Round trip time was 70.2544 milliseconds in repetition 7/151
tcp_ping received 49152 bytes back
Round trip time was 69.3516 milliseconds in repetition 8/151
tcp_ping received 49152 bytes back
Round trip time was 68.7466 milliseconds in repetition 9/151
tcp_ping received 49152 bytes back
Round trip time was 67.5664 milliseconds in repetition 10/151
tcp_ping received 49152 bytes back
Round trip time was 66.3318 milliseconds in repetition 11/151
tcp_ping received 49152 bytes back
Round trip time was 65.6323 milliseconds in repetition 12/151
tcp_ping received 49152 bytes back
Round trip time was 64.4551 milliseconds in repetition 13/151
tcp_ping received 49152 bytes back
Round trip time was 62.9717 milliseconds in repetition 14/151
tcp_ping received 49152 bytes back
Round trip time was 53.7075 milliseconds in repetition 15/151
tcp_ping received 49152 bytes back
Round trip time was 53.8162 milliseconds in repetition 16/151
tcp_ping received 49152 bytes back
Round trip time was 53.6018 milliseconds in repetition 17/151
tcp_ping received 49152 bytes back
Round trip time was 53.2957 milliseconds in repetition 18/151
tcp_ping received 49152 bytes back
Round trip time was 55.9382 milliseconds in repetition 19/151
tcp_ping received 49152 bytes back
Round trip time was 56.0034 milliseconds in repetition 20/151
tcp_ping received 49152 bytes back
Round trip time was 53.7964 milliseconds in repetition 21/151
tcp_ping received 49152 bytes back
Round trip time was 53.8669 milliseconds in repetition 22/151
tcp_ping received 49152 bytes back
Round trip time was 53.7688 milliseconds in repetition 23/151
tcp_ping received 49152 bytes back
Round trip time was 53.8455 milliseconds in repetition 24/151
tcp_ping received 49152 bytes back
Round trip time was 53.3083 milliseconds in repetition 25/151
tcp_ping received 49152 bytes back
Round trip time was 54.1094 milliseconds in repetition 26/151
tcp_ping received 49152 bytes back
Round trip time was 53.9011 milliseconds in repetition 27/151
tcp_ping received 49152 bytes back
Round trip time was 53.7561 milliseconds in repetition 28/151
tcp_ping received 49152 bytes back
Round trip time was 53.8352 milliseconds in repetition 29/151
tcp_ping received 49152 bytes back
Round trip time was 53.4595 milliseconds in repetition 30/151
tcp_ping received 49152 bytes back
Round trip time was 53.6907 milliseconds in repetition 31/151
tcp_ping received 49152 bytes back
Round trip time was 53.28 milliseconds in repetition 32/151
tcp_ping received 49152 bytes back
Round trip time was 53.1943 milliseconds in repetition 33/151
tcp_ping received 49152 bytes back
Round trip time was 53.3296 milliseconds in repetition 34/151
tcp_ping received 49152 bytes back
Round trip time was 53.5569 milliseconds in repetition 35/151
tcp_ping received 49152 bytes back
Round trip time was 54.0117 milliseconds in repetition 36/151
tcp_ping received 49152 bytes back
Round trip time was 53.5935 milliseconds in repetition 37/151
tcp_ping received 49152 bytes back
Round trip time was 54.8445 milliseconds in repetition 38/151
tcp_ping received 49152 bytes back
Round trip time was 53.6982 milliseconds in repetition 39/151
tcp_ping received 49152 bytes back
Round trip time was 53.637 milliseconds in repetition 40/151
tcp_ping received 49152 bytes back
Round trip time was 53.9546 milliseconds in repetition 41/151
tcp_ping received 49152 bytes back
Round trip time was 53.7104 milliseconds in repetition 42/151
tcp_ping received 49152 bytes back
Round trip time was 53.4763 milliseconds in repetition 43/151
tcp_ping received 49152 bytes back
Round trip time was 54.3147 milliseconds in repetition 44/151
tcp_ping received 49152 bytes back
Round trip time was 53.3655 milliseconds in repetition 45/151
tcp_ping received 49152 bytes back
Round trip time was 54.1768 milliseconds in repetition 46/151
tcp_ping received 49152 bytes back
Round trip time was 55.1023 milliseconds in repetition 47/151
tcp_ping received 49152 bytes back
Round trip time was 53.2993 milliseconds in repetition 48/151
tcp_ping received 49152 bytes back
Round trip time was 53.1272 milliseconds in repetition 49/151
tcp_ping received 49152 bytes back
Round trip time was 53.9604 milliseconds in repetition 50/151
tcp_ping received 49152 bytes back
Round trip time was 53.4746 milliseconds in repetition 51/151
tcp_ping received 49152 bytes back
Round trip time was 54.0146 milliseconds in repetition 52/151
tcp_ping received 49152 bytes back
Round trip time was 53.6938 milliseconds in repetition 53/151
tcp_ping received 49152 bytes back
Round trip time was 53.2639 milliseconds in repetition 54/151
tcp_ping received 49152 bytes back
Round trip time was 53.4402 milliseconds in repetition 55/151
tcp_ping received 49152 bytes back
Round trip time was 54.6313 milliseconds in repetition 56/151
tcp_ping received 49152 bytes back
Round trip time was 54.1221 milliseconds in repetition 57/151
tcp_ping received 49152 bytes back
Round trip time was 53.7153 milliseconds in repetition 58/151
tcp_ping received 49152 bytes back
Round trip time was 53.75 milliseconds in repetition 59/151
tcp_ping received 49152 bytes back
Round trip time was 53.5623 milliseconds in repetition 60/151
tcp_ping received 49152 bytes back
Round trip time was 53.3992 milliseconds in repetition 61/151
tcp_ping received 49152 bytes back
Round trip time was 53.7139 milliseconds in repetition 62/151
tcp_ping received 49152 bytes back
Round trip time was 53.8657 milliseconds in repetition 63/151
tcp_ping received 49152 bytes back
Round trip time was 53.9858 milliseconds in repetition 64/151
tcp_ping received 49152 bytes back
Round trip time was 53.3335 milliseconds in repetition 65/151
tcp_ping received 49152 bytes back
Round trip time was 77.2561 milliseconds in repetition 66/151
tcp_ping received 49152 bytes back
Round trip time was 53.7612 milliseconds in repetition 67/151
tcp_ping received 49152 bytes back
Round trip time was 53.7708 milliseconds in repetition 68/151
tcp_ping received 49152 bytes back
Round trip time was 53.2012 milliseconds in repetition 69/151
tcp_ping received 49152 bytes back
Round trip time was 53.6758 milliseconds in repetition 70/151
tcp_ping received 49152 bytes back
Round trip time was 53.2378 milliseconds in repetition 71/151
tcp_ping received 49152 bytes back
Round trip time was 53.5237 milliseconds in repetition 72/151
tcp_ping received 49152 bytes back
Round trip time was 54.0691 milliseconds in repetition 73/151
tcp_ping received 49152 bytes back
Round trip time was 53.6602 milliseconds in repetition 74/151
tcp_ping received 49152 bytes back
Round trip time was 53.1741 milliseconds in repetition 75/151
tcp_ping received 49152 bytes back
Round trip time was 53.2615 milliseconds in repetition 76/151
tcp_ping received 49152 bytes back
Round trip time was 53.5569 milliseconds in repetition 77/151
tcp_ping received 49152 bytes back
Round trip time was 53.7834 milliseconds in repetition 78/151
tcp_ping received 49152 bytes back
Round trip time was 53.6111 milliseconds in repetition 79/151
tcp_ping received 49152 bytes back
Round trip time was 53.6008 milliseconds in repetition 80/151
tcp_ping received 49152 bytes back
Round trip time was 53.9387 milliseconds in repetition 81/151
tcp_ping received 49152 bytes back
Round trip time was 53.9224 milliseconds in repetition 82/151
tcp_ping received 49152 bytes back
Round trip time was 53.9497 milliseconds in repetition 83/151
tcp_ping received 49152 bytes back
Round trip time was 53.7148 milliseconds in repetition 84/151
tcp_ping received 49152 bytes back
Round trip time was 54.0005 milliseconds in repetition 85/151
tcp_ping received 49152 bytes back
Round trip time was 53.9731 milliseconds in repetition 86/151
tcp_ping received 49152 bytes back
Round trip time was 53.5149 milliseconds in repetition 87/151
tcp_ping received 49152 bytes back
Round trip time was 53.3799 milliseconds in repetition 88/151
tcp_ping received 49152 bytes back
Round trip time was 54.6353 milliseconds in repetition 89/151
tcp_ping received 49152 bytes back
Round trip time was 53.4028 milliseconds in repetition 90/151
tcp_ping received 49152 bytes back
Round trip time was 53.9792 milliseconds in repetition 91/151
tcp_ping received 49152 bytes back
Round trip time was 66.1206 milliseconds in repetition 92/151
tcp_ping received 49152 bytes back
Round trip time was 53.9058 milliseconds in repetition 93/151
tcp_ping received 49152 bytes back
Round trip time was 54.5532 milliseconds in repetition 94/151
tcp_ping received 49152 bytes back
Round trip time was 53.5039 milliseconds in repetition 95/151
tcp_ping received 49152 bytes back
Round trip time was 53.9021 milliseconds in repetition 96/151
tcp_ping received 49152 bytes back
Round trip time was 53.6855 milliseconds in repetition 97/151
tcp_ping received 49152 bytes back
Round trip time was 53.9158 milliseconds in repetition 98/151
tcp_ping received 49152 bytes back
Round trip time was 53.8503 milliseconds in repetition 99/151
tcp_ping received 49152 bytes back
Round trip time was 55.2085 milliseconds in repetition 100/151
tcp_ping received 49152 bytes back
Round trip time was 53.123 milliseconds in repetition 101/151
tcp_ping received 49152 bytes back
Round trip time was 53.8308 milliseconds in repetition 102/151
tcp_ping received 49152 bytes back
Round trip time was 53.4209 milliseconds in repetition 103/151
tcp_ping received 49152 bytes back
Round trip time was 53.7585 milliseconds in repetition 104/151
tcp_ping received 49152 bytes back
Round trip time was 53.7688 milliseconds in repetition 105/151
tcp_ping received 49152 bytes back
Round trip time was 54.4541 milliseconds in repetition 106/151
tcp_ping received 49152 bytes back
Round trip time was 53.4033 milliseconds in repetition 107/151
tcp_ping received 49152 bytes back
Round trip time was 56.8391 milliseconds in repetition 108/151
tcp_ping received 49152 bytes back
Round trip time was 54.0706 milliseconds in repetition 109/151
tcp_ping received 49152 bytes back
Round trip time was 53.2737 milliseconds in repetition 110/151
tcp_ping received 49152 bytes back
Round trip time was 53.5662 milliseconds in repetition 111/151
tcp_ping received 49152 bytes back
Round trip time was 53.8496 milliseconds in repetition 112/151
tcp_ping received 49152 bytes back
Round trip time was 53.4827 milliseconds in repetition 113/151
tcp_ping received 49152 bytes back
Round trip time was 53.8108 milliseconds in repetition 114/151
tcp_ping received 49152 bytes back
Round trip time was 54.0156 milliseconds in repetition 115/151
tcp_ping received 49152 bytes back
Round trip time was 54.0566 milliseconds in repetition 116/151
tcp_ping received 49152 bytes back
Round trip time was 53.9343 milliseconds in repetition 117/151
tcp_ping received 49152 bytes back
Round trip time was 53.6831 milliseconds in repetition 118/151
tcp_ping received 49152 bytes back
Round trip time was 53.4707 milliseconds in repetition 119/151
tcp_ping received 49152 bytes back
Round trip time was 54.0815 milliseconds in repetition 120/151
tcp_ping received 49152 bytes back
Round trip time was 53.4331 milliseconds in repetition 121/151
tcp_ping received 49152 bytes back
Round trip time was 53.7358 milliseconds in repetition 122/151
tcp_ping received 49152 bytes back
Round trip time was 53.8142 milliseconds in repetition 123/151
tcp_ping received 49152 bytes back
Round trip time was 54.1965 milliseconds in repetition 124/151
tcp_ping received 49152 bytes back
Round trip time was 53.8364 milliseconds in repetition 125/151
tcp_ping received 49152 bytes back
Round trip time was 53.4844 milliseconds in repetition 126/151
tcp_ping received 49152 bytes back
Round trip time was 53.7437 milliseconds in repetition 127/151
tcp_ping received 49152 bytes back
Round trip time was 53.7876 milliseconds in repetition 128/151
tcp_ping received 49152 bytes back
Round trip time was 53.5737 milliseconds in repetition 129/151
tcp_ping received 49152 bytes back
Round trip time was 53.5896 milliseconds in repetition 130/151
tcp_ping received 49152 bytes back
Round trip time was 53.719 milliseconds in repetition 131/151
tcp_ping received 49152 bytes back
Round trip time was 53.5134 milliseconds in repetition 132/151
tcp_ping received 49152 bytes back
Round trip time was 53.6702 milliseconds in repetition 133/151
tcp_ping received 49152 bytes back
Round trip time was 53.4856 milliseconds in repetition 134/151
tcp_ping received 49152 bytes back
Round trip time was 54.0186 milliseconds in repetition 135/151
tcp_ping received 49152 bytes back
Round trip time was 53.5059 milliseconds in repetition 136/151
tcp_ping received 49152 bytes back
Round trip time was 53.4412 milliseconds in repetition 137/151
tcp_ping received 49152 bytes back
Round trip time was 53.4333 milliseconds in repetition 138/151
tcp_ping received 49152 bytes back
Round trip time was 53.5679 milliseconds in repetition 139/151
tcp_ping received 49152 bytes back
Round trip time was 53.2271 milliseconds in repetition 140/151
tcp_ping received 49152 bytes back
Round trip time was 53.5757 milliseconds in repetition 141/151
tcp_ping received 49152 bytes back
Round trip time was 53.8911 milliseconds in repetition 142/151
tcp_ping received 49152 bytes back
Round trip time was 53.4539 milliseconds in repetition 143/151
tcp_ping received 49152 bytes back
Round trip time was 53.8232 milliseconds in repetition 144/151
tcp_ping received 49152 bytes back
Round trip time was 53.6782 milliseconds in repetition 145/151
tcp_ping received 49152 bytes back
Round trip time was 53.9307 milliseconds in repetition 146/151
tcp_ping received 49152 bytes back
Round trip time was 56.5781 milliseconds in repetition 147/151
tcp_ping received 49152 bytes back
Round trip time was 53.3982 milliseconds in repetition 148/151
tcp_ping received 49152 bytes back
Round trip time was 53.7502 milliseconds in repetition 149/151
tcp_ping received 49152 bytes back
Round trip time was 53.6702 milliseconds in repetition 150/151
tcp_ping received 49152 bytes back
Round trip time was 53.8394 milliseconds in repetition 151/151

 ... clock resolution was 1e-06
TCP Ping:  Statistics over 151 repetitions of 49152 byte messages

RTT : percentile 10: 53.3335, median: 53.7612, percentile 90: 62.9717, average: 56.7502, variance: 165.474

RTT histogram:
53.123045 133
59.560924 2
65.998802 7
72.436681 4
78.874560 1
85.312438 0
91.750316 2
98.188195 0
104.626074 0
111.063952 0
117.501831 1
123.939709 0
130.377588 0
136.815466 0
143.253344 0
149.691223 0
156.129102 0
162.566980 0
169.004859 0
175.442737 0
181.880616 1
   median Throughput : 1828.53 KB/s   overall Throughput : 1732.22 KB/s

