UDP Ping trying to connect to server webdev.disi.unige.it (130.251.61.30) on TCP port 1491
 ... connected to Pong server: asking for 151 repetitions of 128 _bytes UDP messages
 ... Pong server agreed to ping-pong using port 62831 :-)
Round trip time was 29.391 milliseconds in repetition 1
Round trip time was 27.796 milliseconds in repetition 2
Round trip time was 27.501 milliseconds in repetition 3
Round trip time was 27.506 milliseconds in repetition 4
Round trip time was 27.972 milliseconds in repetition 5
Round trip time was 27.934 milliseconds in repetition 6
Round trip time was 27.249 milliseconds in repetition 7
Round trip time was 27.246 milliseconds in repetition 8
Round trip time was 27.495 milliseconds in repetition 9
Round trip time was 27.221 milliseconds in repetition 10
Round trip time was 27.537 milliseconds in repetition 11
Round trip time was 27.455 milliseconds in repetition 12
Round trip time was 27.708 milliseconds in repetition 13
Round trip time was 27.200 milliseconds in repetition 14
Round trip time was 27.452 milliseconds in repetition 15
Round trip time was 27.537 milliseconds in repetition 16
Round trip time was 27.688 milliseconds in repetition 17
Round trip time was 28.701 milliseconds in repetition 18
Round trip time was 27.504 milliseconds in repetition 19
Round trip time was 26.763 milliseconds in repetition 20
Round trip time was 26.736 milliseconds in repetition 21
Round trip time was 26.712 milliseconds in repetition 22
Round trip time was 26.832 milliseconds in repetition 23
Round trip time was 26.699 milliseconds in repetition 24
Round trip time was 26.764 milliseconds in repetition 25
Round trip time was 26.711 milliseconds in repetition 26
Round trip time was 26.470 milliseconds in repetition 27
Round trip time was 26.564 milliseconds in repetition 28
Round trip time was 27.078 milliseconds in repetition 29
Round trip time was 26.520 milliseconds in repetition 30
Round trip time was 26.498 milliseconds in repetition 31
Round trip time was 26.770 milliseconds in repetition 32
Round trip time was 26.731 milliseconds in repetition 33
Round trip time was 27.020 milliseconds in repetition 34
Round trip time was 26.459 milliseconds in repetition 35
Round trip time was 26.495 milliseconds in repetition 36
Round trip time was 27.430 milliseconds in repetition 37
Round trip time was 26.323 milliseconds in repetition 38
Round trip time was 26.701 milliseconds in repetition 39
Round trip time was 26.904 milliseconds in repetition 40
Round trip time was 26.557 milliseconds in repetition 41
Round trip time was 26.501 milliseconds in repetition 42
Round trip time was 26.795 milliseconds in repetition 43
Round trip time was 26.654 milliseconds in repetition 44
Round trip time was 26.805 milliseconds in repetition 45
Round trip time was 26.793 milliseconds in repetition 46
Round trip time was 26.389 milliseconds in repetition 47
Round trip time was 26.764 milliseconds in repetition 48
Round trip time was 27.230 milliseconds in repetition 49
Round trip time was 26.512 milliseconds in repetition 50
Round trip time was 26.741 milliseconds in repetition 51
Round trip time was 26.690 milliseconds in repetition 52
Round trip time was 26.725 milliseconds in repetition 53
Round trip time was 26.682 milliseconds in repetition 54
Round trip time was 26.306 milliseconds in repetition 55
Round trip time was 26.751 milliseconds in repetition 56
Round trip time was 26.767 milliseconds in repetition 57
Round trip time was 26.682 milliseconds in repetition 58
Round trip time was 26.774 milliseconds in repetition 59
Round trip time was 26.723 milliseconds in repetition 60
Round trip time was 26.752 milliseconds in repetition 61
Round trip time was 26.745 milliseconds in repetition 62
Round trip time was 26.491 milliseconds in repetition 63
Round trip time was 26.539 milliseconds in repetition 64
Round trip time was 26.704 milliseconds in repetition 65
Round trip time was 26.700 milliseconds in repetition 66
Round trip time was 26.797 milliseconds in repetition 67
Round trip time was 26.732 milliseconds in repetition 68
Round trip time was 26.649 milliseconds in repetition 69
Round trip time was 26.683 milliseconds in repetition 70
Round trip time was 26.563 milliseconds in repetition 71
Round trip time was 26.414 milliseconds in repetition 72
Round trip time was 26.776 milliseconds in repetition 73
Round trip time was 26.679 milliseconds in repetition 74
Round trip time was 26.614 milliseconds in repetition 75
Round trip time was 26.761 milliseconds in repetition 76
Round trip time was 26.659 milliseconds in repetition 77
Round trip time was 26.538 milliseconds in repetition 78
Round trip time was 26.362 milliseconds in repetition 79
Round trip time was 26.823 milliseconds in repetition 80
Round trip time was 26.896 milliseconds in repetition 81
Round trip time was 26.549 milliseconds in repetition 82
Round trip time was 26.517 milliseconds in repetition 83
Round trip time was 26.507 milliseconds in repetition 84
Round trip time was 26.431 milliseconds in repetition 85
Round trip time was 26.796 milliseconds in repetition 86
Round trip time was 26.709 milliseconds in repetition 87
Round trip time was 27.032 milliseconds in repetition 88
Round trip time was 26.676 milliseconds in repetition 89
Round trip time was 26.800 milliseconds in repetition 90
Round trip time was 26.954 milliseconds in repetition 91
Round trip time was 26.775 milliseconds in repetition 92
Round trip time was 26.696 milliseconds in repetition 93
Round trip time was 26.485 milliseconds in repetition 94
Round trip time was 26.485 milliseconds in repetition 95
Round trip time was 26.713 milliseconds in repetition 96
Round trip time was 26.739 milliseconds in repetition 97
Round trip time was 26.705 milliseconds in repetition 98
Round trip time was 26.515 milliseconds in repetition 99
Round trip time was 26.776 milliseconds in repetition 100
Round trip time was 26.721 milliseconds in repetition 101
Round trip time was 26.668 milliseconds in repetition 102
Round trip time was 26.729 milliseconds in repetition 103
Round trip time was 26.239 milliseconds in repetition 104
Round trip time was 26.550 milliseconds in repetition 105
Round trip time was 26.485 milliseconds in repetition 106
Round trip time was 26.510 milliseconds in repetition 107
Round trip time was 26.532 milliseconds in repetition 108
Round trip time was 26.459 milliseconds in repetition 109
Round trip time was 26.509 milliseconds in repetition 110
Round trip time was 26.806 milliseconds in repetition 111
Round trip time was 26.629 milliseconds in repetition 112
Round trip time was 26.560 milliseconds in repetition 113
Round trip time was 26.735 milliseconds in repetition 114
Round trip time was 26.420 milliseconds in repetition 115
Round trip time was 26.576 milliseconds in repetition 116
Round trip time was 26.413 milliseconds in repetition 117
Round trip time was 26.703 milliseconds in repetition 118
Round trip time was 26.827 milliseconds in repetition 119
Round trip time was 26.646 milliseconds in repetition 120
Round trip time was 26.474 milliseconds in repetition 121
Round trip time was 26.507 milliseconds in repetition 122
Round trip time was 26.711 milliseconds in repetition 123
Round trip time was 26.730 milliseconds in repetition 124
Round trip time was 27.011 milliseconds in repetition 125
Round trip time was 26.458 milliseconds in repetition 126
Round trip time was 26.468 milliseconds in repetition 127
Round trip time was 26.230 milliseconds in repetition 128
Round trip time was 26.522 milliseconds in repetition 129
Round trip time was 26.524 milliseconds in repetition 130
Round trip time was 26.524 milliseconds in repetition 131
Round trip time was 26.666 milliseconds in repetition 132
Round trip time was 26.768 milliseconds in repetition 133
Round trip time was 26.730 milliseconds in repetition 134
Round trip time was 26.693 milliseconds in repetition 135
Round trip time was 26.336 milliseconds in repetition 136
Round trip time was 26.904 milliseconds in repetition 137
Round trip time was 26.506 milliseconds in repetition 138
Round trip time was 26.485 milliseconds in repetition 139
Round trip time was 26.640 milliseconds in repetition 140
Round trip time was 26.548 milliseconds in repetition 141
Round trip time was 27.119 milliseconds in repetition 142
Round trip time was 26.816 milliseconds in repetition 143
Round trip time was 26.275 milliseconds in repetition 144
Round trip time was 26.439 milliseconds in repetition 145
Round trip time was 26.567 milliseconds in repetition 146
Round trip time was 26.379 milliseconds in repetition 147
Round trip time was 26.542 milliseconds in repetition 148
Round trip time was 26.761 milliseconds in repetition 149
Round trip time was 27.026 milliseconds in repetition 150
Round trip time was 26.484 milliseconds in repetition 151

 ... clock resolution was 1e-06
UDP Ping:  Statistics over 151 repetitions of 128 byte messages

RTT : percentile 10: 26.4592, median: 26.7035, percentile 90: 27.4299, average: 26.7842, variance: 0.185874

RTT histogram:
26.229653 4
26.387733 13
26.545813 38
26.703894 54
26.861974 14
27.020055 6
27.178135 6
27.336216 0
27.494296 9
27.652377 2
27.810457 1
27.968537 2
28.126618 0
28.284698 0
28.442779 0
28.600859 0
28.758940 1
28.917020 0
29.075101 0
29.233181 0
29.391261 1
   median Throughput : 9.58675 KB/s   overall Throughput : 9.55787 KB/s

