UDP Ping trying to connect to server webdev.disi.unige.it (130.251.61.30) on TCP port 1491
 ... connected to Pong server: asking for 151 repetitions of 1536 _bytes UDP messages
 ... Pong server agreed to ping-pong using port 62831 :-)
Round trip time was 34.921 milliseconds in repetition 1
Round trip time was 30.519 milliseconds in repetition 2
Round trip time was 30.439 milliseconds in repetition 3
Round trip time was 30.255 milliseconds in repetition 4
Round trip time was 30.736 milliseconds in repetition 5
Round trip time was 30.731 milliseconds in repetition 6
Round trip time was 30.459 milliseconds in repetition 7
Round trip time was 30.488 milliseconds in repetition 8
Round trip time was 30.244 milliseconds in repetition 9
Round trip time was 30.015 milliseconds in repetition 10
Round trip time was 29.996 milliseconds in repetition 11
Round trip time was 30.231 milliseconds in repetition 12
Round trip time was 30.367 milliseconds in repetition 13
Round trip time was 30.336 milliseconds in repetition 14
Round trip time was 30.009 milliseconds in repetition 15
Round trip time was 29.971 milliseconds in repetition 16
Round trip time was 30.270 milliseconds in repetition 17
Round trip time was 30.238 milliseconds in repetition 18
Round trip time was 30.232 milliseconds in repetition 19
Round trip time was 29.523 milliseconds in repetition 20
Round trip time was 28.728 milliseconds in repetition 21
Round trip time was 28.648 milliseconds in repetition 22
Round trip time was 28.501 milliseconds in repetition 23
Round trip time was 28.541 milliseconds in repetition 24
Round trip time was 28.471 milliseconds in repetition 25
Round trip time was 28.964 milliseconds in repetition 26
Round trip time was 28.997 milliseconds in repetition 27
Round trip time was 28.466 milliseconds in repetition 28
Round trip time was 28.660 milliseconds in repetition 29
Round trip time was 28.754 milliseconds in repetition 30
Round trip time was 28.597 milliseconds in repetition 31
Round trip time was 28.423 milliseconds in repetition 32
Round trip time was 28.496 milliseconds in repetition 33
Round trip time was 28.483 milliseconds in repetition 34
Round trip time was 28.775 milliseconds in repetition 35
Round trip time was 28.510 milliseconds in repetition 36
Round trip time was 28.425 milliseconds in repetition 37
Round trip time was 28.580 milliseconds in repetition 38
Round trip time was 29.008 milliseconds in repetition 39
Round trip time was 28.903 milliseconds in repetition 40
Round trip time was 28.481 milliseconds in repetition 41
Round trip time was 28.720 milliseconds in repetition 42
Round trip time was 28.494 milliseconds in repetition 43
Round trip time was 28.244 milliseconds in repetition 44
Round trip time was 28.780 milliseconds in repetition 45
Round trip time was 28.691 milliseconds in repetition 46
Round trip time was 28.511 milliseconds in repetition 47
Round trip time was 28.857 milliseconds in repetition 48
Round trip time was 28.338 milliseconds in repetition 49
Round trip time was 28.726 milliseconds in repetition 50
Round trip time was 28.487 milliseconds in repetition 51
Round trip time was 28.521 milliseconds in repetition 52
Round trip time was 28.463 milliseconds in repetition 53
Round trip time was 28.509 milliseconds in repetition 54
Round trip time was 28.178 milliseconds in repetition 55
Round trip time was 28.779 milliseconds in repetition 56
Round trip time was 28.753 milliseconds in repetition 57
Round trip time was 28.449 milliseconds in repetition 58
Round trip time was 28.591 milliseconds in repetition 59
Round trip time was 28.423 milliseconds in repetition 60
Round trip time was 28.480 milliseconds in repetition 61
Round trip time was 28.809 milliseconds in repetition 62
Round trip time was 28.437 milliseconds in repetition 63
Round trip time was 28.759 milliseconds in repetition 64
Round trip time was 29.253 milliseconds in repetition 65
Round trip time was 28.695 milliseconds in repetition 66
Round trip time was 28.475 milliseconds in repetition 67
Round trip time was 28.486 milliseconds in repetition 68
Round trip time was 28.704 milliseconds in repetition 69
Round trip time was 28.493 milliseconds in repetition 70
Round trip time was 28.714 milliseconds in repetition 71
Round trip time was 28.500 milliseconds in repetition 72
Round trip time was 28.282 milliseconds in repetition 73
Round trip time was 28.705 milliseconds in repetition 74
Round trip time was 28.743 milliseconds in repetition 75
Round trip time was 28.718 milliseconds in repetition 76
Round trip time was 28.788 milliseconds in repetition 77
Round trip time was 28.445 milliseconds in repetition 78
Round trip time was 28.519 milliseconds in repetition 79
Round trip time was 28.507 milliseconds in repetition 80
Round trip time was 28.444 milliseconds in repetition 81
Round trip time was 28.498 milliseconds in repetition 82
Round trip time was 28.470 milliseconds in repetition 83
Round trip time was 28.210 milliseconds in repetition 84
Round trip time was 28.766 milliseconds in repetition 85
Round trip time was 29.493 milliseconds in repetition 86
Round trip time was 28.797 milliseconds in repetition 87
Round trip time was 28.717 milliseconds in repetition 88
Round trip time was 29.196 milliseconds in repetition 89
Round trip time was 28.728 milliseconds in repetition 90
Round trip time was 28.776 milliseconds in repetition 91
Round trip time was 28.437 milliseconds in repetition 92
Round trip time was 28.518 milliseconds in repetition 93
Round trip time was 28.587 milliseconds in repetition 94
Round trip time was 28.666 milliseconds in repetition 95
Round trip time was 28.513 milliseconds in repetition 96
Round trip time was 28.492 milliseconds in repetition 97
Round trip time was 28.615 milliseconds in repetition 98
Round trip time was 29.938 milliseconds in repetition 99
Round trip time was 28.615 milliseconds in repetition 100
Round trip time was 28.546 milliseconds in repetition 101
Round trip time was 28.746 milliseconds in repetition 102
Round trip time was 29.059 milliseconds in repetition 103
Round trip time was 28.590 milliseconds in repetition 104
Round trip time was 28.498 milliseconds in repetition 105
Round trip time was 28.469 milliseconds in repetition 106
Round trip time was 29.263 milliseconds in repetition 107
Round trip time was 28.797 milliseconds in repetition 108
Round trip time was 28.637 milliseconds in repetition 109
Round trip time was 28.568 milliseconds in repetition 110
Round trip time was 28.729 milliseconds in repetition 111
Round trip time was 28.707 milliseconds in repetition 112
Round trip time was 28.525 milliseconds in repetition 113
Round trip time was 28.429 milliseconds in repetition 114
Round trip time was 28.640 milliseconds in repetition 115
Round trip time was 28.675 milliseconds in repetition 116
Round trip time was 28.433 milliseconds in repetition 117
Round trip time was 28.476 milliseconds in repetition 118
Round trip time was 28.545 milliseconds in repetition 119
Round trip time was 28.784 milliseconds in repetition 120
Round trip time was 28.673 milliseconds in repetition 121
Round trip time was 28.512 milliseconds in repetition 122
Round trip time was 30.424 milliseconds in repetition 123
Round trip time was 28.870 milliseconds in repetition 124
Round trip time was 28.668 milliseconds in repetition 125
Round trip time was 28.924 milliseconds in repetition 126
Round trip time was 28.224 milliseconds in repetition 127
Round trip time was 28.740 milliseconds in repetition 128
Round trip time was 28.806 milliseconds in repetition 129
Round trip time was 28.433 milliseconds in repetition 130
Round trip time was 29.497 milliseconds in repetition 131
Round trip time was 28.696 milliseconds in repetition 132
Round trip time was 28.262 milliseconds in repetition 133
Round trip time was 28.454 milliseconds in repetition 134
Round trip time was 28.768 milliseconds in repetition 135
Round trip time was 28.776 milliseconds in repetition 136
Round trip time was 28.215 milliseconds in repetition 137
Round trip time was 28.744 milliseconds in repetition 138
Round trip time was 28.471 milliseconds in repetition 139
Round trip time was 28.685 milliseconds in repetition 140
Round trip time was 28.475 milliseconds in repetition 141
Round trip time was 28.743 milliseconds in repetition 142
Round trip time was 28.511 milliseconds in repetition 143
Round trip time was 28.460 milliseconds in repetition 144
Round trip time was 28.224 milliseconds in repetition 145
Round trip time was 28.713 milliseconds in repetition 146
Round trip time was 28.792 milliseconds in repetition 147
Round trip time was 28.715 milliseconds in repetition 148
Round trip time was 28.504 milliseconds in repetition 149
Round trip time was 28.557 milliseconds in repetition 150
Round trip time was 28.469 milliseconds in repetition 151

 ... clock resolution was 1e-06
UDP Ping:  Statistics over 151 repetitions of 1536 byte messages

RTT : percentile 10: 28.437, median: 28.673, percentile 90: 30.2309, average: 28.8942, variance: 0.619275

RTT histogram:
28.178092 9
28.515220 68
28.852348 46
29.189477 4
29.526605 3
29.863734 5
30.200862 8
30.537990 5
30.875119 2
31.212247 0
31.549376 0
31.886504 0
32.223632 0
32.560761 0
32.897889 0
33.235017 0
33.572146 0
33.909274 0
34.246403 0
34.583531 0
34.920659 1
   median Throughput : 107.139 KB/s   overall Throughput : 106.319 KB/s

