UDP Ping trying to connect to server webdev.disi.unige.it (130.251.61.30) on TCP port 1491
 ... connected to Pong server: asking for 151 repetitions of 192 _bytes UDP messages
 ... Pong server agreed to ping-pong using port 62831 :-)
Round trip time was 29.278 milliseconds in repetition 1
Round trip time was 28.270 milliseconds in repetition 2
Round trip time was 27.500 milliseconds in repetition 3
Round trip time was 27.442 milliseconds in repetition 4
Round trip time was 28.228 milliseconds in repetition 5
Round trip time was 27.805 milliseconds in repetition 6
Round trip time was 27.760 milliseconds in repetition 7
Round trip time was 29.130 milliseconds in repetition 8
Round trip time was 27.283 milliseconds in repetition 9
Round trip time was 28.541 milliseconds in repetition 10
Round trip time was 27.430 milliseconds in repetition 11
Round trip time was 27.509 milliseconds in repetition 12
Round trip time was 27.549 milliseconds in repetition 13
Round trip time was 27.934 milliseconds in repetition 14
Round trip time was 27.801 milliseconds in repetition 15
Round trip time was 27.660 milliseconds in repetition 16
Round trip time was 28.984 milliseconds in repetition 17
Round trip time was 27.484 milliseconds in repetition 18
Round trip time was 27.505 milliseconds in repetition 19
Round trip time was 26.792 milliseconds in repetition 20
Round trip time was 26.692 milliseconds in repetition 21
Round trip time was 26.765 milliseconds in repetition 22
Round trip time was 26.504 milliseconds in repetition 23
Round trip time was 26.517 milliseconds in repetition 24
Round trip time was 27.672 milliseconds in repetition 25
Round trip time was 27.058 milliseconds in repetition 26
Round trip time was 26.778 milliseconds in repetition 27
Round trip time was 28.372 milliseconds in repetition 28
Round trip time was 26.629 milliseconds in repetition 29
Round trip time was 26.429 milliseconds in repetition 30
Round trip time was 26.383 milliseconds in repetition 31
Round trip time was 26.496 milliseconds in repetition 32
Round trip time was 26.756 milliseconds in repetition 33
Round trip time was 26.752 milliseconds in repetition 34
Round trip time was 26.735 milliseconds in repetition 35
Round trip time was 26.464 milliseconds in repetition 36
Round trip time was 26.538 milliseconds in repetition 37
Round trip time was 26.718 milliseconds in repetition 38
Round trip time was 26.761 milliseconds in repetition 39
Round trip time was 26.720 milliseconds in repetition 40
Round trip time was 26.548 milliseconds in repetition 41
Round trip time was 26.462 milliseconds in repetition 42
Round trip time was 26.535 milliseconds in repetition 43
Round trip time was 26.690 milliseconds in repetition 44
Round trip time was 26.747 milliseconds in repetition 45
Round trip time was 26.719 milliseconds in repetition 46
Round trip time was 26.276 milliseconds in repetition 47
Round trip time was 26.920 milliseconds in repetition 48
Round trip time was 26.793 milliseconds in repetition 49
Round trip time was 26.729 milliseconds in repetition 50
Round trip time was 26.774 milliseconds in repetition 51
Round trip time was 26.485 milliseconds in repetition 52
Round trip time was 26.748 milliseconds in repetition 53
Round trip time was 26.635 milliseconds in repetition 54
Round trip time was 26.746 milliseconds in repetition 55
Round trip time was 26.755 milliseconds in repetition 56
Round trip time was 26.719 milliseconds in repetition 57
Round trip time was 26.729 milliseconds in repetition 58
Round trip time was 26.848 milliseconds in repetition 59
Round trip time was 26.661 milliseconds in repetition 60
Round trip time was 26.814 milliseconds in repetition 61
Round trip time was 27.028 milliseconds in repetition 62
Round trip time was 26.405 milliseconds in repetition 63
Round trip time was 26.762 milliseconds in repetition 64
Round trip time was 26.755 milliseconds in repetition 65
Round trip time was 26.729 milliseconds in repetition 66
Round trip time was 26.821 milliseconds in repetition 67
Round trip time was 26.684 milliseconds in repetition 68
Round trip time was 27.112 milliseconds in repetition 69
Round trip time was 26.703 milliseconds in repetition 70
Round trip time was 26.884 milliseconds in repetition 71
Round trip time was 26.390 milliseconds in repetition 72
Round trip time was 26.401 milliseconds in repetition 73
Round trip time was 26.536 milliseconds in repetition 74
Round trip time was 26.465 milliseconds in repetition 75
Round trip time was 26.770 milliseconds in repetition 76
Round trip time was 28.425 milliseconds in repetition 77
Round trip time was 26.770 milliseconds in repetition 78
Round trip time was 26.692 milliseconds in repetition 79
Round trip time was 26.492 milliseconds in repetition 80
Round trip time was 26.489 milliseconds in repetition 81
Round trip time was 26.836 milliseconds in repetition 82
Round trip time was 26.888 milliseconds in repetition 83
Round trip time was 26.492 milliseconds in repetition 84
Round trip time was 26.483 milliseconds in repetition 85
Round trip time was 26.482 milliseconds in repetition 86
Round trip time was 26.542 milliseconds in repetition 87
Round trip time was 26.493 milliseconds in repetition 88
Round trip time was 26.756 milliseconds in repetition 89
Round trip time was 26.974 milliseconds in repetition 90
Round trip time was 26.460 milliseconds in repetition 91
Round trip time was 26.659 milliseconds in repetition 92
Round trip time was 26.310 milliseconds in repetition 93
Round trip time was 26.735 milliseconds in repetition 94
Round trip time was 27.437 milliseconds in repetition 95
Round trip time was 27.240 milliseconds in repetition 96
Round trip time was 26.543 milliseconds in repetition 97
Round trip time was 26.734 milliseconds in repetition 98
Round trip time was 26.709 milliseconds in repetition 99
Round trip time was 26.781 milliseconds in repetition 100
Round trip time was 26.423 milliseconds in repetition 101
Round trip time was 26.503 milliseconds in repetition 102
Round trip time was 26.712 milliseconds in repetition 103
Round trip time was 26.967 milliseconds in repetition 104
Round trip time was 26.446 milliseconds in repetition 105
Round trip time was 26.568 milliseconds in repetition 106
Round trip time was 26.435 milliseconds in repetition 107
Round trip time was 26.994 milliseconds in repetition 108
Round trip time was 26.740 milliseconds in repetition 109
Round trip time was 26.708 milliseconds in repetition 110
Round trip time was 26.992 milliseconds in repetition 111
Round trip time was 26.726 milliseconds in repetition 112
Round trip time was 26.533 milliseconds in repetition 113
Round trip time was 26.695 milliseconds in repetition 114
Round trip time was 26.760 milliseconds in repetition 115
Round trip time was 26.696 milliseconds in repetition 116
Round trip time was 26.728 milliseconds in repetition 117
Round trip time was 26.748 milliseconds in repetition 118
Round trip time was 26.745 milliseconds in repetition 119
Round trip time was 27.714 milliseconds in repetition 120
Round trip time was 26.668 milliseconds in repetition 121
Round trip time was 26.851 milliseconds in repetition 122
Round trip time was 27.060 milliseconds in repetition 123
Round trip time was 26.281 milliseconds in repetition 124
Round trip time was 26.289 milliseconds in repetition 125
Round trip time was 27.013 milliseconds in repetition 126
Round trip time was 26.889 milliseconds in repetition 127
Round trip time was 27.070 milliseconds in repetition 128
Round trip time was 26.781 milliseconds in repetition 129
Round trip time was 26.945 milliseconds in repetition 130
Round trip time was 26.648 milliseconds in repetition 131
Round trip time was 27.006 milliseconds in repetition 132
Round trip time was 26.478 milliseconds in repetition 133
Round trip time was 26.417 milliseconds in repetition 134
Round trip time was 27.265 milliseconds in repetition 135
Round trip time was 26.726 milliseconds in repetition 136
Round trip time was 26.735 milliseconds in repetition 137
Round trip time was 26.759 milliseconds in repetition 138
Round trip time was 27.237 milliseconds in repetition 139
Round trip time was 26.707 milliseconds in repetition 140
Round trip time was 26.664 milliseconds in repetition 141
Round trip time was 26.460 milliseconds in repetition 142
Round trip time was 26.496 milliseconds in repetition 143
Round trip time was 26.736 milliseconds in repetition 144
Round trip time was 26.714 milliseconds in repetition 145
Round trip time was 26.672 milliseconds in repetition 146

 ... received 0 bytes instead of 192 (lost count = 1); re-trying ...
 ... re-trying ...
Round trip time was 26.732 milliseconds in repetition 147
Round trip time was 26.509 milliseconds in repetition 148
Round trip time was 26.795 milliseconds in repetition 149
Round trip time was 26.909 milliseconds in repetition 150
Round trip time was 26.942 milliseconds in repetition 151

 ... clock resolution was 1e-06
UDP Ping:  Statistics over 151 repetitions of 192 byte messages

RTT : percentile 10: 26.4618, median: 26.7355, percentile 90: 27.5491, average: 26.8948, variance: 0.295575

RTT histogram:
26.275766 4
26.425871 24
26.575976 15
26.726080 58
26.876185 12
27.026290 10
27.176394 3
27.326499 2
27.476604 8
27.626708 2
27.776813 4
27.926918 1
28.077022 0
28.227127 2
28.377232 2
28.527336 1
28.677441 0
28.827546 0
28.977650 1
29.127755 1
29.277859 1
   median Throughput : 14.3629 KB/s   overall Throughput : 14.2779 KB/s

