UDP Ping trying to connect to server webdev.disi.unige.it (130.251.61.30) on TCP port 1491
 ... connected to Pong server: asking for 151 repetitions of 1024 _bytes UDP messages
 ... Pong server agreed to ping-pong using port 62831 :-)
Round trip time was 32.409 milliseconds in repetition 1
Round trip time was 29.522 milliseconds in repetition 2
Round trip time was 29.188 milliseconds in repetition 3
Round trip time was 28.946 milliseconds in repetition 4
Round trip time was 29.229 milliseconds in repetition 5
Round trip time was 29.000 milliseconds in repetition 6
Round trip time was 29.587 milliseconds in repetition 7
Round trip time was 29.626 milliseconds in repetition 8
Round trip time was 28.982 milliseconds in repetition 9
Round trip time was 28.700 milliseconds in repetition 10
Round trip time was 28.999 milliseconds in repetition 11
Round trip time was 28.962 milliseconds in repetition 12
Round trip time was 29.003 milliseconds in repetition 13
Round trip time was 28.974 milliseconds in repetition 14
Round trip time was 29.246 milliseconds in repetition 15
Round trip time was 29.006 milliseconds in repetition 16
Round trip time was 29.247 milliseconds in repetition 17
Round trip time was 29.223 milliseconds in repetition 18
Round trip time was 29.005 milliseconds in repetition 19
Round trip time was 28.183 milliseconds in repetition 20
Round trip time was 27.560 milliseconds in repetition 21
Round trip time was 27.705 milliseconds in repetition 22
Round trip time was 27.762 milliseconds in repetition 23
Round trip time was 28.093 milliseconds in repetition 24
Round trip time was 27.963 milliseconds in repetition 25
Round trip time was 28.183 milliseconds in repetition 26
Round trip time was 31.768 milliseconds in repetition 27
Round trip time was 27.703 milliseconds in repetition 28
Round trip time was 27.902 milliseconds in repetition 29
Round trip time was 27.468 milliseconds in repetition 30
Round trip time was 27.693 milliseconds in repetition 31
Round trip time was 27.513 milliseconds in repetition 32
Round trip time was 27.480 milliseconds in repetition 33
Round trip time was 27.793 milliseconds in repetition 34
Round trip time was 27.648 milliseconds in repetition 35
Round trip time was 27.818 milliseconds in repetition 36
Round trip time was 27.944 milliseconds in repetition 37
Round trip time was 27.998 milliseconds in repetition 38
Round trip time was 27.769 milliseconds in repetition 39
Round trip time was 27.402 milliseconds in repetition 40
Round trip time was 27.512 milliseconds in repetition 41
Round trip time was 27.801 milliseconds in repetition 42
Round trip time was 27.686 milliseconds in repetition 43
Round trip time was 27.781 milliseconds in repetition 44
Round trip time was 27.904 milliseconds in repetition 45
Round trip time was 27.530 milliseconds in repetition 46
Round trip time was 27.483 milliseconds in repetition 47
Round trip time was 27.745 milliseconds in repetition 48
Round trip time was 27.977 milliseconds in repetition 49
Round trip time was 27.997 milliseconds in repetition 50
Round trip time was 27.722 milliseconds in repetition 51
Round trip time was 27.691 milliseconds in repetition 52
Round trip time was 27.793 milliseconds in repetition 53
Round trip time was 27.664 milliseconds in repetition 54
Round trip time was 27.879 milliseconds in repetition 55
Round trip time was 28.192 milliseconds in repetition 56
Round trip time was 27.939 milliseconds in repetition 57
Round trip time was 27.557 milliseconds in repetition 58
Round trip time was 28.198 milliseconds in repetition 59
Round trip time was 27.435 milliseconds in repetition 60
Round trip time was 27.721 milliseconds in repetition 61
Round trip time was 27.765 milliseconds in repetition 62
Round trip time was 27.705 milliseconds in repetition 63
Round trip time was 27.252 milliseconds in repetition 64
Round trip time was 28.230 milliseconds in repetition 65
Round trip time was 27.480 milliseconds in repetition 66
Round trip time was 27.788 milliseconds in repetition 67
Round trip time was 28.027 milliseconds in repetition 68
Round trip time was 27.485 milliseconds in repetition 69
Round trip time was 27.460 milliseconds in repetition 70
Round trip time was 27.774 milliseconds in repetition 71
Round trip time was 27.773 milliseconds in repetition 72
Round trip time was 27.647 milliseconds in repetition 73
Round trip time was 27.508 milliseconds in repetition 74
Round trip time was 27.703 milliseconds in repetition 75
Round trip time was 27.789 milliseconds in repetition 76
Round trip time was 27.692 milliseconds in repetition 77
Round trip time was 27.509 milliseconds in repetition 78
Round trip time was 28.163 milliseconds in repetition 79
Round trip time was 27.851 milliseconds in repetition 80
Round trip time was 27.436 milliseconds in repetition 81
Round trip time was 28.212 milliseconds in repetition 82
Round trip time was 27.768 milliseconds in repetition 83
Round trip time was 27.762 milliseconds in repetition 84
Round trip time was 28.724 milliseconds in repetition 85
Round trip time was 27.738 milliseconds in repetition 86
Round trip time was 28.049 milliseconds in repetition 87
Round trip time was 27.664 milliseconds in repetition 88
Round trip time was 28.004 milliseconds in repetition 89
Round trip time was 27.672 milliseconds in repetition 90
Round trip time was 27.583 milliseconds in repetition 91
Round trip time was 27.960 milliseconds in repetition 92
Round trip time was 27.727 milliseconds in repetition 93
Round trip time was 27.899 milliseconds in repetition 94
Round trip time was 28.077 milliseconds in repetition 95
Round trip time was 27.977 milliseconds in repetition 96
Round trip time was 49.968 milliseconds in repetition 97
Round trip time was 28.020 milliseconds in repetition 98
Round trip time was 27.724 milliseconds in repetition 99
Round trip time was 27.751 milliseconds in repetition 100
Round trip time was 27.738 milliseconds in repetition 101
Round trip time was 29.486 milliseconds in repetition 102
Round trip time was 27.205 milliseconds in repetition 103
Round trip time was 27.750 milliseconds in repetition 104
Round trip time was 27.739 milliseconds in repetition 105
Round trip time was 27.496 milliseconds in repetition 106
Round trip time was 27.736 milliseconds in repetition 107
Round trip time was 27.758 milliseconds in repetition 108
Round trip time was 27.961 milliseconds in repetition 109
Round trip time was 27.800 milliseconds in repetition 110
Round trip time was 27.667 milliseconds in repetition 111
Round trip time was 27.759 milliseconds in repetition 112
Round trip time was 28.000 milliseconds in repetition 113
Round trip time was 27.972 milliseconds in repetition 114
Round trip time was 27.779 milliseconds in repetition 115
Round trip time was 27.964 milliseconds in repetition 116
Round trip time was 27.988 milliseconds in repetition 117
Round trip time was 27.955 milliseconds in repetition 118
Round trip time was 27.514 milliseconds in repetition 119
Round trip time was 27.728 milliseconds in repetition 120
Round trip time was 27.717 milliseconds in repetition 121
Round trip time was 27.754 milliseconds in repetition 122
Round trip time was 28.004 milliseconds in repetition 123
Round trip time was 27.725 milliseconds in repetition 124
Round trip time was 28.088 milliseconds in repetition 125
Round trip time was 28.161 milliseconds in repetition 126
Round trip time was 27.450 milliseconds in repetition 127
Round trip time was 27.992 milliseconds in repetition 128
Round trip time was 27.733 milliseconds in repetition 129
Round trip time was 27.986 milliseconds in repetition 130
Round trip time was 27.816 milliseconds in repetition 131
Round trip time was 27.960 milliseconds in repetition 132
Round trip time was 27.696 milliseconds in repetition 133
Round trip time was 27.486 milliseconds in repetition 134
Round trip time was 27.761 milliseconds in repetition 135
Round trip time was 27.471 milliseconds in repetition 136
Round trip time was 27.544 milliseconds in repetition 137
Round trip time was 28.215 milliseconds in repetition 138
Round trip time was 27.724 milliseconds in repetition 139
Round trip time was 27.701 milliseconds in repetition 140
Round trip time was 27.444 milliseconds in repetition 141
Round trip time was 27.480 milliseconds in repetition 142
Round trip time was 27.500 milliseconds in repetition 143
Round trip time was 27.489 milliseconds in repetition 144
Round trip time was 28.213 milliseconds in repetition 145
Round trip time was 28.056 milliseconds in repetition 146
Round trip time was 27.449 milliseconds in repetition 147
Round trip time was 27.747 milliseconds in repetition 148
Round trip time was 27.750 milliseconds in repetition 149
Round trip time was 27.295 milliseconds in repetition 150
Round trip time was 27.941 milliseconds in repetition 151

 ... clock resolution was 1e-06
UDP Ping:  Statistics over 151 repetitions of 1024 byte messages

RTT : percentile 10: 27.4833, median: 27.7741, percentile 90: 29.0003, average: 28.1528, variance: 3.68742

RTT histogram:
27.205189 76
28.343322 54
29.481455 18
30.619588 0
31.757721 1
32.895854 1
34.033987 0
35.172120 0
36.310253 0
37.448386 0
38.586518 0
39.724651 0
40.862784 0
42.000917 0
43.139050 0
44.277183 0
45.415316 0
46.553449 0
47.691582 0
48.829715 0
49.967848 1
   median Throughput : 73.7378 KB/s   overall Throughput : 72.7459 KB/s

