UDP Ping trying to connect to server webdev.disi.unige.it (130.251.61.30) on TCP port 1491
 ... connected to Pong server: asking for 151 repetitions of 384 _bytes UDP messages
 ... Pong server agreed to ping-pong using port 62831 :-)
Round trip time was 29.972 milliseconds in repetition 1
Round trip time was 27.779 milliseconds in repetition 2
Round trip time was 27.736 milliseconds in repetition 3
Round trip time was 27.731 milliseconds in repetition 4
Round trip time was 28.015 milliseconds in repetition 5
Round trip time was 28.145 milliseconds in repetition 6
Round trip time was 27.868 milliseconds in repetition 7
Round trip time was 27.987 milliseconds in repetition 8
Round trip time was 27.687 milliseconds in repetition 9
Round trip time was 28.293 milliseconds in repetition 10
Round trip time was 28.944 milliseconds in repetition 11
Round trip time was 28.193 milliseconds in repetition 12
Round trip time was 28.324 milliseconds in repetition 13
Round trip time was 27.746 milliseconds in repetition 14
Round trip time was 27.937 milliseconds in repetition 15
Round trip time was 27.742 milliseconds in repetition 16
Round trip time was 28.253 milliseconds in repetition 17
Round trip time was 27.865 milliseconds in repetition 18
Round trip time was 27.756 milliseconds in repetition 19
Round trip time was 27.728 milliseconds in repetition 20
Round trip time was 26.933 milliseconds in repetition 21
Round trip time was 26.536 milliseconds in repetition 22
Round trip time was 26.938 milliseconds in repetition 23
Round trip time was 26.544 milliseconds in repetition 24
Round trip time was 26.690 milliseconds in repetition 25
Round trip time was 26.718 milliseconds in repetition 26
Round trip time was 26.751 milliseconds in repetition 27
Round trip time was 27.031 milliseconds in repetition 28
Round trip time was 26.465 milliseconds in repetition 29
Round trip time was 26.732 milliseconds in repetition 30
Round trip time was 26.726 milliseconds in repetition 31
Round trip time was 27.979 milliseconds in repetition 32
Round trip time was 26.769 milliseconds in repetition 33
Round trip time was 28.060 milliseconds in repetition 34
Round trip time was 26.412 milliseconds in repetition 35
Round trip time was 27.002 milliseconds in repetition 36
Round trip time was 26.721 milliseconds in repetition 37
Round trip time was 26.512 milliseconds in repetition 38
Round trip time was 27.192 milliseconds in repetition 39
Round trip time was 26.761 milliseconds in repetition 40
Round trip time was 26.733 milliseconds in repetition 41
Round trip time was 27.039 milliseconds in repetition 42
Round trip time was 26.690 milliseconds in repetition 43
Round trip time was 27.299 milliseconds in repetition 44
Round trip time was 26.437 milliseconds in repetition 45
Round trip time was 26.737 milliseconds in repetition 46
Round trip time was 26.770 milliseconds in repetition 47
Round trip time was 26.987 milliseconds in repetition 48
Round trip time was 26.498 milliseconds in repetition 49
Round trip time was 26.594 milliseconds in repetition 50
Round trip time was 26.848 milliseconds in repetition 51
Round trip time was 26.753 milliseconds in repetition 52
Round trip time was 26.725 milliseconds in repetition 53
Round trip time was 26.473 milliseconds in repetition 54
Round trip time was 26.757 milliseconds in repetition 55
Round trip time was 27.183 milliseconds in repetition 56
Round trip time was 27.286 milliseconds in repetition 57
Round trip time was 26.760 milliseconds in repetition 58
Round trip time was 26.779 milliseconds in repetition 59
Round trip time was 26.614 milliseconds in repetition 60
Round trip time was 26.748 milliseconds in repetition 61
Round trip time was 26.679 milliseconds in repetition 62
Round trip time was 26.808 milliseconds in repetition 63
Round trip time was 26.889 milliseconds in repetition 64
Round trip time was 26.841 milliseconds in repetition 65
Round trip time was 26.723 milliseconds in repetition 66
Round trip time was 30.899 milliseconds in repetition 67
Round trip time was 26.834 milliseconds in repetition 68
Round trip time was 26.626 milliseconds in repetition 69
Round trip time was 26.430 milliseconds in repetition 70
Round trip time was 26.492 milliseconds in repetition 71
Round trip time was 27.976 milliseconds in repetition 72
Round trip time was 26.714 milliseconds in repetition 73
Round trip time was 26.504 milliseconds in repetition 74
Round trip time was 26.726 milliseconds in repetition 75
Round trip time was 26.781 milliseconds in repetition 76
Round trip time was 28.273 milliseconds in repetition 77
Round trip time was 26.665 milliseconds in repetition 78
Round trip time was 26.769 milliseconds in repetition 79
Round trip time was 27.047 milliseconds in repetition 80
Round trip time was 26.904 milliseconds in repetition 81
Round trip time was 26.730 milliseconds in repetition 82
Round trip time was 26.520 milliseconds in repetition 83
Round trip time was 26.587 milliseconds in repetition 84
Round trip time was 26.427 milliseconds in repetition 85
Round trip time was 26.718 milliseconds in repetition 86
Round trip time was 28.438 milliseconds in repetition 87
Round trip time was 26.765 milliseconds in repetition 88
Round trip time was 26.927 milliseconds in repetition 89
Round trip time was 26.767 milliseconds in repetition 90
Round trip time was 27.006 milliseconds in repetition 91
Round trip time was 26.512 milliseconds in repetition 92
Round trip time was 26.559 milliseconds in repetition 93
Round trip time was 26.634 milliseconds in repetition 94
Round trip time was 27.034 milliseconds in repetition 95
Round trip time was 26.727 milliseconds in repetition 96
Round trip time was 26.724 milliseconds in repetition 97
Round trip time was 28.015 milliseconds in repetition 98
Round trip time was 26.796 milliseconds in repetition 99
Round trip time was 26.656 milliseconds in repetition 100
Round trip time was 27.066 milliseconds in repetition 101
Round trip time was 26.406 milliseconds in repetition 102
Round trip time was 26.772 milliseconds in repetition 103
Round trip time was 26.724 milliseconds in repetition 104
Round trip time was 26.737 milliseconds in repetition 105
Round trip time was 26.589 milliseconds in repetition 106
Round trip time was 26.917 milliseconds in repetition 107
Round trip time was 26.701 milliseconds in repetition 108
Round trip time was 26.719 milliseconds in repetition 109
Round trip time was 26.532 milliseconds in repetition 110
Round trip time was 26.674 milliseconds in repetition 111
Round trip time was 28.261 milliseconds in repetition 112
Round trip time was 26.546 milliseconds in repetition 113
Round trip time was 26.970 milliseconds in repetition 114
Round trip time was 26.726 milliseconds in repetition 115
Round trip time was 26.545 milliseconds in repetition 116
Round trip time was 26.418 milliseconds in repetition 117
Round trip time was 26.476 milliseconds in repetition 118
Round trip time was 26.468 milliseconds in repetition 119
Round trip time was 26.492 milliseconds in repetition 120
Round trip time was 28.254 milliseconds in repetition 121
Round trip time was 26.753 milliseconds in repetition 122
Round trip time was 26.471 milliseconds in repetition 123
Round trip time was 27.138 milliseconds in repetition 124
Round trip time was 26.628 milliseconds in repetition 125
Round trip time was 26.457 milliseconds in repetition 126
Round trip time was 26.474 milliseconds in repetition 127
Round trip time was 27.507 milliseconds in repetition 128
Round trip time was 28.010 milliseconds in repetition 129
Round trip time was 26.731 milliseconds in repetition 130
Round trip time was 26.742 milliseconds in repetition 131
Round trip time was 26.449 milliseconds in repetition 132
Round trip time was 26.756 milliseconds in repetition 133
Round trip time was 26.787 milliseconds in repetition 134
Round trip time was 26.793 milliseconds in repetition 135
Round trip time was 26.445 milliseconds in repetition 136
Round trip time was 26.442 milliseconds in repetition 137
Round trip time was 26.544 milliseconds in repetition 138
Round trip time was 27.656 milliseconds in repetition 139
Round trip time was 26.821 milliseconds in repetition 140
Round trip time was 26.861 milliseconds in repetition 141
Round trip time was 28.052 milliseconds in repetition 142
Round trip time was 26.681 milliseconds in repetition 143
Round trip time was 27.025 milliseconds in repetition 144
Round trip time was 26.737 milliseconds in repetition 145
Round trip time was 26.746 milliseconds in repetition 146
Round trip time was 26.437 milliseconds in repetition 147
Round trip time was 26.674 milliseconds in repetition 148
Round trip time was 26.777 milliseconds in repetition 149
Round trip time was 27.028 milliseconds in repetition 150
Round trip time was 26.529 milliseconds in repetition 151

 ... clock resolution was 1e-06
UDP Ping:  Statistics over 151 repetitions of 384 byte messages

RTT : percentile 10: 26.4741, median: 26.7575, percentile 90: 28.0147, average: 27.0341, variance: 0.477573

RTT histogram:
26.406472 23
26.631080 46
26.855687 33
27.080295 14
27.304902 2
27.529509 1
27.754117 10
27.978724 10
28.203331 7
28.427939 2
28.652546 0
28.877153 1
29.101761 0
29.326368 0
29.550975 0
29.775583 0
30.000190 1
30.224797 0
30.449405 0
30.674012 0
30.898619 1
   median Throughput : 28.7023 KB/s   overall Throughput : 28.4085 KB/s

