UDP Ping trying to connect to server webdev.disi.unige.it (130.251.61.30) on TCP port 1491
 ... connected to Pong server: asking for 151 repetitions of 32 _bytes UDP messages
 ... Pong server agreed to ping-pong using port 62831 :-)
Round trip time was 30.308 milliseconds in repetition 1
Round trip time was 27.493 milliseconds in repetition 2
Round trip time was 28.217 milliseconds in repetition 3
Round trip time was 27.575 milliseconds in repetition 4
Round trip time was 27.678 milliseconds in repetition 5
Round trip time was 27.504 milliseconds in repetition 6
Round trip time was 27.998 milliseconds in repetition 7
Round trip time was 27.296 milliseconds in repetition 8
Round trip time was 26.956 milliseconds in repetition 9
Round trip time was 27.252 milliseconds in repetition 10
Round trip time was 26.924 milliseconds in repetition 11
Round trip time was 27.806 milliseconds in repetition 12
Round trip time was 27.466 milliseconds in repetition 13
Round trip time was 27.216 milliseconds in repetition 14
Round trip time was 27.259 milliseconds in repetition 15
Round trip time was 27.500 milliseconds in repetition 16
Round trip time was 27.743 milliseconds in repetition 17
Round trip time was 27.224 milliseconds in repetition 18
Round trip time was 27.232 milliseconds in repetition 19
Round trip time was 27.260 milliseconds in repetition 20
Round trip time was 27.604 milliseconds in repetition 21
Round trip time was 27.059 milliseconds in repetition 22
Round trip time was 27.014 milliseconds in repetition 23
Round trip time was 27.263 milliseconds in repetition 24
Round trip time was 27.242 milliseconds in repetition 25
Round trip time was 27.506 milliseconds in repetition 26
Round trip time was 27.113 milliseconds in repetition 27
Round trip time was 27.269 milliseconds in repetition 28
Round trip time was 27.250 milliseconds in repetition 29
Round trip time was 27.253 milliseconds in repetition 30
Round trip time was 27.434 milliseconds in repetition 31
Round trip time was 27.227 milliseconds in repetition 32
Round trip time was 27.585 milliseconds in repetition 33
Round trip time was 27.334 milliseconds in repetition 34
Round trip time was 27.394 milliseconds in repetition 35
Round trip time was 27.143 milliseconds in repetition 36
Round trip time was 27.243 milliseconds in repetition 37
Round trip time was 27.510 milliseconds in repetition 38
Round trip time was 27.515 milliseconds in repetition 39
Round trip time was 26.955 milliseconds in repetition 40
Round trip time was 26.445 milliseconds in repetition 41
Round trip time was 26.438 milliseconds in repetition 42
Round trip time was 26.390 milliseconds in repetition 43
Round trip time was 26.381 milliseconds in repetition 44
Round trip time was 27.191 milliseconds in repetition 45
Round trip time was 26.474 milliseconds in repetition 46
Round trip time was 27.458 milliseconds in repetition 47
Round trip time was 27.132 milliseconds in repetition 48
Round trip time was 26.584 milliseconds in repetition 49
Round trip time was 26.722 milliseconds in repetition 50
Round trip time was 26.267 milliseconds in repetition 51
Round trip time was 26.266 milliseconds in repetition 52
Round trip time was 26.672 milliseconds in repetition 53
Round trip time was 26.508 milliseconds in repetition 54
Round trip time was 26.424 milliseconds in repetition 55
Round trip time was 26.302 milliseconds in repetition 56
Round trip time was 26.246 milliseconds in repetition 57
Round trip time was 26.433 milliseconds in repetition 58
Round trip time was 26.473 milliseconds in repetition 59
Round trip time was 26.722 milliseconds in repetition 60
Round trip time was 26.733 milliseconds in repetition 61
Round trip time was 26.226 milliseconds in repetition 62
Round trip time was 26.424 milliseconds in repetition 63
Round trip time was 26.294 milliseconds in repetition 64
Round trip time was 26.476 milliseconds in repetition 65
Round trip time was 26.228 milliseconds in repetition 66
Round trip time was 26.739 milliseconds in repetition 67
Round trip time was 26.517 milliseconds in repetition 68
Round trip time was 26.625 milliseconds in repetition 69
Round trip time was 26.709 milliseconds in repetition 70
Round trip time was 26.540 milliseconds in repetition 71
Round trip time was 26.446 milliseconds in repetition 72
Round trip time was 26.460 milliseconds in repetition 73
Round trip time was 26.984 milliseconds in repetition 74
Round trip time was 26.472 milliseconds in repetition 75
Round trip time was 26.259 milliseconds in repetition 76
Round trip time was 26.218 milliseconds in repetition 77
Round trip time was 49.190 milliseconds in repetition 78
Round trip time was 26.800 milliseconds in repetition 79
Round trip time was 26.227 milliseconds in repetition 80
Round trip time was 26.652 milliseconds in repetition 81
Round trip time was 26.453 milliseconds in repetition 82
Round trip time was 26.237 milliseconds in repetition 83
Round trip time was 26.571 milliseconds in repetition 84
Round trip time was 26.367 milliseconds in repetition 85
Round trip time was 26.714 milliseconds in repetition 86
Round trip time was 26.588 milliseconds in repetition 87
Round trip time was 26.366 milliseconds in repetition 88
Round trip time was 25.984 milliseconds in repetition 89
Round trip time was 26.607 milliseconds in repetition 90
Round trip time was 26.410 milliseconds in repetition 91
Round trip time was 26.452 milliseconds in repetition 92
Round trip time was 26.602 milliseconds in repetition 93
Round trip time was 26.086 milliseconds in repetition 94
Round trip time was 27.192 milliseconds in repetition 95
Round trip time was 26.337 milliseconds in repetition 96
Round trip time was 26.491 milliseconds in repetition 97
Round trip time was 26.433 milliseconds in repetition 98
Round trip time was 26.718 milliseconds in repetition 99
Round trip time was 26.322 milliseconds in repetition 100
Round trip time was 26.399 milliseconds in repetition 101
Round trip time was 26.468 milliseconds in repetition 102
Round trip time was 26.424 milliseconds in repetition 103
Round trip time was 26.609 milliseconds in repetition 104
Round trip time was 26.352 milliseconds in repetition 105
Round trip time was 26.518 milliseconds in repetition 106
Round trip time was 26.477 milliseconds in repetition 107
Round trip time was 26.488 milliseconds in repetition 108
Round trip time was 26.552 milliseconds in repetition 109
Round trip time was 26.195 milliseconds in repetition 110
Round trip time was 26.263 milliseconds in repetition 111
Round trip time was 26.719 milliseconds in repetition 112
Round trip time was 26.624 milliseconds in repetition 113
Round trip time was 26.280 milliseconds in repetition 114
Round trip time was 43.715 milliseconds in repetition 115
Round trip time was 26.579 milliseconds in repetition 116
Round trip time was 26.379 milliseconds in repetition 117
Round trip time was 26.510 milliseconds in repetition 118
Round trip time was 26.746 milliseconds in repetition 119
Round trip time was 26.312 milliseconds in repetition 120
Round trip time was 26.707 milliseconds in repetition 121
Round trip time was 26.233 milliseconds in repetition 122
Round trip time was 26.480 milliseconds in repetition 123
Round trip time was 26.261 milliseconds in repetition 124
Round trip time was 26.229 milliseconds in repetition 125
Round trip time was 26.963 milliseconds in repetition 126
Round trip time was 26.272 milliseconds in repetition 127
Round trip time was 26.728 milliseconds in repetition 128
Round trip time was 26.299 milliseconds in repetition 129
Round trip time was 26.463 milliseconds in repetition 130
Round trip time was 27.319 milliseconds in repetition 131
Round trip time was 26.364 milliseconds in repetition 132
Round trip time was 26.518 milliseconds in repetition 133
Round trip time was 27.235 milliseconds in repetition 134
Round trip time was 26.668 milliseconds in repetition 135
Round trip time was 26.454 milliseconds in repetition 136
Round trip time was 26.540 milliseconds in repetition 137
Round trip time was 26.718 milliseconds in repetition 138
Round trip time was 26.290 milliseconds in repetition 139
Round trip time was 26.429 milliseconds in repetition 140
Round trip time was 26.719 milliseconds in repetition 141
Round trip time was 26.256 milliseconds in repetition 142
Round trip time was 26.708 milliseconds in repetition 143
Round trip time was 26.727 milliseconds in repetition 144
Round trip time was 26.785 milliseconds in repetition 145
Round trip time was 26.480 milliseconds in repetition 146
Round trip time was 26.659 milliseconds in repetition 147
Round trip time was 26.450 milliseconds in repetition 148
Round trip time was 26.253 milliseconds in repetition 149
Round trip time was 26.454 milliseconds in repetition 150
Round trip time was 26.554 milliseconds in repetition 151

 ... clock resolution was 1e-06
UDP Ping:  Statistics over 151 repetitions of 32 byte messages

RTT : percentile 10: 26.2629, median: 26.6025, percentile 90: 27.5004, average: 27.0286, variance: 5.48793

RTT histogram:
25.983950 71
27.144256 73
28.304561 4
29.464867 0
30.625172 1
31.785478 0
32.945783 0
34.106089 0
35.266394 0
36.426700 0
37.587005 0
38.747310 0
39.907616 0
41.067921 0
42.228227 0
43.388532 1
44.548838 0
45.709143 0
46.869449 0
48.029754 0
49.190059 1
   median Throughput : 2.40579 KB/s   overall Throughput : 2.36786 KB/s

