UDP Ping trying to connect to server webdev.disi.unige.it (130.251.61.30) on TCP port 1491
 ... connected to Pong server: asking for 151 repetitions of 16 _bytes UDP messages
 ... Pong server agreed to ping-pong using port 62831 :-)
Round trip time was 28.649 milliseconds in repetition 1
Round trip time was 27.606 milliseconds in repetition 2
Round trip time was 27.986 milliseconds in repetition 3
Round trip time was 27.468 milliseconds in repetition 4
Round trip time was 27.682 milliseconds in repetition 5
Round trip time was 27.280 milliseconds in repetition 6
Round trip time was 27.532 milliseconds in repetition 7
Round trip time was 27.215 milliseconds in repetition 8
Round trip time was 27.460 milliseconds in repetition 9
Round trip time was 29.818 milliseconds in repetition 10
Round trip time was 27.964 milliseconds in repetition 11
Round trip time was 55.077 milliseconds in repetition 12
Round trip time was 27.346 milliseconds in repetition 13
Round trip time was 28.534 milliseconds in repetition 14
Round trip time was 27.352 milliseconds in repetition 15
Round trip time was 27.015 milliseconds in repetition 16
Round trip time was 27.513 milliseconds in repetition 17
Round trip time was 27.407 milliseconds in repetition 18
Round trip time was 27.296 milliseconds in repetition 19
Round trip time was 26.960 milliseconds in repetition 20
Round trip time was 26.443 milliseconds in repetition 21
Round trip time was 26.817 milliseconds in repetition 22
Round trip time was 26.661 milliseconds in repetition 23
Round trip time was 29.983 milliseconds in repetition 24
Round trip time was 26.427 milliseconds in repetition 25
Round trip time was 26.575 milliseconds in repetition 26
Round trip time was 26.483 milliseconds in repetition 27
Round trip time was 26.770 milliseconds in repetition 28
Round trip time was 26.919 milliseconds in repetition 29
Round trip time was 27.723 milliseconds in repetition 30
Round trip time was 27.718 milliseconds in repetition 31
Round trip time was 26.717 milliseconds in repetition 32
Round trip time was 26.514 milliseconds in repetition 33
Round trip time was 26.962 milliseconds in repetition 34
Round trip time was 26.975 milliseconds in repetition 35
Round trip time was 26.461 milliseconds in repetition 36
Round trip time was 26.522 milliseconds in repetition 37
Round trip time was 26.781 milliseconds in repetition 38
Round trip time was 26.619 milliseconds in repetition 39
Round trip time was 26.272 milliseconds in repetition 40
Round trip time was 26.893 milliseconds in repetition 41
Round trip time was 26.715 milliseconds in repetition 42
Round trip time was 26.957 milliseconds in repetition 43
Round trip time was 26.641 milliseconds in repetition 44
Round trip time was 27.579 milliseconds in repetition 45
Round trip time was 26.554 milliseconds in repetition 46
Round trip time was 26.470 milliseconds in repetition 47
Round trip time was 26.545 milliseconds in repetition 48
Round trip time was 26.589 milliseconds in repetition 49
Round trip time was 26.632 milliseconds in repetition 50
Round trip time was 26.877 milliseconds in repetition 51
Round trip time was 26.500 milliseconds in repetition 52
Round trip time was 29.041 milliseconds in repetition 53
Round trip time was 26.467 milliseconds in repetition 54
Round trip time was 26.511 milliseconds in repetition 55
Round trip time was 26.751 milliseconds in repetition 56
Round trip time was 27.556 milliseconds in repetition 57
Round trip time was 26.511 milliseconds in repetition 58
Round trip time was 26.839 milliseconds in repetition 59
Round trip time was 28.109 milliseconds in repetition 60
Round trip time was 26.731 milliseconds in repetition 61
Round trip time was 26.218 milliseconds in repetition 62
Round trip time was 26.771 milliseconds in repetition 63
Round trip time was 26.675 milliseconds in repetition 64
Round trip time was 26.678 milliseconds in repetition 65
Round trip time was 26.577 milliseconds in repetition 66
Round trip time was 28.683 milliseconds in repetition 67
Round trip time was 26.235 milliseconds in repetition 68
Round trip time was 26.656 milliseconds in repetition 69
Round trip time was 26.289 milliseconds in repetition 70
Round trip time was 27.687 milliseconds in repetition 71
Round trip time was 26.705 milliseconds in repetition 72
Round trip time was 26.383 milliseconds in repetition 73
Round trip time was 26.887 milliseconds in repetition 74
Round trip time was 26.496 milliseconds in repetition 75
Round trip time was 26.504 milliseconds in repetition 76
Round trip time was 26.498 milliseconds in repetition 77
Round trip time was 26.789 milliseconds in repetition 78
Round trip time was 26.639 milliseconds in repetition 79
Round trip time was 26.579 milliseconds in repetition 80
Round trip time was 26.651 milliseconds in repetition 81
Round trip time was 26.511 milliseconds in repetition 82
Round trip time was 26.652 milliseconds in repetition 83
Round trip time was 26.215 milliseconds in repetition 84
Round trip time was 26.771 milliseconds in repetition 85
Round trip time was 26.303 milliseconds in repetition 86
Round trip time was 26.405 milliseconds in repetition 87
Round trip time was 26.493 milliseconds in repetition 88
Round trip time was 26.923 milliseconds in repetition 89
Round trip time was 26.527 milliseconds in repetition 90
Round trip time was 26.972 milliseconds in repetition 91
Round trip time was 26.716 milliseconds in repetition 92
Round trip time was 26.774 milliseconds in repetition 93
Round trip time was 26.741 milliseconds in repetition 94
Round trip time was 26.910 milliseconds in repetition 95
Round trip time was 26.481 milliseconds in repetition 96
Round trip time was 26.456 milliseconds in repetition 97
Round trip time was 26.844 milliseconds in repetition 98
Round trip time was 26.412 milliseconds in repetition 99
Round trip time was 26.548 milliseconds in repetition 100
Round trip time was 26.504 milliseconds in repetition 101
Round trip time was 26.371 milliseconds in repetition 102
Round trip time was 26.536 milliseconds in repetition 103
Round trip time was 26.535 milliseconds in repetition 104
Round trip time was 27.186 milliseconds in repetition 105
Round trip time was 26.302 milliseconds in repetition 106
Round trip time was 26.505 milliseconds in repetition 107
Round trip time was 26.425 milliseconds in repetition 108
Round trip time was 26.264 milliseconds in repetition 109
Round trip time was 26.513 milliseconds in repetition 110
Round trip time was 26.405 milliseconds in repetition 111
Round trip time was 26.520 milliseconds in repetition 112
Round trip time was 26.474 milliseconds in repetition 113
Round trip time was 27.027 milliseconds in repetition 114
Round trip time was 26.662 milliseconds in repetition 115
Round trip time was 26.559 milliseconds in repetition 116
Round trip time was 27.367 milliseconds in repetition 117
Round trip time was 26.483 milliseconds in repetition 118
Round trip time was 26.488 milliseconds in repetition 119
Round trip time was 26.423 milliseconds in repetition 120
Round trip time was 26.244 milliseconds in repetition 121
Round trip time was 26.439 milliseconds in repetition 122
Round trip time was 26.502 milliseconds in repetition 123
Round trip time was 26.539 milliseconds in repetition 124
Round trip time was 27.465 milliseconds in repetition 125
Round trip time was 26.727 milliseconds in repetition 126
Round trip time was 26.685 milliseconds in repetition 127
Round trip time was 26.741 milliseconds in repetition 128
Round trip time was 26.507 milliseconds in repetition 129
Round trip time was 26.718 milliseconds in repetition 130
Round trip time was 26.815 milliseconds in repetition 131
Round trip time was 26.706 milliseconds in repetition 132
Round trip time was 26.503 milliseconds in repetition 133
Round trip time was 27.052 milliseconds in repetition 134
Round trip time was 26.663 milliseconds in repetition 135
Round trip time was 26.740 milliseconds in repetition 136
Round trip time was 26.484 milliseconds in repetition 137
Round trip time was 27.467 milliseconds in repetition 138
Round trip time was 26.534 milliseconds in repetition 139
Round trip time was 26.506 milliseconds in repetition 140
Round trip time was 26.318 milliseconds in repetition 141
Round trip time was 26.990 milliseconds in repetition 142
Round trip time was 26.536 milliseconds in repetition 143
Round trip time was 26.814 milliseconds in repetition 144
Round trip time was 26.441 milliseconds in repetition 145
Round trip time was 26.779 milliseconds in repetition 146
Round trip time was 26.938 milliseconds in repetition 147
Round trip time was 26.781 milliseconds in repetition 148
Round trip time was 26.467 milliseconds in repetition 149
Round trip time was 26.737 milliseconds in repetition 150
Round trip time was 26.744 milliseconds in repetition 151

 ... clock resolution was 1e-06
UDP Ping:  Statistics over 151 repetitions of 16 byte messages

RTT : percentile 10: 26.4234, median: 26.6775, percentile 90: 27.5792, average: 27.0487, variance: 5.65186

RTT histogram:
26.215004 110
27.658079 34
29.101154 5
30.544229 1
31.987304 0
33.430379 0
34.873454 0
36.316528 0
37.759603 0
39.202678 0
40.645753 0
42.088828 0
43.531903 0
44.974978 0
46.418052 0
47.861127 0
49.304202 0
50.747277 0
52.190352 0
53.633427 0
55.076501 1
   median Throughput : 1.19951 KB/s   overall Throughput : 1.18305 KB/s

