UDP Ping trying to connect to server webdev.disi.unige.it (130.251.61.30) on TCP port 1491
 ... connected to Pong server: asking for 151 repetitions of 48 _bytes UDP messages
 ... Pong server agreed to ping-pong using port 62831 :-)
Round trip time was 28.771 milliseconds in repetition 1
Round trip time was 27.627 milliseconds in repetition 2
Round trip time was 26.943 milliseconds in repetition 3
Round trip time was 27.591 milliseconds in repetition 4
Round trip time was 27.997 milliseconds in repetition 5
Round trip time was 27.442 milliseconds in repetition 6
Round trip time was 27.447 milliseconds in repetition 7
Round trip time was 27.068 milliseconds in repetition 8
Round trip time was 28.046 milliseconds in repetition 9
Round trip time was 27.440 milliseconds in repetition 10
Round trip time was 27.440 milliseconds in repetition 11
Round trip time was 26.968 milliseconds in repetition 12
Round trip time was 27.309 milliseconds in repetition 13
Round trip time was 27.172 milliseconds in repetition 14
Round trip time was 27.698 milliseconds in repetition 15
Round trip time was 27.226 milliseconds in repetition 16
Round trip time was 27.053 milliseconds in repetition 17
Round trip time was 27.528 milliseconds in repetition 18
Round trip time was 27.673 milliseconds in repetition 19
Round trip time was 26.682 milliseconds in repetition 20
Round trip time was 26.607 milliseconds in repetition 21
Round trip time was 26.378 milliseconds in repetition 22
Round trip time was 26.226 milliseconds in repetition 23
Round trip time was 26.137 milliseconds in repetition 24
Round trip time was 26.677 milliseconds in repetition 25
Round trip time was 26.260 milliseconds in repetition 26
Round trip time was 26.300 milliseconds in repetition 27
Round trip time was 26.363 milliseconds in repetition 28
Round trip time was 26.332 milliseconds in repetition 29
Round trip time was 26.666 milliseconds in repetition 30
Round trip time was 26.309 milliseconds in repetition 31
Round trip time was 26.425 milliseconds in repetition 32
Round trip time was 26.556 milliseconds in repetition 33
Round trip time was 26.397 milliseconds in repetition 34
Round trip time was 26.470 milliseconds in repetition 35
Round trip time was 26.486 milliseconds in repetition 36
Round trip time was 26.274 milliseconds in repetition 37
Round trip time was 26.632 milliseconds in repetition 38
Round trip time was 26.435 milliseconds in repetition 39
Round trip time was 26.475 milliseconds in repetition 40
Round trip time was 26.458 milliseconds in repetition 41
Round trip time was 26.928 milliseconds in repetition 42
Round trip time was 26.531 milliseconds in repetition 43
Round trip time was 26.415 milliseconds in repetition 44
Round trip time was 26.477 milliseconds in repetition 45
Round trip time was 26.229 milliseconds in repetition 46
Round trip time was 26.183 milliseconds in repetition 47
Round trip time was 26.153 milliseconds in repetition 48
Round trip time was 26.466 milliseconds in repetition 49
Round trip time was 26.518 milliseconds in repetition 50
Round trip time was 26.490 milliseconds in repetition 51
Round trip time was 26.888 milliseconds in repetition 52
Round trip time was 26.451 milliseconds in repetition 53
Round trip time was 27.009 milliseconds in repetition 54
Round trip time was 26.236 milliseconds in repetition 55
Round trip time was 26.407 milliseconds in repetition 56
Round trip time was 26.250 milliseconds in repetition 57
Round trip time was 26.167 milliseconds in repetition 58
Round trip time was 25.995 milliseconds in repetition 59
Round trip time was 26.322 milliseconds in repetition 60
Round trip time was 26.253 milliseconds in repetition 61
Round trip time was 26.469 milliseconds in repetition 62
Round trip time was 26.310 milliseconds in repetition 63
Round trip time was 26.457 milliseconds in repetition 64
Round trip time was 26.500 milliseconds in repetition 65
Round trip time was 26.775 milliseconds in repetition 66
Round trip time was 26.451 milliseconds in repetition 67
Round trip time was 26.221 milliseconds in repetition 68
Round trip time was 26.582 milliseconds in repetition 69
Round trip time was 26.556 milliseconds in repetition 70
Round trip time was 26.183 milliseconds in repetition 71
Round trip time was 26.288 milliseconds in repetition 72
Round trip time was 52.375 milliseconds in repetition 73
Round trip time was 26.032 milliseconds in repetition 74
Round trip time was 26.263 milliseconds in repetition 75
Round trip time was 26.288 milliseconds in repetition 76
Round trip time was 26.787 milliseconds in repetition 77
Round trip time was 26.395 milliseconds in repetition 78
Round trip time was 26.258 milliseconds in repetition 79
Round trip time was 26.271 milliseconds in repetition 80
Round trip time was 26.456 milliseconds in repetition 81
Round trip time was 26.553 milliseconds in repetition 82
Round trip time was 26.416 milliseconds in repetition 83
Round trip time was 26.266 milliseconds in repetition 84
Round trip time was 26.484 milliseconds in repetition 85
Round trip time was 26.471 milliseconds in repetition 86
Round trip time was 26.466 milliseconds in repetition 87
Round trip time was 26.344 milliseconds in repetition 88
Round trip time was 26.433 milliseconds in repetition 89
Round trip time was 26.670 milliseconds in repetition 90
Round trip time was 26.471 milliseconds in repetition 91
Round trip time was 26.214 milliseconds in repetition 92
Round trip time was 26.428 milliseconds in repetition 93
Round trip time was 26.574 milliseconds in repetition 94
Round trip time was 26.262 milliseconds in repetition 95
Round trip time was 26.225 milliseconds in repetition 96
Round trip time was 25.989 milliseconds in repetition 97
Round trip time was 26.294 milliseconds in repetition 98
Round trip time was 26.500 milliseconds in repetition 99
Round trip time was 26.410 milliseconds in repetition 100
Round trip time was 26.247 milliseconds in repetition 101
Round trip time was 26.288 milliseconds in repetition 102
Round trip time was 26.451 milliseconds in repetition 103
Round trip time was 26.771 milliseconds in repetition 104
Round trip time was 26.777 milliseconds in repetition 105
Round trip time was 26.275 milliseconds in repetition 106
Round trip time was 26.467 milliseconds in repetition 107
Round trip time was 26.709 milliseconds in repetition 108
Round trip time was 26.501 milliseconds in repetition 109
Round trip time was 26.423 milliseconds in repetition 110
Round trip time was 26.523 milliseconds in repetition 111
Round trip time was 26.488 milliseconds in repetition 112
Round trip time was 26.258 milliseconds in repetition 113
Round trip time was 26.315 milliseconds in repetition 114
Round trip time was 26.104 milliseconds in repetition 115
Round trip time was 26.200 milliseconds in repetition 116
Round trip time was 26.280 milliseconds in repetition 117
Round trip time was 26.792 milliseconds in repetition 118
Round trip time was 26.681 milliseconds in repetition 119
Round trip time was 26.215 milliseconds in repetition 120
Round trip time was 26.832 milliseconds in repetition 121
Round trip time was 26.434 milliseconds in repetition 122
Round trip time was 26.491 milliseconds in repetition 123
Round trip time was 26.185 milliseconds in repetition 124
Round trip time was 26.207 milliseconds in repetition 125
Round trip time was 26.303 milliseconds in repetition 126
Round trip time was 26.421 milliseconds in repetition 127
Round trip time was 26.243 milliseconds in repetition 128
Round trip time was 26.235 milliseconds in repetition 129
Round trip time was 27.769 milliseconds in repetition 130
Round trip time was 26.499 milliseconds in repetition 131
Round trip time was 26.492 milliseconds in repetition 132
Round trip time was 26.498 milliseconds in repetition 133
Round trip time was 26.190 milliseconds in repetition 134
Round trip time was 26.244 milliseconds in repetition 135
Round trip time was 26.224 milliseconds in repetition 136
Round trip time was 26.475 milliseconds in repetition 137
Round trip time was 26.259 milliseconds in repetition 138
Round trip time was 26.532 milliseconds in repetition 139
Round trip time was 26.462 milliseconds in repetition 140
Round trip time was 26.544 milliseconds in repetition 141
Round trip time was 26.317 milliseconds in repetition 142
Round trip time was 26.237 milliseconds in repetition 143
Round trip time was 26.218 milliseconds in repetition 144
Round trip time was 26.726 milliseconds in repetition 145
Round trip time was 26.299 milliseconds in repetition 146
Round trip time was 26.743 milliseconds in repetition 147
Round trip time was 26.193 milliseconds in repetition 148
Round trip time was 26.545 milliseconds in repetition 149
Round trip time was 26.516 milliseconds in repetition 150
Round trip time was 26.210 milliseconds in repetition 151

 ... clock resolution was 1e-06
UDP Ping:  Statistics over 151 repetitions of 48 byte messages

RTT : percentile 10: 26.2136, median: 26.4571, percentile 90: 27.2263, average: 26.7288, variance: 4.60984

RTT histogram:
25.989290 113
27.308598 34
28.627906 3
29.947214 0
31.266522 0
32.585830 0
33.905138 0
35.224445 0
36.543753 0
37.863061 0
39.182369 0
40.501677 0
41.820985 0
43.140293 0
44.459600 0
45.778908 0
47.098216 0
48.417524 0
49.736832 0
51.056140 0
52.375447 1
   median Throughput : 3.62852 KB/s   overall Throughput : 3.59164 KB/s

