UDP Ping trying to connect to server webdev.disi.unige.it (130.251.61.30) on TCP port 1491
 ... connected to Pong server: asking for 151 repetitions of 4096 _bytes UDP messages
 ... Pong server agreed to ping-pong using port 62831 :-)
Round trip time was 43.392 milliseconds in repetition 1
Round trip time was 34.264 milliseconds in repetition 2
Round trip time was 33.004 milliseconds in repetition 3
Round trip time was 33.486 milliseconds in repetition 4
Round trip time was 34.912 milliseconds in repetition 5
Round trip time was 34.783 milliseconds in repetition 6
Round trip time was 33.709 milliseconds in repetition 7
Round trip time was 34.607 milliseconds in repetition 8
Round trip time was 33.413 milliseconds in repetition 9
Round trip time was 33.450 milliseconds in repetition 10
Round trip time was 33.265 milliseconds in repetition 11
Round trip time was 35.474 milliseconds in repetition 12
Round trip time was 33.241 milliseconds in repetition 13
Round trip time was 33.587 milliseconds in repetition 14
Round trip time was 33.692 milliseconds in repetition 15
Round trip time was 33.425 milliseconds in repetition 16
Round trip time was 33.568 milliseconds in repetition 17
Round trip time was 33.406 milliseconds in repetition 18
Round trip time was 33.737 milliseconds in repetition 19
Round trip time was 32.091 milliseconds in repetition 20
Round trip time was 30.396 milliseconds in repetition 21
Round trip time was 30.294 milliseconds in repetition 22
Round trip time was 31.044 milliseconds in repetition 23
Round trip time was 30.393 milliseconds in repetition 24
Round trip time was 30.444 milliseconds in repetition 25
Round trip time was 30.471 milliseconds in repetition 26
Round trip time was 30.664 milliseconds in repetition 27
Round trip time was 30.591 milliseconds in repetition 28
Round trip time was 30.487 milliseconds in repetition 29
Round trip time was 30.463 milliseconds in repetition 30
Round trip time was 30.249 milliseconds in repetition 31
Round trip time was 31.250 milliseconds in repetition 32
Round trip time was 30.509 milliseconds in repetition 33
Round trip time was 30.534 milliseconds in repetition 34
Round trip time was 30.735 milliseconds in repetition 35
Round trip time was 30.935 milliseconds in repetition 36
Round trip time was 30.450 milliseconds in repetition 37
Round trip time was 30.516 milliseconds in repetition 38
Round trip time was 30.518 milliseconds in repetition 39
Round trip time was 30.217 milliseconds in repetition 40
Round trip time was 30.646 milliseconds in repetition 41
Round trip time was 30.305 milliseconds in repetition 42
Round trip time was 30.217 milliseconds in repetition 43
Round trip time was 29.995 milliseconds in repetition 44
Round trip time was 30.717 milliseconds in repetition 45
Round trip time was 30.303 milliseconds in repetition 46
Round trip time was 30.189 milliseconds in repetition 47
Round trip time was 30.491 milliseconds in repetition 48
Round trip time was 30.387 milliseconds in repetition 49
Round trip time was 30.037 milliseconds in repetition 50
Round trip time was 30.006 milliseconds in repetition 51
Round trip time was 30.464 milliseconds in repetition 52
Round trip time was 30.081 milliseconds in repetition 53
Round trip time was 30.163 milliseconds in repetition 54
Round trip time was 30.213 milliseconds in repetition 55
Round trip time was 30.752 milliseconds in repetition 56
Round trip time was 30.740 milliseconds in repetition 57
Round trip time was 30.240 milliseconds in repetition 58
Round trip time was 30.204 milliseconds in repetition 59
Round trip time was 30.597 milliseconds in repetition 60
Round trip time was 30.160 milliseconds in repetition 61
Round trip time was 30.205 milliseconds in repetition 62
Round trip time was 30.278 milliseconds in repetition 63
Round trip time was 30.957 milliseconds in repetition 64
Round trip time was 29.964 milliseconds in repetition 65
Round trip time was 29.986 milliseconds in repetition 66
Round trip time was 29.759 milliseconds in repetition 67
Round trip time was 29.972 milliseconds in repetition 68
Round trip time was 30.963 milliseconds in repetition 69
Round trip time was 30.446 milliseconds in repetition 70
Round trip time was 29.906 milliseconds in repetition 71
Round trip time was 30.479 milliseconds in repetition 72
Round trip time was 29.733 milliseconds in repetition 73
Round trip time was 30.046 milliseconds in repetition 74
Round trip time was 30.168 milliseconds in repetition 75
Round trip time was 30.324 milliseconds in repetition 76
Round trip time was 30.170 milliseconds in repetition 77
Round trip time was 29.975 milliseconds in repetition 78
Round trip time was 29.981 milliseconds in repetition 79
Round trip time was 29.745 milliseconds in repetition 80
Round trip time was 30.021 milliseconds in repetition 81
Round trip time was 30.460 milliseconds in repetition 82
Round trip time was 30.355 milliseconds in repetition 83
Round trip time was 30.378 milliseconds in repetition 84
Round trip time was 29.976 milliseconds in repetition 85
Round trip time was 29.996 milliseconds in repetition 86
Round trip time was 29.975 milliseconds in repetition 87
Round trip time was 30.774 milliseconds in repetition 88
Round trip time was 30.308 milliseconds in repetition 89
Round trip time was 30.398 milliseconds in repetition 90
Round trip time was 30.480 milliseconds in repetition 91
Round trip time was 30.468 milliseconds in repetition 92
Round trip time was 30.576 milliseconds in repetition 93
Round trip time was 30.624 milliseconds in repetition 94
Round trip time was 29.990 milliseconds in repetition 95
Round trip time was 30.297 milliseconds in repetition 96
Round trip time was 29.913 milliseconds in repetition 97
Round trip time was 29.986 milliseconds in repetition 98
Round trip time was 29.971 milliseconds in repetition 99
Round trip time was 30.496 milliseconds in repetition 100
Round trip time was 30.238 milliseconds in repetition 101
Round trip time was 30.283 milliseconds in repetition 102
Round trip time was 30.573 milliseconds in repetition 103
Round trip time was 30.148 milliseconds in repetition 104
Round trip time was 30.445 milliseconds in repetition 105
Round trip time was 30.229 milliseconds in repetition 106
Round trip time was 30.759 milliseconds in repetition 107
Round trip time was 30.482 milliseconds in repetition 108
Round trip time was 30.330 milliseconds in repetition 109
Round trip time was 30.384 milliseconds in repetition 110
Round trip time was 30.496 milliseconds in repetition 111
Round trip time was 30.052 milliseconds in repetition 112
Round trip time was 30.325 milliseconds in repetition 113
Round trip time was 30.022 milliseconds in repetition 114
Round trip time was 30.497 milliseconds in repetition 115
Round trip time was 30.582 milliseconds in repetition 116
Round trip time was 30.375 milliseconds in repetition 117
Round trip time was 30.213 milliseconds in repetition 118
Round trip time was 30.248 milliseconds in repetition 119
Round trip time was 30.200 milliseconds in repetition 120
Round trip time was 30.270 milliseconds in repetition 121
Round trip time was 30.614 milliseconds in repetition 122
Round trip time was 30.097 milliseconds in repetition 123
Round trip time was 30.315 milliseconds in repetition 124
Round trip time was 30.409 milliseconds in repetition 125
Round trip time was 30.433 milliseconds in repetition 126
Round trip time was 30.484 milliseconds in repetition 127
Round trip time was 30.733 milliseconds in repetition 128
Round trip time was 30.369 milliseconds in repetition 129
Round trip time was 30.575 milliseconds in repetition 130
Round trip time was 30.266 milliseconds in repetition 131
Round trip time was 30.306 milliseconds in repetition 132
Round trip time was 30.385 milliseconds in repetition 133
Round trip time was 30.230 milliseconds in repetition 134
Round trip time was 30.012 milliseconds in repetition 135
Round trip time was 30.337 milliseconds in repetition 136
Round trip time was 30.401 milliseconds in repetition 137
Round trip time was 30.171 milliseconds in repetition 138
Round trip time was 30.272 milliseconds in repetition 139
Round trip time was 30.265 milliseconds in repetition 140
Round trip time was 30.178 milliseconds in repetition 141
Round trip time was 30.394 milliseconds in repetition 142
Round trip time was 30.328 milliseconds in repetition 143
Round trip time was 30.254 milliseconds in repetition 144
Round trip time was 30.216 milliseconds in repetition 145
Round trip time was 30.331 milliseconds in repetition 146
Round trip time was 30.691 milliseconds in repetition 147
Round trip time was 30.567 milliseconds in repetition 148
Round trip time was 30.584 milliseconds in repetition 149
Round trip time was 30.339 milliseconds in repetition 150
Round trip time was 30.225 milliseconds in repetition 151

 ... clock resolution was 1e-06
UDP Ping:  Statistics over 151 repetitions of 4096 byte messages

RTT : percentile 10: 29.9946, median: 30.3851, percentile 90: 33.4059, average: 30.8543, variance: 2.46988

RTT histogram:
29.732613 24
30.415604 100
31.098594 7
31.781584 1
32.464575 0
33.147565 8
33.830555 5
34.513546 3
35.196536 2
35.879526 0
36.562517 0
37.245507 0
37.928497 0
38.611487 0
39.294478 0
39.977468 0
40.660458 0
41.343449 0
42.026439 0
42.709429 0
43.392419 1
   median Throughput : 269.605 KB/s   overall Throughput : 265.506 KB/s

