UDP Ping trying to connect to server webdev.disi.unige.it (130.251.61.30) on TCP port 1491
 ... connected to Pong server: asking for 151 repetitions of 64 _bytes UDP messages
 ... Pong server agreed to ping-pong using port 62831 :-)
Round trip time was 28.900 milliseconds in repetition 1
Round trip time was 27.883 milliseconds in repetition 2
Round trip time was 27.229 milliseconds in repetition 3
Round trip time was 27.441 milliseconds in repetition 4
Round trip time was 27.757 milliseconds in repetition 5
Round trip time was 27.248 milliseconds in repetition 6
Round trip time was 28.246 milliseconds in repetition 7
Round trip time was 27.244 milliseconds in repetition 8
Round trip time was 27.260 milliseconds in repetition 9
Round trip time was 27.270 milliseconds in repetition 10
Round trip time was 27.488 milliseconds in repetition 11
Round trip time was 27.438 milliseconds in repetition 12
Round trip time was 27.461 milliseconds in repetition 13
Round trip time was 27.499 milliseconds in repetition 14
Round trip time was 27.471 milliseconds in repetition 15
Round trip time was 27.509 milliseconds in repetition 16
Round trip time was 27.389 milliseconds in repetition 17
Round trip time was 27.625 milliseconds in repetition 18
Round trip time was 27.445 milliseconds in repetition 19
Round trip time was 26.981 milliseconds in repetition 20
Round trip time was 26.525 milliseconds in repetition 21
Round trip time was 26.727 milliseconds in repetition 22
Round trip time was 26.736 milliseconds in repetition 23
Round trip time was 26.740 milliseconds in repetition 24
Round trip time was 26.735 milliseconds in repetition 25
Round trip time was 26.779 milliseconds in repetition 26
Round trip time was 26.714 milliseconds in repetition 27
Round trip time was 26.759 milliseconds in repetition 28
Round trip time was 26.716 milliseconds in repetition 29
Round trip time was 26.774 milliseconds in repetition 30
Round trip time was 26.729 milliseconds in repetition 31
Round trip time was 26.450 milliseconds in repetition 32
Round trip time was 26.422 milliseconds in repetition 33
Round trip time was 26.309 milliseconds in repetition 34
Round trip time was 26.541 milliseconds in repetition 35
Round trip time was 26.426 milliseconds in repetition 36
Round trip time was 26.716 milliseconds in repetition 37
Round trip time was 26.255 milliseconds in repetition 38
Round trip time was 26.784 milliseconds in repetition 39
Round trip time was 26.982 milliseconds in repetition 40
Round trip time was 26.481 milliseconds in repetition 41
Round trip time was 26.718 milliseconds in repetition 42
Round trip time was 27.043 milliseconds in repetition 43
Round trip time was 26.471 milliseconds in repetition 44
Round trip time was 26.728 milliseconds in repetition 45
Round trip time was 26.684 milliseconds in repetition 46
Round trip time was 26.330 milliseconds in repetition 47
Round trip time was 26.677 milliseconds in repetition 48
Round trip time was 26.532 milliseconds in repetition 49
Round trip time was 26.702 milliseconds in repetition 50
Round trip time was 26.482 milliseconds in repetition 51
Round trip time was 26.779 milliseconds in repetition 52
Round trip time was 26.717 milliseconds in repetition 53
Round trip time was 26.757 milliseconds in repetition 54
Round trip time was 26.762 milliseconds in repetition 55
Round trip time was 26.415 milliseconds in repetition 56
Round trip time was 27.746 milliseconds in repetition 57
Round trip time was 26.785 milliseconds in repetition 58
Round trip time was 26.740 milliseconds in repetition 59
Round trip time was 26.746 milliseconds in repetition 60
Round trip time was 26.730 milliseconds in repetition 61
Round trip time was 26.725 milliseconds in repetition 62
Round trip time was 26.728 milliseconds in repetition 63
Round trip time was 26.757 milliseconds in repetition 64
Round trip time was 26.852 milliseconds in repetition 65
Round trip time was 27.114 milliseconds in repetition 66
Round trip time was 26.368 milliseconds in repetition 67
Round trip time was 26.631 milliseconds in repetition 68
Round trip time was 26.633 milliseconds in repetition 69
Round trip time was 26.721 milliseconds in repetition 70
Round trip time was 26.573 milliseconds in repetition 71
Round trip time was 26.643 milliseconds in repetition 72
Round trip time was 26.515 milliseconds in repetition 73
Round trip time was 26.744 milliseconds in repetition 74
Round trip time was 26.783 milliseconds in repetition 75
Round trip time was 26.705 milliseconds in repetition 76
Round trip time was 26.770 milliseconds in repetition 77
Round trip time was 26.705 milliseconds in repetition 78
Round trip time was 28.691 milliseconds in repetition 79
Round trip time was 27.599 milliseconds in repetition 80
Round trip time was 26.406 milliseconds in repetition 81
Round trip time was 26.478 milliseconds in repetition 82
Round trip time was 26.772 milliseconds in repetition 83
Round trip time was 26.984 milliseconds in repetition 84
Round trip time was 26.452 milliseconds in repetition 85
Round trip time was 26.564 milliseconds in repetition 86
Round trip time was 26.389 milliseconds in repetition 87
Round trip time was 26.542 milliseconds in repetition 88
Round trip time was 26.717 milliseconds in repetition 89
Round trip time was 26.770 milliseconds in repetition 90
Round trip time was 26.766 milliseconds in repetition 91
Round trip time was 26.459 milliseconds in repetition 92
Round trip time was 26.738 milliseconds in repetition 93
Round trip time was 26.757 milliseconds in repetition 94
Round trip time was 26.690 milliseconds in repetition 95
Round trip time was 26.959 milliseconds in repetition 96
Round trip time was 26.709 milliseconds in repetition 97
Round trip time was 26.584 milliseconds in repetition 98
Round trip time was 26.621 milliseconds in repetition 99
Round trip time was 26.484 milliseconds in repetition 100
Round trip time was 26.604 milliseconds in repetition 101
Round trip time was 26.343 milliseconds in repetition 102
Round trip time was 26.487 milliseconds in repetition 103
Round trip time was 26.503 milliseconds in repetition 104
Round trip time was 26.489 milliseconds in repetition 105
Round trip time was 26.713 milliseconds in repetition 106
Round trip time was 26.266 milliseconds in repetition 107
Round trip time was 27.957 milliseconds in repetition 108
Round trip time was 27.244 milliseconds in repetition 109
Round trip time was 26.788 milliseconds in repetition 110
Round trip time was 26.692 milliseconds in repetition 111
Round trip time was 26.450 milliseconds in repetition 112
Round trip time was 26.249 milliseconds in repetition 113
Round trip time was 26.464 milliseconds in repetition 114
Round trip time was 27.732 milliseconds in repetition 115
Round trip time was 26.286 milliseconds in repetition 116
Round trip time was 26.420 milliseconds in repetition 117
Round trip time was 26.570 milliseconds in repetition 118
Round trip time was 26.417 milliseconds in repetition 119
Round trip time was 26.495 milliseconds in repetition 120
Round trip time was 26.452 milliseconds in repetition 121
Round trip time was 26.330 milliseconds in repetition 122
Round trip time was 26.660 milliseconds in repetition 123
Round trip time was 26.240 milliseconds in repetition 124
Round trip time was 26.213 milliseconds in repetition 125
Round trip time was 26.521 milliseconds in repetition 126
Round trip time was 26.473 milliseconds in repetition 127
Round trip time was 27.536 milliseconds in repetition 128
Round trip time was 26.719 milliseconds in repetition 129
Round trip time was 26.694 milliseconds in repetition 130
Round trip time was 27.761 milliseconds in repetition 131
Round trip time was 26.722 milliseconds in repetition 132
Round trip time was 26.738 milliseconds in repetition 133
Round trip time was 26.684 milliseconds in repetition 134
Round trip time was 26.740 milliseconds in repetition 135
Round trip time was 26.710 milliseconds in repetition 136
Round trip time was 26.306 milliseconds in repetition 137
Round trip time was 26.195 milliseconds in repetition 138
Round trip time was 26.475 milliseconds in repetition 139
Round trip time was 26.815 milliseconds in repetition 140
Round trip time was 26.515 milliseconds in repetition 141
Round trip time was 26.778 milliseconds in repetition 142
Round trip time was 26.775 milliseconds in repetition 143
Round trip time was 27.446 milliseconds in repetition 144
Round trip time was 26.675 milliseconds in repetition 145
Round trip time was 26.251 milliseconds in repetition 146
Round trip time was 26.260 milliseconds in repetition 147

 ... received 0 bytes instead of 64 (lost count = 1); re-trying ...
 ... re-trying ...
Round trip time was 26.710 milliseconds in repetition 148
Round trip time was 26.751 milliseconds in repetition 149
Round trip time was 26.693 milliseconds in repetition 150
Round trip time was 26.419 milliseconds in repetition 151

 ... clock resolution was 1e-06
UDP Ping:  Statistics over 151 repetitions of 64 byte messages

RTT : percentile 10: 26.3886, median: 26.7172, percentile 90: 27.4707, average: 26.8023, variance: 0.214693

RTT histogram:
26.194695 7
26.329956 9
26.465218 29
26.600479 12
26.735741 58
26.871002 2
27.006264 5
27.141526 1
27.276787 6
27.412049 7
27.547310 5
27.682572 3
27.817834 3
27.953095 1
28.088357 0
28.223618 1
28.358880 0
28.494142 0
28.629403 1
28.764665 0
28.899926 1
   median Throughput : 4.79091 KB/s   overall Throughput : 4.77571 KB/s

