UDP Ping trying to connect to server webdev.disi.unige.it (130.251.61.30) on TCP port 1491
 ... connected to Pong server: asking for 151 repetitions of 6144 _bytes UDP messages
 ... Pong server agreed to ping-pong using port 62831 :-)
Round trip time was 82.051 milliseconds in repetition 1
Round trip time was 36.671 milliseconds in repetition 2
Round trip time was 36.165 milliseconds in repetition 3
Round trip time was 36.157 milliseconds in repetition 4
Round trip time was 35.734 milliseconds in repetition 5
Round trip time was 35.883 milliseconds in repetition 6
Round trip time was 35.575 milliseconds in repetition 7
Round trip time was 35.602 milliseconds in repetition 8
Round trip time was 36.315 milliseconds in repetition 9
Round trip time was 36.126 milliseconds in repetition 10
Round trip time was 35.460 milliseconds in repetition 11
Round trip time was 35.606 milliseconds in repetition 12
Round trip time was 36.679 milliseconds in repetition 13
Round trip time was 36.197 milliseconds in repetition 14
Round trip time was 35.859 milliseconds in repetition 15
Round trip time was 36.187 milliseconds in repetition 16
Round trip time was 35.752 milliseconds in repetition 17
Round trip time was 36.152 milliseconds in repetition 18
Round trip time was 38.510 milliseconds in repetition 19
Round trip time was 36.522 milliseconds in repetition 20
Round trip time was 31.957 milliseconds in repetition 21
Round trip time was 31.994 milliseconds in repetition 22
Round trip time was 31.400 milliseconds in repetition 23
Round trip time was 31.396 milliseconds in repetition 24
Round trip time was 32.217 milliseconds in repetition 25
Round trip time was 31.723 milliseconds in repetition 26
Round trip time was 30.993 milliseconds in repetition 27
Round trip time was 31.220 milliseconds in repetition 28
Round trip time was 31.517 milliseconds in repetition 29
Round trip time was 31.410 milliseconds in repetition 30
Round trip time was 32.198 milliseconds in repetition 31
Round trip time was 31.688 milliseconds in repetition 32
Round trip time was 31.846 milliseconds in repetition 33
Round trip time was 31.724 milliseconds in repetition 34
Round trip time was 31.752 milliseconds in repetition 35
Round trip time was 31.498 milliseconds in repetition 36
Round trip time was 31.258 milliseconds in repetition 37
Round trip time was 32.062 milliseconds in repetition 38
Round trip time was 31.789 milliseconds in repetition 39
Round trip time was 31.692 milliseconds in repetition 40
Round trip time was 31.707 milliseconds in repetition 41
Round trip time was 31.332 milliseconds in repetition 42
Round trip time was 31.990 milliseconds in repetition 43
Round trip time was 32.217 milliseconds in repetition 44
Round trip time was 31.728 milliseconds in repetition 45
Round trip time was 33.916 milliseconds in repetition 46
Round trip time was 32.069 milliseconds in repetition 47
Round trip time was 31.554 milliseconds in repetition 48
Round trip time was 31.841 milliseconds in repetition 49
Round trip time was 31.659 milliseconds in repetition 50
Round trip time was 31.818 milliseconds in repetition 51
Round trip time was 31.834 milliseconds in repetition 52
Round trip time was 32.034 milliseconds in repetition 53
Round trip time was 31.658 milliseconds in repetition 54
Round trip time was 31.292 milliseconds in repetition 55
Round trip time was 32.187 milliseconds in repetition 56
Round trip time was 32.176 milliseconds in repetition 57
Round trip time was 31.390 milliseconds in repetition 58
Round trip time was 31.952 milliseconds in repetition 59
Round trip time was 31.868 milliseconds in repetition 60
Round trip time was 31.993 milliseconds in repetition 61
Round trip time was 32.255 milliseconds in repetition 62
Round trip time was 31.293 milliseconds in repetition 63
Round trip time was 32.038 milliseconds in repetition 64
Round trip time was 31.911 milliseconds in repetition 65
Round trip time was 32.430 milliseconds in repetition 66
Round trip time was 31.592 milliseconds in repetition 67
Round trip time was 31.507 milliseconds in repetition 68
Round trip time was 32.132 milliseconds in repetition 69
Round trip time was 31.912 milliseconds in repetition 70
Round trip time was 31.637 milliseconds in repetition 71
Round trip time was 31.785 milliseconds in repetition 72
Round trip time was 31.557 milliseconds in repetition 73
Round trip time was 31.807 milliseconds in repetition 74
Round trip time was 31.423 milliseconds in repetition 75
Round trip time was 31.414 milliseconds in repetition 76
Round trip time was 32.993 milliseconds in repetition 77
Round trip time was 31.886 milliseconds in repetition 78
Round trip time was 32.217 milliseconds in repetition 79
Round trip time was 31.802 milliseconds in repetition 80
Round trip time was 32.172 milliseconds in repetition 81
Round trip time was 31.451 milliseconds in repetition 82
Round trip time was 32.239 milliseconds in repetition 83
Round trip time was 32.284 milliseconds in repetition 84
Round trip time was 31.865 milliseconds in repetition 85
Round trip time was 31.377 milliseconds in repetition 86
Round trip time was 32.202 milliseconds in repetition 87
Round trip time was 32.554 milliseconds in repetition 88
Round trip time was 32.468 milliseconds in repetition 89
Round trip time was 31.748 milliseconds in repetition 90
Round trip time was 32.136 milliseconds in repetition 91
Round trip time was 31.260 milliseconds in repetition 92
Round trip time was 32.217 milliseconds in repetition 93
Round trip time was 31.485 milliseconds in repetition 94
Round trip time was 32.093 milliseconds in repetition 95
Round trip time was 32.032 milliseconds in repetition 96
Round trip time was 31.558 milliseconds in repetition 97
Round trip time was 32.083 milliseconds in repetition 98
Round trip time was 31.817 milliseconds in repetition 99
Round trip time was 31.681 milliseconds in repetition 100
Round trip time was 32.100 milliseconds in repetition 101
Round trip time was 32.268 milliseconds in repetition 102
Round trip time was 32.130 milliseconds in repetition 103
Round trip time was 31.991 milliseconds in repetition 104
Round trip time was 31.448 milliseconds in repetition 105
Round trip time was 31.671 milliseconds in repetition 106
Round trip time was 32.005 milliseconds in repetition 107
Round trip time was 31.499 milliseconds in repetition 108
Round trip time was 32.184 milliseconds in repetition 109
Round trip time was 32.108 milliseconds in repetition 110
Round trip time was 31.546 milliseconds in repetition 111
Round trip time was 31.548 milliseconds in repetition 112
Round trip time was 31.205 milliseconds in repetition 113
Round trip time was 31.822 milliseconds in repetition 114
Round trip time was 32.080 milliseconds in repetition 115
Round trip time was 31.958 milliseconds in repetition 116
Round trip time was 31.225 milliseconds in repetition 117
Round trip time was 31.441 milliseconds in repetition 118
Round trip time was 32.064 milliseconds in repetition 119
Round trip time was 31.959 milliseconds in repetition 120
Round trip time was 31.982 milliseconds in repetition 121
Round trip time was 32.342 milliseconds in repetition 122
Round trip time was 31.464 milliseconds in repetition 123
Round trip time was 31.677 milliseconds in repetition 124
Round trip time was 31.954 milliseconds in repetition 125
Round trip time was 31.463 milliseconds in repetition 126
Round trip time was 31.989 milliseconds in repetition 127
Round trip time was 31.994 milliseconds in repetition 128
Round trip time was 31.373 milliseconds in repetition 129
Round trip time was 31.425 milliseconds in repetition 130
Round trip time was 31.646 milliseconds in repetition 131
Round trip time was 31.834 milliseconds in repetition 132
Round trip time was 31.960 milliseconds in repetition 133
Round trip time was 31.957 milliseconds in repetition 134
Round trip time was 31.960 milliseconds in repetition 135
Round trip time was 32.127 milliseconds in repetition 136
Round trip time was 31.323 milliseconds in repetition 137
Round trip time was 31.403 milliseconds in repetition 138
Round trip time was 31.905 milliseconds in repetition 139
Round trip time was 31.288 milliseconds in repetition 140
Round trip time was 31.868 milliseconds in repetition 141
Round trip time was 31.558 milliseconds in repetition 142
Round trip time was 31.510 milliseconds in repetition 143
Round trip time was 31.920 milliseconds in repetition 144
Round trip time was 31.990 milliseconds in repetition 145
Round trip time was 31.606 milliseconds in repetition 146
Round trip time was 32.064 milliseconds in repetition 147
Round trip time was 31.618 milliseconds in repetition 148
Round trip time was 31.637 milliseconds in repetition 149
Round trip time was 31.958 milliseconds in repetition 150
Round trip time was 32.456 milliseconds in repetition 151

 ... clock resolution was 1e-06
UDP Ping:  Statistics over 151 repetitions of 6144 byte messages

RTT : percentile 10: 31.4004, median: 31.9196, percentile 90: 35.7342, average: 32.7057, variance: 18.6061

RTT histogram:
30.992925 123
33.545809 8
36.098693 18
38.651577 1
41.204461 0
43.757345 0
46.310230 0
48.863114 0
51.415998 0
53.968882 0
56.521766 0
59.074651 0
61.627535 0
64.180419 0
66.733303 0
69.286187 0
71.839072 0
74.391956 0
76.944840 0
79.497724 0
82.050608 1
   median Throughput : 384.967 KB/s   overall Throughput : 375.714 KB/s

