UDP Ping trying to connect to server webdev.disi.unige.it (130.251.61.30) on TCP port 1491
 ... connected to Pong server: asking for 151 repetitions of 24576 _bytes UDP messages
 ... Pong server agreed to ping-pong using port 62831 :-)
Round trip time was 105.057 milliseconds in repetition 1
Round trip time was 54.076 milliseconds in repetition 2
Round trip time was 52.179 milliseconds in repetition 3
Round trip time was 52.190 milliseconds in repetition 4
Round trip time was 53.050 milliseconds in repetition 5
Round trip time was 54.212 milliseconds in repetition 6
Round trip time was 52.226 milliseconds in repetition 7
Round trip time was 52.272 milliseconds in repetition 8
Round trip time was 51.960 milliseconds in repetition 9
Round trip time was 52.537 milliseconds in repetition 10
Round trip time was 52.664 milliseconds in repetition 11
Round trip time was 52.522 milliseconds in repetition 12
Round trip time was 51.987 milliseconds in repetition 13
Round trip time was 54.360 milliseconds in repetition 14
Round trip time was 52.714 milliseconds in repetition 15
Round trip time was 52.371 milliseconds in repetition 16
Round trip time was 52.492 milliseconds in repetition 17
Round trip time was 52.013 milliseconds in repetition 18
Round trip time was 52.451 milliseconds in repetition 19
Round trip time was 46.792 milliseconds in repetition 20
Round trip time was 42.936 milliseconds in repetition 21
Round trip time was 42.993 milliseconds in repetition 22
Round trip time was 42.478 milliseconds in repetition 23
Round trip time was 42.749 milliseconds in repetition 24
Round trip time was 43.037 milliseconds in repetition 25
Round trip time was 43.153 milliseconds in repetition 26
Round trip time was 41.906 milliseconds in repetition 27
Round trip time was 43.239 milliseconds in repetition 28
Round trip time was 43.119 milliseconds in repetition 29
Round trip time was 42.961 milliseconds in repetition 30
Round trip time was 42.990 milliseconds in repetition 31
Round trip time was 42.866 milliseconds in repetition 32
Round trip time was 43.112 milliseconds in repetition 33
Round trip time was 42.984 milliseconds in repetition 34
Round trip time was 42.722 milliseconds in repetition 35
Round trip time was 42.230 milliseconds in repetition 36
Round trip time was 42.834 milliseconds in repetition 37
Round trip time was 43.432 milliseconds in repetition 38
Round trip time was 43.003 milliseconds in repetition 39
Round trip time was 42.575 milliseconds in repetition 40
Round trip time was 43.260 milliseconds in repetition 41
Round trip time was 42.615 milliseconds in repetition 42
Round trip time was 42.640 milliseconds in repetition 43
Round trip time was 42.816 milliseconds in repetition 44
Round trip time was 42.544 milliseconds in repetition 45
Round trip time was 43.546 milliseconds in repetition 46
Round trip time was 42.959 milliseconds in repetition 47
Round trip time was 42.252 milliseconds in repetition 48
Round trip time was 43.337 milliseconds in repetition 49
Round trip time was 42.593 milliseconds in repetition 50
Round trip time was 42.405 milliseconds in repetition 51
Round trip time was 43.112 milliseconds in repetition 52
Round trip time was 43.259 milliseconds in repetition 53
Round trip time was 43.058 milliseconds in repetition 54
Round trip time was 42.948 milliseconds in repetition 55
Round trip time was 42.714 milliseconds in repetition 56
Round trip time was 42.689 milliseconds in repetition 57
Round trip time was 43.201 milliseconds in repetition 58
Round trip time was 42.250 milliseconds in repetition 59
Round trip time was 43.038 milliseconds in repetition 60
Round trip time was 43.223 milliseconds in repetition 61
Round trip time was 42.971 milliseconds in repetition 62
Round trip time was 43.452 milliseconds in repetition 63
Round trip time was 42.932 milliseconds in repetition 64
Round trip time was 42.712 milliseconds in repetition 65
Round trip time was 43.104 milliseconds in repetition 66
Round trip time was 42.998 milliseconds in repetition 67
Round trip time was 42.291 milliseconds in repetition 68
Round trip time was 43.082 milliseconds in repetition 69
Round trip time was 42.999 milliseconds in repetition 70
Round trip time was 42.452 milliseconds in repetition 71
Round trip time was 42.531 milliseconds in repetition 72
Round trip time was 43.234 milliseconds in repetition 73
Round trip time was 43.006 milliseconds in repetition 74
Round trip time was 43.441 milliseconds in repetition 75
Round trip time was 43.236 milliseconds in repetition 76
Round trip time was 42.590 milliseconds in repetition 77
Round trip time was 42.707 milliseconds in repetition 78
Round trip time was 43.410 milliseconds in repetition 79
Round trip time was 43.749 milliseconds in repetition 80
Round trip time was 42.724 milliseconds in repetition 81
Round trip time was 43.418 milliseconds in repetition 82
Round trip time was 42.874 milliseconds in repetition 83
Round trip time was 42.728 milliseconds in repetition 84
Round trip time was 43.022 milliseconds in repetition 85
Round trip time was 42.666 milliseconds in repetition 86
Round trip time was 44.246 milliseconds in repetition 87
Round trip time was 43.351 milliseconds in repetition 88
Round trip time was 44.387 milliseconds in repetition 89
Round trip time was 42.679 milliseconds in repetition 90
Round trip time was 42.877 milliseconds in repetition 91
Round trip time was 42.626 milliseconds in repetition 92
Round trip time was 42.536 milliseconds in repetition 93
Round trip time was 43.196 milliseconds in repetition 94
Round trip time was 43.026 milliseconds in repetition 95
Round trip time was 42.250 milliseconds in repetition 96
Round trip time was 42.921 milliseconds in repetition 97
Round trip time was 42.818 milliseconds in repetition 98
Round trip time was 42.121 milliseconds in repetition 99
Round trip time was 42.863 milliseconds in repetition 100
Round trip time was 43.285 milliseconds in repetition 101
Round trip time was 42.990 milliseconds in repetition 102
Round trip time was 42.914 milliseconds in repetition 103
Round trip time was 42.935 milliseconds in repetition 104
Round trip time was 44.803 milliseconds in repetition 105
Round trip time was 43.439 milliseconds in repetition 106
Round trip time was 43.034 milliseconds in repetition 107
Round trip time was 43.271 milliseconds in repetition 108
Round trip time was 42.052 milliseconds in repetition 109
Round trip time was 44.262 milliseconds in repetition 110
Round trip time was 42.852 milliseconds in repetition 111
Round trip time was 44.202 milliseconds in repetition 112
Round trip time was 42.182 milliseconds in repetition 113
Round trip time was 42.507 milliseconds in repetition 114
Round trip time was 41.982 milliseconds in repetition 115
Round trip time was 43.766 milliseconds in repetition 116
Round trip time was 44.401 milliseconds in repetition 117
Round trip time was 44.390 milliseconds in repetition 118
Round trip time was 61.221 milliseconds in repetition 119
Round trip time was 42.684 milliseconds in repetition 120
Round trip time was 42.967 milliseconds in repetition 121
Round trip time was 42.703 milliseconds in repetition 122
Round trip time was 43.291 milliseconds in repetition 123
Round trip time was 43.180 milliseconds in repetition 124
Round trip time was 44.010 milliseconds in repetition 125
Round trip time was 42.487 milliseconds in repetition 126
Round trip time was 42.969 milliseconds in repetition 127
Round trip time was 43.134 milliseconds in repetition 128
Round trip time was 42.883 milliseconds in repetition 129
Round trip time was 42.738 milliseconds in repetition 130
Round trip time was 42.966 milliseconds in repetition 131
Round trip time was 42.792 milliseconds in repetition 132
Round trip time was 42.924 milliseconds in repetition 133
Round trip time was 43.246 milliseconds in repetition 134
Round trip time was 43.203 milliseconds in repetition 135
Round trip time was 42.981 milliseconds in repetition 136
Round trip time was 42.575 milliseconds in repetition 137
Round trip time was 42.729 milliseconds in repetition 138
Round trip time was 42.697 milliseconds in repetition 139
Round trip time was 43.476 milliseconds in repetition 140
Round trip time was 42.997 milliseconds in repetition 141
Round trip time was 42.520 milliseconds in repetition 142
Round trip time was 43.668 milliseconds in repetition 143
Round trip time was 42.771 milliseconds in repetition 144
Round trip time was 42.124 milliseconds in repetition 145
Round trip time was 42.585 milliseconds in repetition 146
Round trip time was 43.071 milliseconds in repetition 147
Round trip time was 42.712 milliseconds in repetition 148
Round trip time was 44.299 milliseconds in repetition 149
Round trip time was 42.608 milliseconds in repetition 150
Round trip time was 42.973 milliseconds in repetition 151

 ... clock resolution was 1e-06
UDP Ping:  Statistics over 151 repetitions of 24576 byte messages

RTT : percentile 10: 42.5067, median: 42.9973, percentile 90: 52.1898, average: 44.6992, variance: 36.6193

RTT histogram:
41.905681 117
45.063231 13
48.220782 1
51.378333 14
54.535884 4
57.693435 0
60.850986 1
64.008536 0
67.166087 0
70.323638 0
73.481189 0
76.638740 0
79.796291 0
82.953842 0
86.111392 0
89.268943 0
92.426494 0
95.584045 0
98.741596 0
101.899147 0
105.056697 1
   median Throughput : 1143.14 KB/s   overall Throughput : 1099.62 KB/s

