UDP Ping trying to connect to server webdev.disi.unige.it (130.251.61.30) on TCP port 1491
 ... connected to Pong server: asking for 151 repetitions of 3072 _bytes UDP messages
 ... Pong server agreed to ping-pong using port 62831 :-)
Round trip time was 39.738 milliseconds in repetition 1
Round trip time was 32.753 milliseconds in repetition 2
Round trip time was 32.057 milliseconds in repetition 3
Round trip time was 32.423 milliseconds in repetition 4
Round trip time was 33.221 milliseconds in repetition 5
Round trip time was 32.466 milliseconds in repetition 6
Round trip time was 32.491 milliseconds in repetition 7
Round trip time was 31.979 milliseconds in repetition 8
Round trip time was 32.236 milliseconds in repetition 9
Round trip time was 32.330 milliseconds in repetition 10
Round trip time was 32.413 milliseconds in repetition 11
Round trip time was 32.235 milliseconds in repetition 12
Round trip time was 32.966 milliseconds in repetition 13
Round trip time was 32.227 milliseconds in repetition 14
Round trip time was 31.990 milliseconds in repetition 15
Round trip time was 32.830 milliseconds in repetition 16
Round trip time was 32.399 milliseconds in repetition 17
Round trip time was 32.999 milliseconds in repetition 18
Round trip time was 32.738 milliseconds in repetition 19
Round trip time was 30.736 milliseconds in repetition 20
Round trip time was 29.981 milliseconds in repetition 21
Round trip time was 29.735 milliseconds in repetition 22
Round trip time was 30.077 milliseconds in repetition 23
Round trip time was 29.637 milliseconds in repetition 24
Round trip time was 29.763 milliseconds in repetition 25
Round trip time was 30.217 milliseconds in repetition 26
Round trip time was 30.007 milliseconds in repetition 27
Round trip time was 29.976 milliseconds in repetition 28
Round trip time was 30.045 milliseconds in repetition 29
Round trip time was 29.628 milliseconds in repetition 30
Round trip time was 29.488 milliseconds in repetition 31
Round trip time was 29.752 milliseconds in repetition 32
Round trip time was 29.783 milliseconds in repetition 33
Round trip time was 29.936 milliseconds in repetition 34
Round trip time was 29.722 milliseconds in repetition 35
Round trip time was 30.086 milliseconds in repetition 36
Round trip time was 29.653 milliseconds in repetition 37
Round trip time was 29.758 milliseconds in repetition 38
Round trip time was 29.968 milliseconds in repetition 39
Round trip time was 29.749 milliseconds in repetition 40
Round trip time was 29.982 milliseconds in repetition 41
Round trip time was 29.757 milliseconds in repetition 42
Round trip time was 30.136 milliseconds in repetition 43
Round trip time was 29.819 milliseconds in repetition 44
Round trip time was 29.468 milliseconds in repetition 45
Round trip time was 29.728 milliseconds in repetition 46
Round trip time was 29.759 milliseconds in repetition 47
Round trip time was 30.246 milliseconds in repetition 48
Round trip time was 30.024 milliseconds in repetition 49
Round trip time was 29.889 milliseconds in repetition 50
Round trip time was 29.737 milliseconds in repetition 51
Round trip time was 30.007 milliseconds in repetition 52
Round trip time was 30.225 milliseconds in repetition 53
Round trip time was 29.745 milliseconds in repetition 54
Round trip time was 29.953 milliseconds in repetition 55
Round trip time was 30.099 milliseconds in repetition 56
Round trip time was 29.906 milliseconds in repetition 57
Round trip time was 29.955 milliseconds in repetition 58
Round trip time was 30.205 milliseconds in repetition 59
Round trip time was 30.034 milliseconds in repetition 60
Round trip time was 29.972 milliseconds in repetition 61
Round trip time was 30.312 milliseconds in repetition 62
Round trip time was 29.736 milliseconds in repetition 63
Round trip time was 30.134 milliseconds in repetition 64
Round trip time was 29.977 milliseconds in repetition 65
Round trip time was 29.496 milliseconds in repetition 66
Round trip time was 29.817 milliseconds in repetition 67
Round trip time was 30.163 milliseconds in repetition 68
Round trip time was 30.459 milliseconds in repetition 69
Round trip time was 29.924 milliseconds in repetition 70
Round trip time was 29.968 milliseconds in repetition 71
Round trip time was 29.508 milliseconds in repetition 72
Round trip time was 29.718 milliseconds in repetition 73
Round trip time was 29.491 milliseconds in repetition 74
Round trip time was 29.724 milliseconds in repetition 75
Round trip time was 29.956 milliseconds in repetition 76
Round trip time was 29.841 milliseconds in repetition 77
Round trip time was 29.972 milliseconds in repetition 78
Round trip time was 29.683 milliseconds in repetition 79
Round trip time was 29.723 milliseconds in repetition 80
Round trip time was 29.494 milliseconds in repetition 81
Round trip time was 29.989 milliseconds in repetition 82
Round trip time was 29.910 milliseconds in repetition 83
Round trip time was 31.072 milliseconds in repetition 84
Round trip time was 29.721 milliseconds in repetition 85
Round trip time was 29.491 milliseconds in repetition 86
Round trip time was 29.485 milliseconds in repetition 87
Round trip time was 30.040 milliseconds in repetition 88
Round trip time was 30.089 milliseconds in repetition 89
Round trip time was 29.851 milliseconds in repetition 90
Round trip time was 29.717 milliseconds in repetition 91
Round trip time was 29.773 milliseconds in repetition 92
Round trip time was 29.502 milliseconds in repetition 93
Round trip time was 30.009 milliseconds in repetition 94
Round trip time was 30.226 milliseconds in repetition 95
Round trip time was 30.119 milliseconds in repetition 96
Round trip time was 30.071 milliseconds in repetition 97
Round trip time was 30.779 milliseconds in repetition 98
Round trip time was 29.734 milliseconds in repetition 99
Round trip time was 30.099 milliseconds in repetition 100
Round trip time was 30.237 milliseconds in repetition 101
Round trip time was 30.886 milliseconds in repetition 102
Round trip time was 30.601 milliseconds in repetition 103
Round trip time was 30.144 milliseconds in repetition 104
Round trip time was 29.811 milliseconds in repetition 105
Round trip time was 30.511 milliseconds in repetition 106
Round trip time was 29.573 milliseconds in repetition 107
Round trip time was 30.039 milliseconds in repetition 108
Round trip time was 30.155 milliseconds in repetition 109
Round trip time was 30.230 milliseconds in repetition 110
Round trip time was 30.174 milliseconds in repetition 111
Round trip time was 30.074 milliseconds in repetition 112
Round trip time was 29.971 milliseconds in repetition 113
Round trip time was 29.755 milliseconds in repetition 114
Round trip time was 29.787 milliseconds in repetition 115
Round trip time was 30.086 milliseconds in repetition 116
Round trip time was 29.884 milliseconds in repetition 117
Round trip time was 30.003 milliseconds in repetition 118
Round trip time was 29.662 milliseconds in repetition 119
Round trip time was 30.284 milliseconds in repetition 120
Round trip time was 29.743 milliseconds in repetition 121
Round trip time was 29.732 milliseconds in repetition 122
Round trip time was 29.557 milliseconds in repetition 123
Round trip time was 29.623 milliseconds in repetition 124
Round trip time was 29.752 milliseconds in repetition 125
Round trip time was 29.515 milliseconds in repetition 126
Round trip time was 30.000 milliseconds in repetition 127
Round trip time was 30.009 milliseconds in repetition 128
Round trip time was 30.055 milliseconds in repetition 129
Round trip time was 29.906 milliseconds in repetition 130
Round trip time was 30.006 milliseconds in repetition 131
Round trip time was 29.722 milliseconds in repetition 132
Round trip time was 29.713 milliseconds in repetition 133
Round trip time was 30.022 milliseconds in repetition 134
Round trip time was 29.979 milliseconds in repetition 135
Round trip time was 30.397 milliseconds in repetition 136
Round trip time was 29.866 milliseconds in repetition 137
Round trip time was 30.280 milliseconds in repetition 138
Round trip time was 30.176 milliseconds in repetition 139
Round trip time was 29.763 milliseconds in repetition 140
Round trip time was 29.664 milliseconds in repetition 141
Round trip time was 29.962 milliseconds in repetition 142
Round trip time was 30.137 milliseconds in repetition 143
Round trip time was 29.884 milliseconds in repetition 144
Round trip time was 30.036 milliseconds in repetition 145
Round trip time was 30.105 milliseconds in repetition 146
Round trip time was 29.752 milliseconds in repetition 147
Round trip time was 30.232 milliseconds in repetition 148
Round trip time was 29.805 milliseconds in repetition 149
Round trip time was 29.772 milliseconds in repetition 150
Round trip time was 29.637 milliseconds in repetition 151

 ... clock resolution was 1e-06
UDP Ping:  Statistics over 151 repetitions of 3072 byte messages

RTT : percentile 10: 29.6367, median: 29.977, percentile 90: 32.2267, average: 30.3064, variance: 1.36898

RTT histogram:
29.467869 28
29.981353 92
30.494837 9
31.008321 3
31.521805 0
32.035290 6
32.548774 8
33.062258 4
33.575742 0
34.089227 0
34.602711 0
35.116195 0
35.629679 0
36.143164 0
36.656648 0
37.170132 0
37.683616 0
38.197101 0
38.710585 0
39.224069 0
39.737553 1
   median Throughput : 204.957 KB/s   overall Throughput : 202.729 KB/s

