UDP Ping trying to connect to server webdev.disi.unige.it (130.251.61.30) on TCP port 1491
 ... connected to Pong server: asking for 151 repetitions of 16384 _bytes UDP messages
 ... Pong server agreed to ping-pong using port 62831 :-)
Round trip time was 79.488 milliseconds in repetition 1
Round trip time was 46.071 milliseconds in repetition 2
Round trip time was 44.560 milliseconds in repetition 3
Round trip time was 44.501 milliseconds in repetition 4
Round trip time was 44.744 milliseconds in repetition 5
Round trip time was 44.745 milliseconds in repetition 6
Round trip time was 44.266 milliseconds in repetition 7
Round trip time was 44.453 milliseconds in repetition 8
Round trip time was 44.235 milliseconds in repetition 9
Round trip time was 45.002 milliseconds in repetition 10
Round trip time was 44.264 milliseconds in repetition 11
Round trip time was 44.500 milliseconds in repetition 12
Round trip time was 44.433 milliseconds in repetition 13
Round trip time was 45.487 milliseconds in repetition 14
Round trip time was 44.190 milliseconds in repetition 15
Round trip time was 44.544 milliseconds in repetition 16
Round trip time was 45.204 milliseconds in repetition 17
Round trip time was 44.217 milliseconds in repetition 18
Round trip time was 45.601 milliseconds in repetition 19
Round trip time was 45.395 milliseconds in repetition 20
Round trip time was 38.028 milliseconds in repetition 21
Round trip time was 37.942 milliseconds in repetition 22
Round trip time was 38.240 milliseconds in repetition 23
Round trip time was 38.040 milliseconds in repetition 24
Round trip time was 38.210 milliseconds in repetition 25
Round trip time was 37.640 milliseconds in repetition 26
Round trip time was 39.791 milliseconds in repetition 27
Round trip time was 37.756 milliseconds in repetition 28
Round trip time was 38.071 milliseconds in repetition 29
Round trip time was 38.166 milliseconds in repetition 30
Round trip time was 37.487 milliseconds in repetition 31
Round trip time was 37.757 milliseconds in repetition 32
Round trip time was 37.736 milliseconds in repetition 33
Round trip time was 37.956 milliseconds in repetition 34
Round trip time was 38.022 milliseconds in repetition 35
Round trip time was 38.105 milliseconds in repetition 36
Round trip time was 38.100 milliseconds in repetition 37
Round trip time was 38.092 milliseconds in repetition 38
Round trip time was 38.013 milliseconds in repetition 39
Round trip time was 38.141 milliseconds in repetition 40
Round trip time was 38.088 milliseconds in repetition 41
Round trip time was 38.120 milliseconds in repetition 42
Round trip time was 37.959 milliseconds in repetition 43
Round trip time was 37.818 milliseconds in repetition 44
Round trip time was 37.683 milliseconds in repetition 45
Round trip time was 38.114 milliseconds in repetition 46
Round trip time was 37.651 milliseconds in repetition 47
Round trip time was 37.857 milliseconds in repetition 48
Round trip time was 37.575 milliseconds in repetition 49
Round trip time was 37.478 milliseconds in repetition 50
Round trip time was 37.239 milliseconds in repetition 51
Round trip time was 37.743 milliseconds in repetition 52
Round trip time was 37.719 milliseconds in repetition 53
Round trip time was 38.020 milliseconds in repetition 54
Round trip time was 37.776 milliseconds in repetition 55
Round trip time was 37.789 milliseconds in repetition 56
Round trip time was 37.672 milliseconds in repetition 57
Round trip time was 38.652 milliseconds in repetition 58
Round trip time was 37.825 milliseconds in repetition 59
Round trip time was 37.774 milliseconds in repetition 60
Round trip time was 38.131 milliseconds in repetition 61
Round trip time was 37.392 milliseconds in repetition 62
Round trip time was 38.024 milliseconds in repetition 63
Round trip time was 38.100 milliseconds in repetition 64
Round trip time was 37.656 milliseconds in repetition 65
Round trip time was 38.020 milliseconds in repetition 66
Round trip time was 37.721 milliseconds in repetition 67
Round trip time was 39.103 milliseconds in repetition 68
Round trip time was 38.658 milliseconds in repetition 69
Round trip time was 37.599 milliseconds in repetition 70
Round trip time was 38.010 milliseconds in repetition 71
Round trip time was 37.975 milliseconds in repetition 72
Round trip time was 37.868 milliseconds in repetition 73
Round trip time was 39.183 milliseconds in repetition 74
Round trip time was 37.726 milliseconds in repetition 75
Round trip time was 37.753 milliseconds in repetition 76
Round trip time was 38.450 milliseconds in repetition 77
Round trip time was 37.798 milliseconds in repetition 78
Round trip time was 38.060 milliseconds in repetition 79
Round trip time was 37.882 milliseconds in repetition 80
Round trip time was 37.651 milliseconds in repetition 81
Round trip time was 39.904 milliseconds in repetition 82
Round trip time was 37.910 milliseconds in repetition 83
Round trip time was 37.517 milliseconds in repetition 84
Round trip time was 37.428 milliseconds in repetition 85
Round trip time was 38.023 milliseconds in repetition 86
Round trip time was 38.670 milliseconds in repetition 87
Round trip time was 39.844 milliseconds in repetition 88
Round trip time was 37.970 milliseconds in repetition 89
Round trip time was 37.883 milliseconds in repetition 90
Round trip time was 39.712 milliseconds in repetition 91
Round trip time was 38.470 milliseconds in repetition 92
Round trip time was 37.897 milliseconds in repetition 93
Round trip time was 38.094 milliseconds in repetition 94
Round trip time was 37.864 milliseconds in repetition 95
Round trip time was 38.020 milliseconds in repetition 96
Round trip time was 37.824 milliseconds in repetition 97
Round trip time was 38.074 milliseconds in repetition 98
Round trip time was 37.697 milliseconds in repetition 99
Round trip time was 38.222 milliseconds in repetition 100
Round trip time was 38.598 milliseconds in repetition 101
Round trip time was 37.611 milliseconds in repetition 102
Round trip time was 38.434 milliseconds in repetition 103
Round trip time was 37.835 milliseconds in repetition 104
Round trip time was 37.484 milliseconds in repetition 105
Round trip time was 37.673 milliseconds in repetition 106
Round trip time was 37.491 milliseconds in repetition 107
Round trip time was 37.771 milliseconds in repetition 108
Round trip time was 37.700 milliseconds in repetition 109
Round trip time was 38.140 milliseconds in repetition 110
Round trip time was 38.090 milliseconds in repetition 111
Round trip time was 37.944 milliseconds in repetition 112
Round trip time was 38.266 milliseconds in repetition 113
Round trip time was 37.969 milliseconds in repetition 114
Round trip time was 38.220 milliseconds in repetition 115
Round trip time was 38.026 milliseconds in repetition 116
Round trip time was 38.007 milliseconds in repetition 117
Round trip time was 37.955 milliseconds in repetition 118
Round trip time was 37.762 milliseconds in repetition 119
Round trip time was 38.031 milliseconds in repetition 120
Round trip time was 37.914 milliseconds in repetition 121
Round trip time was 37.978 milliseconds in repetition 122
Round trip time was 37.971 milliseconds in repetition 123
Round trip time was 37.769 milliseconds in repetition 124
Round trip time was 38.192 milliseconds in repetition 125
Round trip time was 37.580 milliseconds in repetition 126
Round trip time was 38.151 milliseconds in repetition 127
Round trip time was 38.235 milliseconds in repetition 128
Round trip time was 38.007 milliseconds in repetition 129
Round trip time was 37.740 milliseconds in repetition 130
Round trip time was 37.824 milliseconds in repetition 131
Round trip time was 38.391 milliseconds in repetition 132
Round trip time was 37.758 milliseconds in repetition 133
Round trip time was 37.731 milliseconds in repetition 134
Round trip time was 38.452 milliseconds in repetition 135
Round trip time was 37.297 milliseconds in repetition 136
Round trip time was 37.700 milliseconds in repetition 137
Round trip time was 37.492 milliseconds in repetition 138
Round trip time was 37.759 milliseconds in repetition 139
Round trip time was 38.663 milliseconds in repetition 140
Round trip time was 38.074 milliseconds in repetition 141
Round trip time was 38.240 milliseconds in repetition 142
Round trip time was 37.899 milliseconds in repetition 143
Round trip time was 37.995 milliseconds in repetition 144
Round trip time was 38.206 milliseconds in repetition 145
Round trip time was 37.998 milliseconds in repetition 146
Round trip time was 37.538 milliseconds in repetition 147
Round trip time was 37.689 milliseconds in repetition 148
Round trip time was 38.134 milliseconds in repetition 149
Round trip time was 38.099 milliseconds in repetition 150
Round trip time was 38.727 milliseconds in repetition 151

 ... clock resolution was 1e-06
UDP Ping:  Statistics over 151 repetitions of 16384 byte messages

RTT : percentile 10: 37.6399, median: 38.0197, percentile 90: 44.2663, average: 39.1374, variance: 16.1746

RTT histogram:
37.239449 114
39.351893 17
41.464338 0
43.576783 11
45.689228 8
47.801673 0
49.914118 0
52.026563 0
54.139008 0
56.251453 0
58.363898 0
60.476343 0
62.588788 0
64.701233 0
66.813678 0
68.926123 0
71.038568 0
73.151013 0
75.263458 0
77.375903 0
79.488348 1
   median Throughput : 861.87 KB/s   overall Throughput : 837.256 KB/s

