UDP Ping trying to connect to server webdev.disi.unige.it (130.251.61.30) on TCP port 1491
 ... connected to Pong server: asking for 151 repetitions of 24 _bytes UDP messages
 ... Pong server agreed to ping-pong using port 62831 :-)
Round trip time was 28.936 milliseconds in repetition 1
Round trip time was 27.571 milliseconds in repetition 2
Round trip time was 27.254 milliseconds in repetition 3
Round trip time was 27.218 milliseconds in repetition 4
Round trip time was 27.248 milliseconds in repetition 5
Round trip time was 27.491 milliseconds in repetition 6
Round trip time was 27.486 milliseconds in repetition 7
Round trip time was 27.794 milliseconds in repetition 8
Round trip time was 27.239 milliseconds in repetition 9
Round trip time was 27.708 milliseconds in repetition 10
Round trip time was 27.533 milliseconds in repetition 11
Round trip time was 27.444 milliseconds in repetition 12
Round trip time was 27.423 milliseconds in repetition 13
Round trip time was 28.011 milliseconds in repetition 14
Round trip time was 26.782 milliseconds in repetition 15
Round trip time was 27.451 milliseconds in repetition 16
Round trip time was 27.001 milliseconds in repetition 17
Round trip time was 26.960 milliseconds in repetition 18
Round trip time was 26.978 milliseconds in repetition 19
Round trip time was 26.488 milliseconds in repetition 20
Round trip time was 26.235 milliseconds in repetition 21
Round trip time was 26.260 milliseconds in repetition 22
Round trip time was 26.478 milliseconds in repetition 23
Round trip time was 26.226 milliseconds in repetition 24
Round trip time was 26.267 milliseconds in repetition 25
Round trip time was 25.981 milliseconds in repetition 26
Round trip time was 26.203 milliseconds in repetition 27
Round trip time was 26.242 milliseconds in repetition 28
Round trip time was 26.254 milliseconds in repetition 29
Round trip time was 26.239 milliseconds in repetition 30
Round trip time was 26.192 milliseconds in repetition 31
Round trip time was 26.973 milliseconds in repetition 32
Round trip time was 26.274 milliseconds in repetition 33
Round trip time was 26.397 milliseconds in repetition 34
Round trip time was 26.307 milliseconds in repetition 35
Round trip time was 26.262 milliseconds in repetition 36
Round trip time was 26.265 milliseconds in repetition 37
Round trip time was 26.741 milliseconds in repetition 38
Round trip time was 26.143 milliseconds in repetition 39
Round trip time was 26.444 milliseconds in repetition 40
Round trip time was 26.541 milliseconds in repetition 41
Round trip time was 26.275 milliseconds in repetition 42
Round trip time was 26.393 milliseconds in repetition 43
Round trip time was 26.618 milliseconds in repetition 44
Round trip time was 26.382 milliseconds in repetition 45
Round trip time was 26.651 milliseconds in repetition 46
Round trip time was 26.033 milliseconds in repetition 47
Round trip time was 26.578 milliseconds in repetition 48
Round trip time was 26.191 milliseconds in repetition 49
Round trip time was 27.020 milliseconds in repetition 50
Round trip time was 26.381 milliseconds in repetition 51
Round trip time was 26.055 milliseconds in repetition 52
Round trip time was 26.430 milliseconds in repetition 53
Round trip time was 26.833 milliseconds in repetition 54
Round trip time was 26.202 milliseconds in repetition 55
Round trip time was 26.174 milliseconds in repetition 56
Round trip time was 26.508 milliseconds in repetition 57
Round trip time was 26.491 milliseconds in repetition 58
Round trip time was 26.556 milliseconds in repetition 59
Round trip time was 26.497 milliseconds in repetition 60
Round trip time was 26.139 milliseconds in repetition 61
Round trip time was 26.588 milliseconds in repetition 62
Round trip time was 27.023 milliseconds in repetition 63
Round trip time was 26.305 milliseconds in repetition 64
Round trip time was 26.402 milliseconds in repetition 65
Round trip time was 26.310 milliseconds in repetition 66
Round trip time was 26.141 milliseconds in repetition 67
Round trip time was 27.307 milliseconds in repetition 68
Round trip time was 26.294 milliseconds in repetition 69
Round trip time was 27.539 milliseconds in repetition 70
Round trip time was 27.878 milliseconds in repetition 71
Round trip time was 26.040 milliseconds in repetition 72
Round trip time was 26.906 milliseconds in repetition 73
Round trip time was 26.381 milliseconds in repetition 74
Round trip time was 26.765 milliseconds in repetition 75
Round trip time was 27.201 milliseconds in repetition 76
Round trip time was 26.441 milliseconds in repetition 77
Round trip time was 26.784 milliseconds in repetition 78
Round trip time was 26.497 milliseconds in repetition 79
Round trip time was 26.899 milliseconds in repetition 80
Round trip time was 26.269 milliseconds in repetition 81
Round trip time was 26.397 milliseconds in repetition 82
Round trip time was 26.774 milliseconds in repetition 83
Round trip time was 28.058 milliseconds in repetition 84
Round trip time was 26.443 milliseconds in repetition 85
Round trip time was 26.417 milliseconds in repetition 86
Round trip time was 26.261 milliseconds in repetition 87
Round trip time was 26.496 milliseconds in repetition 88
Round trip time was 26.470 milliseconds in repetition 89
Round trip time was 26.844 milliseconds in repetition 90
Round trip time was 26.066 milliseconds in repetition 91
Round trip time was 26.230 milliseconds in repetition 92
Round trip time was 26.557 milliseconds in repetition 93
Round trip time was 26.474 milliseconds in repetition 94
Round trip time was 26.709 milliseconds in repetition 95
Round trip time was 26.215 milliseconds in repetition 96
Round trip time was 26.445 milliseconds in repetition 97
Round trip time was 26.256 milliseconds in repetition 98
Round trip time was 26.440 milliseconds in repetition 99
Round trip time was 26.280 milliseconds in repetition 100
Round trip time was 26.479 milliseconds in repetition 101
Round trip time was 26.485 milliseconds in repetition 102
Round trip time was 26.480 milliseconds in repetition 103
Round trip time was 26.467 milliseconds in repetition 104
Round trip time was 26.319 milliseconds in repetition 105
Round trip time was 27.561 milliseconds in repetition 106
Round trip time was 26.400 milliseconds in repetition 107
Round trip time was 26.479 milliseconds in repetition 108
Round trip time was 26.832 milliseconds in repetition 109
Round trip time was 26.309 milliseconds in repetition 110
Round trip time was 26.291 milliseconds in repetition 111
Round trip time was 26.871 milliseconds in repetition 112
Round trip time was 26.114 milliseconds in repetition 113
Round trip time was 26.314 milliseconds in repetition 114
Round trip time was 26.736 milliseconds in repetition 115
Round trip time was 26.512 milliseconds in repetition 116
Round trip time was 26.122 milliseconds in repetition 117
Round trip time was 26.430 milliseconds in repetition 118
Round trip time was 26.235 milliseconds in repetition 119
Round trip time was 26.762 milliseconds in repetition 120
Round trip time was 26.169 milliseconds in repetition 121
Round trip time was 26.332 milliseconds in repetition 122
Round trip time was 26.616 milliseconds in repetition 123
Round trip time was 26.704 milliseconds in repetition 124
Round trip time was 27.143 milliseconds in repetition 125
Round trip time was 26.357 milliseconds in repetition 126
Round trip time was 26.591 milliseconds in repetition 127
Round trip time was 26.826 milliseconds in repetition 128
Round trip time was 26.085 milliseconds in repetition 129
Round trip time was 26.467 milliseconds in repetition 130
Round trip time was 26.273 milliseconds in repetition 131
Round trip time was 26.435 milliseconds in repetition 132
Round trip time was 26.224 milliseconds in repetition 133
Round trip time was 26.223 milliseconds in repetition 134
Round trip time was 25.982 milliseconds in repetition 135
Round trip time was 26.237 milliseconds in repetition 136
Round trip time was 26.308 milliseconds in repetition 137
Round trip time was 26.683 milliseconds in repetition 138
Round trip time was 26.254 milliseconds in repetition 139
Round trip time was 26.203 milliseconds in repetition 140
Round trip time was 26.841 milliseconds in repetition 141
Round trip time was 26.458 milliseconds in repetition 142
Round trip time was 26.573 milliseconds in repetition 143
Round trip time was 26.259 milliseconds in repetition 144
Round trip time was 27.294 milliseconds in repetition 145
Round trip time was 26.498 milliseconds in repetition 146
Round trip time was 26.770 milliseconds in repetition 147
Round trip time was 26.401 milliseconds in repetition 148
Round trip time was 26.549 milliseconds in repetition 149
Round trip time was 26.534 milliseconds in repetition 150
Round trip time was 26.275 milliseconds in repetition 151

 ... clock resolution was 1e-06
UDP Ping:  Statistics over 151 repetitions of 24 byte messages

RTT : percentile 10: 26.1918, median: 26.4669, percentile 90: 27.3066, average: 26.6087, variance: 0.236658

RTT histogram:
25.980987 5
26.128724 12
26.276461 37
26.424199 34
26.571936 14
26.719674 12
26.867411 8
27.015149 6
27.162886 3
27.310624 5
27.458361 5
27.606098 4
27.753836 2
27.901573 1
28.049311 2
28.197048 0
28.344786 0
28.492523 0
28.640261 0
28.787998 0
28.935735 1
   median Throughput : 1.81358 KB/s   overall Throughput : 1.80392 KB/s

