UDP Ping trying to connect to server webdev.disi.unige.it (130.251.61.30) on TCP port 1491
 ... connected to Pong server: asking for 151 repetitions of 8192 _bytes UDP messages
 ... Pong server agreed to ping-pong using port 62831 :-)
Round trip time was 78.482 milliseconds in repetition 1
Round trip time was 38.672 milliseconds in repetition 2
Round trip time was 37.992 milliseconds in repetition 3
Round trip time was 38.066 milliseconds in repetition 4
Round trip time was 38.237 milliseconds in repetition 5
Round trip time was 37.721 milliseconds in repetition 6
Round trip time was 38.209 milliseconds in repetition 7
Round trip time was 37.934 milliseconds in repetition 8
Round trip time was 39.438 milliseconds in repetition 9
Round trip time was 37.995 milliseconds in repetition 10
Round trip time was 38.017 milliseconds in repetition 11
Round trip time was 38.070 milliseconds in repetition 12
Round trip time was 38.643 milliseconds in repetition 13
Round trip time was 38.470 milliseconds in repetition 14
Round trip time was 38.593 milliseconds in repetition 15
Round trip time was 39.098 milliseconds in repetition 16
Round trip time was 38.510 milliseconds in repetition 17
Round trip time was 38.090 milliseconds in repetition 18
Round trip time was 38.623 milliseconds in repetition 19
Round trip time was 35.832 milliseconds in repetition 20
Round trip time was 32.714 milliseconds in repetition 21
Round trip time was 32.886 milliseconds in repetition 22
Round trip time was 33.329 milliseconds in repetition 23
Round trip time was 32.992 milliseconds in repetition 24
Round trip time was 32.871 milliseconds in repetition 25
Round trip time was 32.919 milliseconds in repetition 26
Round trip time was 32.674 milliseconds in repetition 27
Round trip time was 33.509 milliseconds in repetition 28
Round trip time was 32.939 milliseconds in repetition 29
Round trip time was 33.076 milliseconds in repetition 30
Round trip time was 32.698 milliseconds in repetition 31
Round trip time was 32.799 milliseconds in repetition 32
Round trip time was 32.503 milliseconds in repetition 33
Round trip time was 33.128 milliseconds in repetition 34
Round trip time was 32.790 milliseconds in repetition 35
Round trip time was 33.167 milliseconds in repetition 36
Round trip time was 33.132 milliseconds in repetition 37
Round trip time was 32.782 milliseconds in repetition 38
Round trip time was 32.744 milliseconds in repetition 39
Round trip time was 32.597 milliseconds in repetition 40
Round trip time was 32.753 milliseconds in repetition 41
Round trip time was 32.757 milliseconds in repetition 42
Round trip time was 32.897 milliseconds in repetition 43
Round trip time was 32.989 milliseconds in repetition 44
Round trip time was 32.778 milliseconds in repetition 45
Round trip time was 32.930 milliseconds in repetition 46
Round trip time was 33.344 milliseconds in repetition 47
Round trip time was 32.947 milliseconds in repetition 48
Round trip time was 33.242 milliseconds in repetition 49
Round trip time was 32.450 milliseconds in repetition 50
Round trip time was 32.932 milliseconds in repetition 51
Round trip time was 32.397 milliseconds in repetition 52
Round trip time was 33.539 milliseconds in repetition 53
Round trip time was 32.667 milliseconds in repetition 54
Round trip time was 32.689 milliseconds in repetition 55
Round trip time was 33.480 milliseconds in repetition 56
Round trip time was 32.699 milliseconds in repetition 57
Round trip time was 32.967 milliseconds in repetition 58
Round trip time was 33.273 milliseconds in repetition 59
Round trip time was 32.830 milliseconds in repetition 60
Round trip time was 32.720 milliseconds in repetition 61
Round trip time was 32.504 milliseconds in repetition 62
Round trip time was 32.958 milliseconds in repetition 63
Round trip time was 32.755 milliseconds in repetition 64
Round trip time was 32.992 milliseconds in repetition 65
Round trip time was 32.399 milliseconds in repetition 66
Round trip time was 32.811 milliseconds in repetition 67
Round trip time was 32.764 milliseconds in repetition 68
Round trip time was 32.903 milliseconds in repetition 69
Round trip time was 32.754 milliseconds in repetition 70
Round trip time was 32.264 milliseconds in repetition 71
Round trip time was 32.922 milliseconds in repetition 72
Round trip time was 32.939 milliseconds in repetition 73
Round trip time was 32.735 milliseconds in repetition 74
Round trip time was 32.814 milliseconds in repetition 75
Round trip time was 33.008 milliseconds in repetition 76
Round trip time was 32.821 milliseconds in repetition 77
Round trip time was 32.282 milliseconds in repetition 78
Round trip time was 33.122 milliseconds in repetition 79
Round trip time was 32.901 milliseconds in repetition 80
Round trip time was 33.072 milliseconds in repetition 81
Round trip time was 32.752 milliseconds in repetition 82
Round trip time was 32.636 milliseconds in repetition 83
Round trip time was 32.819 milliseconds in repetition 84
Round trip time was 33.386 milliseconds in repetition 85
Round trip time was 33.141 milliseconds in repetition 86
Round trip time was 32.614 milliseconds in repetition 87
Round trip time was 32.806 milliseconds in repetition 88
Round trip time was 33.056 milliseconds in repetition 89
Round trip time was 33.345 milliseconds in repetition 90
Round trip time was 33.002 milliseconds in repetition 91
Round trip time was 32.998 milliseconds in repetition 92
Round trip time was 32.684 milliseconds in repetition 93
Round trip time was 33.000 milliseconds in repetition 94
Round trip time was 32.696 milliseconds in repetition 95
Round trip time was 33.007 milliseconds in repetition 96
Round trip time was 32.981 milliseconds in repetition 97
Round trip time was 32.742 milliseconds in repetition 98
Round trip time was 33.013 milliseconds in repetition 99
Round trip time was 33.010 milliseconds in repetition 100
Round trip time was 32.441 milliseconds in repetition 101
Round trip time was 33.537 milliseconds in repetition 102
Round trip time was 32.763 milliseconds in repetition 103
Round trip time was 32.764 milliseconds in repetition 104
Round trip time was 33.268 milliseconds in repetition 105
Round trip time was 32.898 milliseconds in repetition 106
Round trip time was 32.571 milliseconds in repetition 107
Round trip time was 32.824 milliseconds in repetition 108
Round trip time was 33.432 milliseconds in repetition 109
Round trip time was 32.880 milliseconds in repetition 110
Round trip time was 33.134 milliseconds in repetition 111
Round trip time was 33.101 milliseconds in repetition 112
Round trip time was 32.689 milliseconds in repetition 113
Round trip time was 32.982 milliseconds in repetition 114
Round trip time was 32.466 milliseconds in repetition 115
Round trip time was 32.992 milliseconds in repetition 116
Round trip time was 32.509 milliseconds in repetition 117
Round trip time was 32.742 milliseconds in repetition 118
Round trip time was 33.234 milliseconds in repetition 119
Round trip time was 32.727 milliseconds in repetition 120
Round trip time was 32.710 milliseconds in repetition 121
Round trip time was 33.794 milliseconds in repetition 122
Round trip time was 33.371 milliseconds in repetition 123
Round trip time was 33.016 milliseconds in repetition 124
Round trip time was 33.197 milliseconds in repetition 125
Round trip time was 32.720 milliseconds in repetition 126
Round trip time was 32.737 milliseconds in repetition 127
Round trip time was 32.414 milliseconds in repetition 128
Round trip time was 32.805 milliseconds in repetition 129
Round trip time was 32.993 milliseconds in repetition 130
Round trip time was 32.903 milliseconds in repetition 131
Round trip time was 32.851 milliseconds in repetition 132
Round trip time was 33.203 milliseconds in repetition 133
Round trip time was 32.976 milliseconds in repetition 134
Round trip time was 33.000 milliseconds in repetition 135
Round trip time was 32.818 milliseconds in repetition 136
Round trip time was 33.879 milliseconds in repetition 137
Round trip time was 32.807 milliseconds in repetition 138
Round trip time was 32.775 milliseconds in repetition 139
Round trip time was 32.759 milliseconds in repetition 140
Round trip time was 32.963 milliseconds in repetition 141
Round trip time was 32.782 milliseconds in repetition 142
Round trip time was 32.886 milliseconds in repetition 143
Round trip time was 33.026 milliseconds in repetition 144
Round trip time was 32.542 milliseconds in repetition 145
Round trip time was 32.418 milliseconds in repetition 146
Round trip time was 32.814 milliseconds in repetition 147
Round trip time was 32.718 milliseconds in repetition 148
Round trip time was 32.901 milliseconds in repetition 149
Round trip time was 33.122 milliseconds in repetition 150
Round trip time was 32.569 milliseconds in repetition 151

 ... clock resolution was 1e-06
UDP Ping:  Statistics over 151 repetitions of 8192 byte messages

RTT : percentile 10: 32.5972, median: 32.9223, percentile 90: 37.9952, average: 33.8679, variance: 16.6272

RTT histogram:
32.263677 124
34.574580 7
36.885484 6
39.196388 13
41.507292 0
43.818196 0
46.129100 0
48.440004 0
50.750908 0
53.061812 0
55.372716 0
57.683620 0
59.994524 0
62.305428 0
64.616332 0
66.927236 0
69.238140 0
71.549044 0
73.859948 0
76.170852 0
78.481755 1
   median Throughput : 497.656 KB/s   overall Throughput : 483.762 KB/s

