UDP Ping trying to connect to server webdev.disi.unige.it (130.251.61.30) on TCP port 1491
 ... connected to Pong server: asking for 151 repetitions of 256 _bytes UDP messages
 ... Pong server agreed to ping-pong using port 62831 :-)
Round trip time was 29.678 milliseconds in repetition 1
Round trip time was 27.608 milliseconds in repetition 2
Round trip time was 27.757 milliseconds in repetition 3
Round trip time was 27.717 milliseconds in repetition 4
Round trip time was 28.043 milliseconds in repetition 5
Round trip time was 27.513 milliseconds in repetition 6
Round trip time was 27.171 milliseconds in repetition 7
Round trip time was 27.793 milliseconds in repetition 8
Round trip time was 27.501 milliseconds in repetition 9
Round trip time was 27.248 milliseconds in repetition 10
Round trip time was 27.462 milliseconds in repetition 11
Round trip time was 27.697 milliseconds in repetition 12
Round trip time was 27.236 milliseconds in repetition 13
Round trip time was 27.806 milliseconds in repetition 14
Round trip time was 27.396 milliseconds in repetition 15
Round trip time was 27.603 milliseconds in repetition 16
Round trip time was 27.425 milliseconds in repetition 17
Round trip time was 27.239 milliseconds in repetition 18
Round trip time was 27.766 milliseconds in repetition 19
Round trip time was 26.971 milliseconds in repetition 20
Round trip time was 26.825 milliseconds in repetition 21
Round trip time was 26.904 milliseconds in repetition 22
Round trip time was 26.738 milliseconds in repetition 23
Round trip time was 26.826 milliseconds in repetition 24
Round trip time was 28.950 milliseconds in repetition 25
Round trip time was 27.170 milliseconds in repetition 26
Round trip time was 26.796 milliseconds in repetition 27
Round trip time was 26.927 milliseconds in repetition 28
Round trip time was 26.752 milliseconds in repetition 29
Round trip time was 27.707 milliseconds in repetition 30
Round trip time was 26.815 milliseconds in repetition 31
Round trip time was 26.702 milliseconds in repetition 32
Round trip time was 27.240 milliseconds in repetition 33
Round trip time was 26.994 milliseconds in repetition 34
Round trip time was 26.323 milliseconds in repetition 35
Round trip time was 26.144 milliseconds in repetition 36
Round trip time was 26.694 milliseconds in repetition 37
Round trip time was 26.756 milliseconds in repetition 38
Round trip time was 26.497 milliseconds in repetition 39
Round trip time was 26.789 milliseconds in repetition 40
Round trip time was 27.003 milliseconds in repetition 41
Round trip time was 27.459 milliseconds in repetition 42
Round trip time was 26.956 milliseconds in repetition 43
Round trip time was 26.725 milliseconds in repetition 44
Round trip time was 26.287 milliseconds in repetition 45
Round trip time was 27.234 milliseconds in repetition 46
Round trip time was 27.004 milliseconds in repetition 47
Round trip time was 26.487 milliseconds in repetition 48
Round trip time was 26.696 milliseconds in repetition 49
Round trip time was 26.744 milliseconds in repetition 50
Round trip time was 27.013 milliseconds in repetition 51
Round trip time was 26.962 milliseconds in repetition 52
Round trip time was 26.507 milliseconds in repetition 53
Round trip time was 26.667 milliseconds in repetition 54
Round trip time was 26.307 milliseconds in repetition 55
Round trip time was 26.473 milliseconds in repetition 56
Round trip time was 26.458 milliseconds in repetition 57
Round trip time was 26.482 milliseconds in repetition 58
Round trip time was 26.781 milliseconds in repetition 59
Round trip time was 27.119 milliseconds in repetition 60
Round trip time was 26.497 milliseconds in repetition 61
Round trip time was 26.520 milliseconds in repetition 62
Round trip time was 26.694 milliseconds in repetition 63
Round trip time was 27.245 milliseconds in repetition 64
Round trip time was 26.990 milliseconds in repetition 65
Round trip time was 26.791 milliseconds in repetition 66
Round trip time was 26.456 milliseconds in repetition 67
Round trip time was 26.398 milliseconds in repetition 68
Round trip time was 26.331 milliseconds in repetition 69
Round trip time was 26.471 milliseconds in repetition 70
Round trip time was 26.786 milliseconds in repetition 71
Round trip time was 26.704 milliseconds in repetition 72
Round trip time was 26.480 milliseconds in repetition 73
Round trip time was 26.809 milliseconds in repetition 74
Round trip time was 26.704 milliseconds in repetition 75
Round trip time was 26.496 milliseconds in repetition 76
Round trip time was 26.788 milliseconds in repetition 77
Round trip time was 26.505 milliseconds in repetition 78
Round trip time was 26.468 milliseconds in repetition 79
Round trip time was 26.549 milliseconds in repetition 80
Round trip time was 26.693 milliseconds in repetition 81
Round trip time was 27.230 milliseconds in repetition 82
Round trip time was 26.400 milliseconds in repetition 83
Round trip time was 26.743 milliseconds in repetition 84
Round trip time was 26.865 milliseconds in repetition 85
Round trip time was 26.744 milliseconds in repetition 86
Round trip time was 26.877 milliseconds in repetition 87
Round trip time was 26.788 milliseconds in repetition 88
Round trip time was 26.992 milliseconds in repetition 89
Round trip time was 26.738 milliseconds in repetition 90
Round trip time was 26.696 milliseconds in repetition 91
Round trip time was 26.529 milliseconds in repetition 92
Round trip time was 26.607 milliseconds in repetition 93
Round trip time was 26.745 milliseconds in repetition 94
Round trip time was 26.734 milliseconds in repetition 95
Round trip time was 27.003 milliseconds in repetition 96
Round trip time was 26.712 milliseconds in repetition 97
Round trip time was 26.817 milliseconds in repetition 98
Round trip time was 27.006 milliseconds in repetition 99
Round trip time was 26.927 milliseconds in repetition 100
Round trip time was 26.323 milliseconds in repetition 101
Round trip time was 26.603 milliseconds in repetition 102
Round trip time was 26.182 milliseconds in repetition 103
Round trip time was 26.757 milliseconds in repetition 104
Round trip time was 26.503 milliseconds in repetition 105
Round trip time was 26.901 milliseconds in repetition 106
Round trip time was 26.918 milliseconds in repetition 107
Round trip time was 26.932 milliseconds in repetition 108
Round trip time was 26.744 milliseconds in repetition 109
Round trip time was 26.696 milliseconds in repetition 110
Round trip time was 26.496 milliseconds in repetition 111
Round trip time was 26.468 milliseconds in repetition 112
Round trip time was 26.811 milliseconds in repetition 113
Round trip time was 26.654 milliseconds in repetition 114
Round trip time was 27.236 milliseconds in repetition 115
Round trip time was 26.950 milliseconds in repetition 116
Round trip time was 26.792 milliseconds in repetition 117
Round trip time was 26.666 milliseconds in repetition 118
Round trip time was 26.962 milliseconds in repetition 119
Round trip time was 26.508 milliseconds in repetition 120
Round trip time was 26.727 milliseconds in repetition 121
Round trip time was 26.510 milliseconds in repetition 122
Round trip time was 26.983 milliseconds in repetition 123
Round trip time was 26.459 milliseconds in repetition 124
Round trip time was 26.243 milliseconds in repetition 125
Round trip time was 26.461 milliseconds in repetition 126
Round trip time was 26.805 milliseconds in repetition 127
Round trip time was 26.942 milliseconds in repetition 128
Round trip time was 26.804 milliseconds in repetition 129
Round trip time was 27.049 milliseconds in repetition 130
Round trip time was 26.393 milliseconds in repetition 131
Round trip time was 26.705 milliseconds in repetition 132
Round trip time was 26.450 milliseconds in repetition 133
Round trip time was 26.738 milliseconds in repetition 134
Round trip time was 27.431 milliseconds in repetition 135
Round trip time was 26.875 milliseconds in repetition 136
Round trip time was 26.675 milliseconds in repetition 137
Round trip time was 26.734 milliseconds in repetition 138
Round trip time was 26.462 milliseconds in repetition 139
Round trip time was 27.014 milliseconds in repetition 140
Round trip time was 26.554 milliseconds in repetition 141
Round trip time was 26.725 milliseconds in repetition 142
Round trip time was 28.483 milliseconds in repetition 143
Round trip time was 26.621 milliseconds in repetition 144
Round trip time was 26.788 milliseconds in repetition 145
Round trip time was 27.016 milliseconds in repetition 146
Round trip time was 26.278 milliseconds in repetition 147
Round trip time was 27.006 milliseconds in repetition 148
Round trip time was 27.692 milliseconds in repetition 149
Round trip time was 29.020 milliseconds in repetition 150
Round trip time was 26.523 milliseconds in repetition 151

 ... clock resolution was 1e-06
UDP Ping:  Statistics over 151 repetitions of 256 byte messages

RTT : percentile 10: 26.4589, median: 26.7877, percentile 90: 27.5131, average: 26.9029, variance: 0.271752

RTT histogram:
26.144351 2
26.321039 10
26.497726 27
26.674413 34
26.851100 26
27.027787 19
27.204474 11
27.381161 5
27.557848 4
27.734535 8
27.911222 0
28.087909 1
28.264596 0
28.441283 1
28.617970 0
28.794657 0
28.971344 2
29.148031 0
29.324718 0
29.501405 0
29.678092 1
   median Throughput : 19.1132 KB/s   overall Throughput : 19.0314 KB/s

